#
# A fatal error has been detected by the Java Runtime Environment:
#
#  Internal Error (0xc000000d), pid=18176, tid=9916
#
# JRE version: Java(TM) SE Runtime Environment (8.0_45-b15) (build 1.8.0_45-b15)
# Java VM: Java HotSpot(TM) 64-Bit Server VM (25.45-b02 mixed mode windows-amd64 compressed oops)
# Problematic frame:
# C  [ntdll.dll+0x108b00]
#
# Failed to write core dump. Minidumps are not enabled by default on client versions of Windows
#
# If you would like to submit a bug report, please visit:
#   http://bugreport.java.com/bugreport/crash.jsp
#

---------------  T H R E A D  ---------------

Current thread (0x0000000013cf8000):  VMThread [stack: 0x0000000014d90000,0x0000000014e90000] [id=9916]

siginfo: ExceptionCode=0xc000000d

Registers:
RAX=0x0000000013c05400, RBX=0xfffffffffffffffe, RCX=0x0000000014e8eca0, RDX=0x0000000073f19494
RSP=0x0000000014e8f1a0, RBP=0x00007ff88b3d7408, RSI=0x0000000000000000, RDI=0x00000000000005f8
R8 =0x00000000029c7a70, R9 =0x00000000029c56d0, R10=0x00007ff89e150cef, R11=0x000000001aa3f590
R12=0x00000000264a37b0, R13=0x00000000005f27d0, R14=0x00000000264a38b8, R15=0x0000000014e8f318
RIP=0x00007ff89e218b00, EFLAGS=0x0000000000000206

Top of Stack: (sp=0x0000000014e8f1a0)
0x0000000014e8f1a0:   0000000000000057 fffffffffffffffe
0x0000000014e8f1b0:   0000000000000000 00000000000005f8
0x0000000014e8f1c0:   00000000c000000d 0000000000000000
0x0000000014e8f1d0:   00007ff89e218b00 0000000000000000
0x0000000014e8f1e0:   0000000000000000 0000000000000000
0x0000000014e8f1f0:   0000000000000000 0000000000000000
0x0000000014e8f200:   0000000000000000 0000000000000000
0x0000000014e8f210:   0000000000000000 0000000000000000
0x0000000014e8f220:   0000000000000000 0000000000000000
0x0000000014e8f230:   0000000000000000 0000000000000000
0x0000000014e8f240:   0000000000000000 0000000000000000
0x0000000014e8f250:   0000000000000000 0000000000000000
0x0000000014e8f260:   0000f8432c5ce5f7 0000000000000000
0x0000000014e8f270:   0000000000000120 00007ff89e1c72cb
0x0000000014e8f280:   0000000000000002 0000000000000013
0x0000000014e8f290:   0000000000000000 0000000000000000 

Instructions: (pc=0x00007ff89e218b00)
0x00007ff89e218ae0:   7f f9 ff c7 44 24 20 0d 00 00 c0 b9 57 00 00 00
0x00007ff89e218af0:   e8 6b e5 f3 ff 90 48 8d 4c 24 20 e8 b0 c4 ef ff
0x00007ff89e218b00:   eb 00 48 8b 8c 24 c0 00 00 00 48 33 cc e8 ee 1a
0x00007ff89e218b10:   f8 ff 48 81 c4 d8 00 00 00 c3 40 55 48 83 ec 20 


Register to memory mapping:

RAX=0x0000000013c05400 is an unknown value
RBX=0xfffffffffffffffe is an unknown value
RCX=0x0000000014e8eca0 is an unknown value
RDX=0x0000000073f19494 is an unknown value
RSP=0x0000000014e8f1a0 is an unknown value
RBP=0x00007ff88b3d7408 is an unknown value
RSI=0x0000000000000000 is an unknown value
RDI=0x00000000000005f8 is an unknown value
R8 =0x00000000029c7a70 is at code_begin+1456 in an Interpreter codelet
invoke return entry points  [0x00000000029c74c0, 0x00000000029c7dc0]  2304 bytes
R9 =0x00000000029c56d0 is at code_begin+-80 in 
[CodeBlob (0x00000000029c56d0)]
Framesize: 0
BufferBlob (0x00000000029c56d0) used for Interpreter
R10=0x00007ff89e150cef is an unknown value
R11=0x000000001aa3f590 is an unknown value
R12=0x00000000264a37b0 is an unknown value
R13=0x00000000005f27d0 is an unknown value
R14=0x00000000264a38b8 is an unknown value
R15=0x0000000014e8f318 is an unknown value


Stack: [0x0000000014d90000,0x0000000014e90000],  sp=0x0000000014e8f1a0,  free space=1020k
Native frames: (J=compiled Java code, j=interpreted, Vv=VM code, C=native code)
C  [ntdll.dll+0x108b00]
C  [ntdll.dll+0xb72cb]
C  [KERNEL32.DLL+0x1e36a]
C  [MSVCR110.dll+0x752d]
C  [MSVCR110.dll+0x73c6]
C  [MSVCR110.dll+0x14cca]
C  [MSVCR110.dll+0x13edc]
C  [MSVCR110.dll+0x239e]
C  [MSVCR110.dll+0xaf9e]
C  [MSVCP110.dll+0x397b9]
C  [librdi_common.dll+0x14283e]
C  [librdi_common.dll+0x141449]
C  0x00007ff895332400
C  0x00007ff895332682
C  [ntdll.dll+0x34023]
C  [ntdll.dll+0x409d5]
C  [ntdll.dll+0x40898]
C  [KERNEL32.DLL+0x1b19a]
C  [MSVCR100.dll+0x20ccd]
V  [jvm.dll+0x20f135]
V  [jvm.dll+0x247ef7]
V  [jvm.dll+0x247196]
V  [jvm.dll+0x247631]
V  [jvm.dll+0x24784e]
V  [jvm.dll+0x29853a]
C  [MSVCR100.dll+0x21d9f]
C  [MSVCR100.dll+0x21e3b]
C  [KERNEL32.DLL+0x13034]
C  [ntdll.dll+0x71431]

VM_Operation (0x000000000014f500): Exit, mode: safepoint, requested by thread 0x00000000028c3800


---------------  P R O C E S S  ---------------

Java Threads: ( => current thread )
  0x000000001bc7f800 JavaThread "Spawner Reaper" daemon [_thread_in_native, id=9660, stack(0x000000004cf70000,0x000000004d070000)]
  0x0000000017aa5000 JavaThread "Thread-18" daemon [_thread_blocked, id=2304, stack(0x0000000027e70000,0x0000000027f70000)]
  0x000000001763c000 JavaThread "TCF Locator DNS Lookup" daemon [_thread_blocked, id=13732, stack(0x0000000023230000,0x0000000023330000)]
  0x000000001763b000 JavaThread "TCF Locator Timer" daemon [_thread_blocked, id=18032, stack(0x0000000023130000,0x0000000023230000)]
  0x0000000017634800 JavaThread "TCF Locator Receiver" daemon [_thread_in_native, id=16032, stack(0x0000000023030000,0x0000000023130000)]
  0x0000000017633800 JavaThread "TCF Timer Dispatcher" daemon [_thread_blocked, id=7216, stack(0x0000000022e30000,0x0000000022f30000)]
  0x000000001705d000 JavaThread "EMF Reference Cleaner" daemon [_thread_blocked, id=19256, stack(0x0000000018ca0000,0x0000000018da0000)]
  0x0000000015111000 JavaThread "Service Thread" daemon [_thread_blocked, id=20204, stack(0x0000000015990000,0x0000000015a90000)]
  0x00000000150fb000 JavaThread "C1 CompilerThread2" daemon [_thread_blocked, id=12704, stack(0x0000000015890000,0x0000000015990000)]
  0x00000000150e7800 JavaThread "C2 CompilerThread1" daemon [_thread_blocked, id=20372, stack(0x0000000015790000,0x0000000015890000)]
  0x0000000013d4f000 JavaThread "C2 CompilerThread0" daemon [_thread_blocked, id=16700, stack(0x0000000015690000,0x0000000015790000)]
  0x0000000013d42800 JavaThread "Attach Listener" daemon [_thread_blocked, id=5168, stack(0x0000000015590000,0x0000000015690000)]
  0x00000000150d3800 JavaThread "Signal Dispatcher" daemon [_thread_blocked, id=9288, stack(0x0000000015490000,0x0000000015590000)]
  0x00000000029b8800 JavaThread "Finalizer" daemon [_thread_blocked, id=10456, stack(0x0000000014f90000,0x0000000015090000)]
  0x00000000029b0000 JavaThread "Reference Handler" daemon [_thread_blocked, id=1904, stack(0x0000000014e90000,0x0000000014f90000)]
  0x00000000028c3800 JavaThread "main" [_thread_blocked, id=7492, stack(0x0000000000050000,0x0000000000150000)]

Other Threads:
=>0x0000000013cf8000 VMThread [stack: 0x0000000014d90000,0x0000000014e90000] [id=9916]

VM state:at safepoint (shutting down)

VM Mutex/Monitor currently owned by a thread:  ([mutex/lock_event])
[0x00000000028c0650] Threads_lock - owner thread: 0x0000000013cf8000

Heap:
 PSYoungGen      total 76288K, used 32131K [0x00000000f5580000, 0x00000000fb300000, 0x0000000100000000)
  eden space 60928K, 35% used [0x00000000f5580000,0x00000000f6ad0148,0x00000000f9100000)
  from space 15360K, 67% used [0x00000000fa400000,0x00000000fae10d80,0x00000000fb300000)
  to   space 17408K, 0% used [0x00000000f9100000,0x00000000f9100000,0x00000000fa200000)
 ParOldGen       total 103424K, used 61188K [0x00000000e0000000, 0x00000000e6500000, 0x00000000f5580000)
  object space 103424K, 59% used [0x00000000e0000000,0x00000000e3bc1328,0x00000000e6500000)
 Metaspace       used 98247K, capacity 104924K, committed 105216K, reserved 1140736K
  class space    used 11800K, capacity 13968K, committed 14080K, reserved 1048576K

Card table byte_map: [0x0000000011d80000,0x0000000011e90000] byte_map_base: 0x0000000011680000

Marking Bits: (ParMarkBitMap*) 0x0000000074514040
 Begin Bits: [0x0000000012290000, 0x0000000012a90000)
 End Bits:   [0x0000000012a90000, 0x0000000013290000)

Polling page: 0x0000000002130000

CodeCache: size=245760Kb used=59209Kb max_used=59516Kb free=186550Kb
 bounds [0x00000000029c0000, 0x0000000006450000, 0x00000000119c0000]
 total_blobs=16310 nmethods=15423 adapters=792
 compilation: enabled

Compilation events (10 events):
Event: 1843.642 Thread 0x00000000150fb000 19721       3       org.eclipse.osgi.framework.internal.core.BundleHost::refresh (83 bytes)
Event: 1843.643 Thread 0x00000000150fb000 nmethod 19721 0x000000000316a4d0 code [0x000000000316a720, 0x000000000316b4f8]
Event: 1843.645 Thread 0x00000000150fb000 19722       3       org.eclipse.osgi.internal.loader.BundleLoader::closeBundleLoader (38 bytes)
Event: 1843.646 Thread 0x00000000150fb000 nmethod 19722 0x0000000003552510 code [0x00000000035526a0, 0x0000000003552b08]
Event: 1843.719 Thread 0x00000000150fb000 19724       3       org.eclipse.osgi.baseadaptor.bundlefile.MRUBundleFileList::removeInternal (37 bytes)
Event: 1843.719 Thread 0x00000000150fb000 nmethod 19724 0x0000000003587890 code [0x0000000003587a00, 0x0000000003587e70]
Event: 1844.264 Thread 0x00000000150fb000 19726   !   3       org.eclipse.osgi.internal.baseadaptor.BaseStorage::compact (215 bytes)
Event: 1844.268 Thread 0x00000000150fb000 nmethod 19726 0x0000000004d55810 code [0x0000000004d55c60, 0x0000000004d58128]
Event: 1844.649 Thread 0x00000000150fb000 19727       3       org.eclipse.osgi.framework.internal.core.AbstractBundle::close (52 bytes)
Event: 1844.651 Thread 0x00000000150fb000 nmethod 19727 0x000000000409ca50 code [0x000000000409cc80, 0x000000000409d988]

GC Heap History (10 events):
Event: 1188.663 GC heap before
{Heap before GC invocations=46 (full 8):
 PSYoungGen      total 80384K, used 79881K [0x00000000f5580000, 0x00000000fba80000, 0x0000000100000000)
  eden space 68608K, 100% used [0x00000000f5580000,0x00000000f9880000,0x00000000f9880000)
  from space 11776K, 95% used [0x00000000f9a00000,0x00000000fa502488,0x00000000fa580000)
  to   space 17408K, 0% used [0x00000000fa980000,0x00000000fa980000,0x00000000fba80000)
 ParOldGen       total 103424K, used 60191K [0x00000000e0000000, 0x00000000e6500000, 0x00000000f5580000)
  object space 103424K, 58% used [0x00000000e0000000,0x00000000e3ac7d28,0x00000000e6500000)
 Metaspace       used 97104K, capacity 103888K, committed 104320K, reserved 1140736K
  class space    used 11716K, capacity 13838K, committed 13952K, reserved 1048576K
Event: 1188.676 GC heap after
Heap after GC invocations=46 (full 8):
 PSYoungGen      total 82944K, used 12373K [0x00000000f5580000, 0x00000000fb900000, 0x0000000100000000)
  eden space 67072K, 0% used [0x00000000f5580000,0x00000000f5580000,0x00000000f9700000)
  from space 15872K, 77% used [0x00000000fa980000,0x00000000fb595658,0x00000000fb900000)
  to   space 17408K, 0% used [0x00000000f9700000,0x00000000f9700000,0x00000000fa800000)
 ParOldGen       total 103424K, used 60199K [0x00000000e0000000, 0x00000000e6500000, 0x00000000f5580000)
  object space 103424K, 58% used [0x00000000e0000000,0x00000000e3ac9d28,0x00000000e6500000)
 Metaspace       used 97104K, capacity 103888K, committed 104320K, reserved 1140736K
  class space    used 11716K, capacity 13838K, committed 13952K, reserved 1048576K
}
Event: 1199.404 GC heap before
{Heap before GC invocations=47 (full 8):
 PSYoungGen      total 82944K, used 79445K [0x00000000f5580000, 0x00000000fb900000, 0x0000000100000000)
  eden space 67072K, 100% used [0x00000000f5580000,0x00000000f9700000,0x00000000f9700000)
  from space 15872K, 77% used [0x00000000fa980000,0x00000000fb595658,0x00000000fb900000)
  to   space 17408K, 0% used [0x00000000f9700000,0x00000000f9700000,0x00000000fa800000)
 ParOldGen       total 103424K, used 60199K [0x00000000e0000000, 0x00000000e6500000, 0x00000000f5580000)
  object space 103424K, 58% used [0x00000000e0000000,0x00000000e3ac9d28,0x00000000e6500000)
 Metaspace       used 97258K, capacity 104016K, committed 104320K, reserved 1140736K
  class space    used 11716K, capacity 13838K, committed 13952K, reserved 1048576K
Event: 1199.430 GC heap after
Heap after GC invocations=47 (full 8):
 PSYoungGen      total 76800K, used 11189K [0x00000000f5580000, 0x00000000fb780000, 0x0000000100000000)
  eden space 65536K, 0% used [0x00000000f5580000,0x00000000f5580000,0x00000000f9580000)
  from space 11264K, 99% used [0x00000000f9700000,0x00000000fa1ed478,0x00000000fa200000)
  to   space 17408K, 0% used [0x00000000fa680000,0x00000000fa680000,0x00000000fb780000)
 ParOldGen       total 103424K, used 60207K [0x00000000e0000000, 0x00000000e6500000, 0x00000000f5580000)
  object space 103424K, 58% used [0x00000000e0000000,0x00000000e3acbd28,0x00000000e6500000)
 Metaspace       used 97258K, capacity 104016K, committed 104320K, reserved 1140736K
  class space    used 11716K, capacity 13838K, committed 13952K, reserved 1048576K
}
Event: 1222.758 GC heap before
{Heap before GC invocations=48 (full 8):
 PSYoungGen      total 76800K, used 76725K [0x00000000f5580000, 0x00000000fb780000, 0x0000000100000000)
  eden space 65536K, 100% used [0x00000000f5580000,0x00000000f9580000,0x00000000f9580000)
  from space 11264K, 99% used [0x00000000f9700000,0x00000000fa1ed478,0x00000000fa200000)
  to   space 17408K, 0% used [0x00000000fa680000,0x00000000fa680000,0x00000000fb780000)
 ParOldGen       total 103424K, used 60207K [0x00000000e0000000, 0x00000000e6500000, 0x00000000f5580000)
  object space 103424K, 58% used [0x00000000e0000000,0x00000000e3acbd28,0x00000000e6500000)
 Metaspace       used 97325K, capacity 104016K, committed 104320K, reserved 1140736K
  class space    used 11716K, capacity 13838K, committed 13952K, reserved 1048576K
Event: 1222.772 GC heap after
Heap after GC invocations=48 (full 8):
 PSYoungGen      total 79872K, used 12722K [0x00000000f5580000, 0x00000000fb600000, 0x0000000100000000)
  eden space 64000K, 0% used [0x00000000f5580000,0x00000000f5580000,0x00000000f9400000)
  from space 15872K, 80% used [0x00000000fa680000,0x00000000fb2ecad0,0x00000000fb600000)
  to   space 17408K, 0% used [0x00000000f9400000,0x00000000f9400000,0x00000000fa500000)
 ParOldGen       total 103424K, used 60215K [0x00000000e0000000, 0x00000000e6500000, 0x00000000f5580000)
  object space 103424K, 58% used [0x00000000e0000000,0x00000000e3acdd28,0x00000000e6500000)
 Metaspace       used 97325K, capacity 104016K, committed 104320K, reserved 1140736K
  class space    used 11716K, capacity 13838K, committed 13952K, reserved 1048576K
}
Event: 1506.664 GC heap before
{Heap before GC invocations=49 (full 8):
 PSYoungGen      total 79872K, used 76722K [0x00000000f5580000, 0x00000000fb600000, 0x0000000100000000)
  eden space 64000K, 100% used [0x00000000f5580000,0x00000000f9400000,0x00000000f9400000)
  from space 15872K, 80% used [0x00000000fa680000,0x00000000fb2ecad0,0x00000000fb600000)
  to   space 17408K, 0% used [0x00000000f9400000,0x00000000f9400000,0x00000000fa500000)
 ParOldGen       total 103424K, used 60215K [0x00000000e0000000, 0x00000000e6500000, 0x00000000f5580000)
  object space 103424K, 58% used [0x00000000e0000000,0x00000000e3acdd28,0x00000000e6500000)
 Metaspace       used 97546K, capacity 104240K, committed 104576K, reserved 1140736K
  class space    used 11733K, capacity 13870K, committed 13952K, reserved 1048576K
Event: 1506.702 GC heap after
Heap after GC invocations=49 (full 8):
 PSYoungGen      total 76288K, used 13497K [0x00000000f5580000, 0x00000000fb580000, 0x0000000100000000)
  eden space 62464K, 0% used [0x00000000f5580000,0x00000000f5580000,0x00000000f9280000)
  from space 13824K, 97% used [0x00000000f9400000,0x00000000fa12e468,0x00000000fa180000)
  to   space 17920K, 0% used [0x00000000fa400000,0x00000000fa400000,0x00000000fb580000)
 ParOldGen       total 103424K, used 60223K [0x00000000e0000000, 0x00000000e6500000, 0x00000000f5580000)
  object space 103424K, 58% used [0x00000000e0000000,0x00000000e3acfd28,0x00000000e6500000)
 Metaspace       used 97546K, capacity 104240K, committed 104576K, reserved 1140736K
  class space    used 11733K, capacity 13870K, committed 13952K, reserved 1048576K
}
Event: 1841.188 GC heap before
{Heap before GC invocations=50 (full 8):
 PSYoungGen      total 76288K, used 75961K [0x00000000f5580000, 0x00000000fb580000, 0x0000000100000000)
  eden space 62464K, 100% used [0x00000000f5580000,0x00000000f9280000,0x00000000f9280000)
  from space 13824K, 97% used [0x00000000f9400000,0x00000000fa12e468,0x00000000fa180000)
  to   space 17920K, 0% used [0x00000000fa400000,0x00000000fa400000,0x00000000fb580000)
 ParOldGen       total 103424K, used 60223K [0x00000000e0000000, 0x00000000e6500000, 0x00000000f5580000)
  object space 103424K, 58% used [0x00000000e0000000,0x00000000e3acfd28,0x00000000e6500000)
 Metaspace       used 97779K, capacity 104400K, committed 104576K, reserved 1140736K
  class space    used 11757K, capacity 13902K, committed 13952K, reserved 1048576K
Event: 1841.254 GC heap after
Heap after GC invocations=50 (full 8):
 PSYoungGen      total 76288K, used 10307K [0x00000000f5580000, 0x00000000fb300000, 0x0000000100000000)
  eden space 60928K, 0% used [0x00000000f5580000,0x00000000f5580000,0x00000000f9100000)
  from space 15360K, 67% used [0x00000000fa400000,0x00000000fae10d80,0x00000000fb300000)
  to   space 17408K, 0% used [0x00000000f9100000,0x00000000f9100000,0x00000000fa200000)
 ParOldGen       total 103424K, used 61188K [0x00000000e0000000, 0x00000000e6500000, 0x00000000f5580000)
  object space 103424K, 59% used [0x00000000e0000000,0x00000000e3bc1328,0x00000000e6500000)
 Metaspace       used 97779K, capacity 104400K, committed 104576K, reserved 1140736K
  class space    used 11757K, capacity 13902K, committed 13952K, reserved 1048576K
}

Deoptimization events (10 events):
Event: 1843.477 Thread 0x0000000016962000 Uncommon trap: reason=unstable_if action=reinterpret pc=0x0000000005e2e990 method=org.eclipse.core.internal.jobs.WorkerPool.startJob(Lorg/eclipse/core/internal/jobs/Worker;)Lorg/eclipse/core/internal/jobs/InternalJob; @ 177
Event: 1843.477 Thread 0x00000000173a8000 Uncommon trap: reason=unstable_if action=reinterpret pc=0x0000000005e2e990 method=org.eclipse.core.internal.jobs.WorkerPool.startJob(Lorg/eclipse/core/internal/jobs/Worker;)Lorg/eclipse/core/internal/jobs/InternalJob; @ 177
Event: 1843.477 Thread 0x0000000016966000 Uncommon trap: reason=unstable_if action=reinterpret pc=0x0000000005e2e990 method=org.eclipse.core.internal.jobs.WorkerPool.startJob(Lorg/eclipse/core/internal/jobs/Worker;)Lorg/eclipse/core/internal/jobs/InternalJob; @ 177
Event: 1843.477 Thread 0x000000001bc80000 Uncommon trap: reason=unstable_if action=reinterpret pc=0x0000000005e2e990 method=org.eclipse.core.internal.jobs.WorkerPool.startJob(Lorg/eclipse/core/internal/jobs/Worker;)Lorg/eclipse/core/internal/jobs/InternalJob; @ 177
Event: 1843.477 Thread 0x000000001763f800 Uncommon trap: reason=unstable_if action=reinterpret pc=0x0000000005e2e990 method=org.eclipse.core.internal.jobs.WorkerPool.startJob(Lorg/eclipse/core/internal/jobs/Worker;)Lorg/eclipse/core/internal/jobs/InternalJob; @ 177
Event: 1843.477 Thread 0x0000000016967800 Uncommon trap: reason=unstable_if action=reinterpret pc=0x0000000005e2e990 method=org.eclipse.core.internal.jobs.WorkerPool.startJob(Lorg/eclipse/core/internal/jobs/Worker;)Lorg/eclipse/core/internal/jobs/InternalJob; @ 177
Event: 1843.477 Thread 0x0000000019cf6800 Uncommon trap: reason=unstable_if action=reinterpret pc=0x0000000005e2e990 method=org.eclipse.core.internal.jobs.WorkerPool.startJob(Lorg/eclipse/core/internal/jobs/Worker;)Lorg/eclipse/core/internal/jobs/InternalJob; @ 177
Event: 1843.477 Thread 0x000000001bc7b000 Uncommon trap: reason=unstable_if action=reinterpret pc=0x0000000005e2e990 method=org.eclipse.core.internal.jobs.WorkerPool.startJob(Lorg/eclipse/core/internal/jobs/Worker;)Lorg/eclipse/core/internal/jobs/InternalJob; @ 177
Event: 1843.496 Thread 0x00000000028c3800 Uncommon trap: reason=unstable_if action=reinterpret pc=0x0000000002d6e35c method=java.lang.ref.ReferenceQueue.poll()Ljava/lang/ref/Reference; @ 4
Event: 1844.651 Thread 0x00000000028c3800 Uncommon trap: reason=unstable_if action=reinterpret pc=0x00000000037d5090 method=sun.reflect.UnsafeStaticObjectFieldAccessorImpl.set(Ljava/lang/Object;Ljava/lang/Object;)V @ 13

Internal exceptions (10 events):
Event: 1841.494 Thread 0x00000000028c3800 Implicit null exception at 0x00000000054da5f2 to 0x00000000054de5f9
Event: 1841.669 Thread 0x00000000028c3800 Implicit null exception at 0x0000000003f4a885 to 0x0000000003f4ab55
Event: 1841.671 Thread 0x00000000028c3800 Implicit null exception at 0x0000000003d4c7e7 to 0x0000000003d4c889
Event: 1841.677 Thread 0x00000000028c3800 Implicit null exception at 0x0000000005fa0b1a to 0x0000000005fa0d1d
Event: 1842.381 Thread 0x0000000017aa8000 Exception <a 'java/lang/InterruptedException'> (0x00000000f65e4948) thrown at [C:\re\workspace\8-2-build-windows-amd64-cygwin\jdk8u45\3627\hotspot\src\share\vm\runtime\objectMonitor.cpp, line 1683]
Event: 1843.789 Thread 0x0000000016d56000 Exception <a 'java/lang/InterruptedException': sleep interrupted> (0x00000000f68a9b50) thrown at [C:\re\workspace\8-2-build-windows-amd64-cygwin\jdk8u45\3627\hotspot\src\share\vm\prims\jvm.cpp, line 3211]
Event: 1843.793 Thread 0x0000000019dbf000 Exception <a 'java/lang/InterruptedException'> (0x00000000f68be9c8) thrown at [C:\re\workspace\8-2-build-windows-amd64-cygwin\jdk8u45\3627\hotspot\src\share\vm\runtime\objectMonitor.cpp, line 1683]
Event: 1843.795 Thread 0x0000000016ece800 Exception <a 'java/lang/InterruptedException'> (0x00000000f68d75e8) thrown at [C:\re\workspace\8-2-build-windows-amd64-cygwin\jdk8u45\3627\hotspot\src\share\vm\runtime\objectMonitor.cpp, line 1683]
Event: 1844.650 Thread 0x0000000016994800 Exception <a 'java/lang/InterruptedException'> (0x00000000f68a9a68) thrown at [C:\re\workspace\8-2-build-windows-amd64-cygwin\jdk8u45\3627\hotspot\src\share\vm\runtime\objectMonitor.cpp, line 1683]
Event: 1844.651 Thread 0x00000000028c3800 Implicit null exception at 0x00000000037d4d77 to 0x00000000037d507d

Events (10 events):
Event: 1844.652 Thread 0x00000000028c3800 DEOPT UNPACKING pc=0x0000000002a0582a sp=0x000000000014ea38 mode 2
Event: 1844.653 Thread 0x00000000150fb000 flushing nmethod 0x0000000005d0a2d0
Event: 1844.653 Thread 0x0000000015413800 Thread exited: 0x0000000015413800
Event: 1844.659 loading class java/util/IdentityHashMap$KeyIterator
Event: 1844.662 loading class java/util/IdentityHashMap$IdentityHashMapIterator
Event: 1844.672 loading class java/util/IdentityHashMap$IdentityHashMapIterator done
Event: 1844.672 loading class java/util/IdentityHashMap$KeyIterator done
Event: 1844.673 Thread 0x000000001bc7b000 Thread added: 0x000000001bc7b000
Event: 1844.685 Thread 0x000000001bc7b000 Thread exited: 0x000000001bc7b000
Event: 1844.689 Executing VM operation: Exit


Dynamic libraries:
0x0000000000400000 - 0x000000000044f000 	C:\Xilinx\SDK\2015.4\eclipse\win64.o\eclipse.exe
0x00007ff89e110000 - 0x00007ff89e2f1000 	C:\WINDOWS\SYSTEM32\ntdll.dll
0x00007ff89bcd0000 - 0x00007ff89bd82000 	C:\WINDOWS\System32\KERNEL32.DLL
0x00007ff89af30000 - 0x00007ff89b1a3000 	C:\WINDOWS\System32\KERNELBASE.dll
0x00007ff89bd90000 - 0x00007ff89bf20000 	C:\WINDOWS\System32\USER32.dll
0x00007ff89a4e0000 - 0x00007ff89a500000 	C:\WINDOWS\System32\win32u.dll
0x00007ff89c0c0000 - 0x00007ff89c0e8000 	C:\WINDOWS\System32\GDI32.dll
0x00007ff89a680000 - 0x00007ff89a812000 	C:\WINDOWS\System32\gdi32full.dll
0x00007ff89b1b0000 - 0x00007ff89b24f000 	C:\WINDOWS\System32\msvcp_win.dll
0x00007ff89b4a0000 - 0x00007ff89b59a000 	C:\WINDOWS\System32\ucrtbase.dll
0x00007ff89da70000 - 0x00007ff89db0e000 	C:\WINDOWS\System32\msvcrt.dll
0x00007ff8891f0000 - 0x00007ff889459000 	C:\WINDOWS\WinSxS\amd64_microsoft.windows.common-controls_6595b64144ccf1df_6.0.17134.165_none_fb429645306569ac\COMCTL32.dll
0x00007ff89dc60000 - 0x00007ff89df83000 	C:\WINDOWS\System32\combase.dll
0x00007ff89db10000 - 0x00007ff89dc34000 	C:\WINDOWS\System32\RPCRT4.dll
0x00007ff89a500000 - 0x00007ff89a57a000 	C:\WINDOWS\System32\bcryptPrimitives.dll
0x00007ff89b710000 - 0x00007ff89b73d000 	C:\WINDOWS\System32\IMM32.DLL
0x0000000072000000 - 0x0000000072012000 	C:\Xilinx\SDK\2015.4\eclipse\win64.o\plugins\org.eclipse.equinox.launcher.win32.win32.x86_64_1.1.200.v20140116-2212\eclipse_1503.dll
0x00007ff89bf90000 - 0x00007ff89c031000 	C:\WINDOWS\System32\ADVAPI32.dll
0x00007ff89df90000 - 0x00007ff89dfeb000 	C:\WINDOWS\System32\sechost.dll
0x00007ff894a20000 - 0x00007ff894a2a000 	C:\WINDOWS\SYSTEM32\VERSION.dll
0x00007ff898810000 - 0x00007ff8988a8000 	C:\WINDOWS\system32\uxtheme.dll
0x00007ff89b9b0000 - 0x00007ff89bb25000 	C:\WINDOWS\System32\MSCTF.dll
0x00007ff89d990000 - 0x00007ff89da52000 	C:\WINDOWS\System32\OLEAUT32.dll
0x00007ff889460000 - 0x00007ff8894ab000 	C:\Program Files\Listary\ListaryHook64.dll
0x00007ff89b740000 - 0x00007ff89b891000 	C:\WINDOWS\System32\ole32.dll
0x00007ff89b950000 - 0x00007ff89b9a1000 	C:\WINDOWS\System32\SHLWAPI.dll
0x00007ff890d80000 - 0x00007ff890deb000 	C:\WINDOWS\SYSTEM32\OLEACC.dll
0x0000000073d10000 - 0x0000000074593000 	C:\Xilinx\SDK\2015.4\tps\win64\jre\bin\server\jvm.dll
0x00007ff89da60000 - 0x00007ff89da68000 	C:\WINDOWS\System32\PSAPI.DLL
0x00007ff87b8e0000 - 0x00007ff87b8e9000 	C:\WINDOWS\SYSTEM32\WSOCK32.dll
0x00007ff89bf20000 - 0x00007ff89bf8c000 	C:\WINDOWS\System32\WS2_32.dll
0x00007ff898410000 - 0x00007ff898433000 	C:\WINDOWS\SYSTEM32\WINMM.dll
0x0000000075a60000 - 0x0000000075b32000 	C:\WINDOWS\SYSTEM32\MSVCR100.dll
0x00007ff8983b0000 - 0x00007ff8983da000 	C:\WINDOWS\SYSTEM32\WINMMBASE.dll
0x00007ff89a630000 - 0x00007ff89a679000 	C:\WINDOWS\System32\cfgmgr32.dll
0x0000000076d90000 - 0x0000000076d9f000 	C:\Xilinx\SDK\2015.4\tps\win64\jre\bin\verify.dll
0x0000000076d60000 - 0x0000000076d89000 	C:\Xilinx\SDK\2015.4\tps\win64\jre\bin\java.dll
0x0000000076d40000 - 0x0000000076d56000 	C:\Xilinx\SDK\2015.4\tps\win64\jre\bin\zip.dll
0x00007ff89c540000 - 0x00007ff89d980000 	C:\WINDOWS\System32\SHELL32.dll
0x00007ff89b8a0000 - 0x00007ff89b949000 	C:\WINDOWS\System32\shcore.dll
0x00007ff89a820000 - 0x00007ff89af2d000 	C:\WINDOWS\System32\windows.storage.dll
0x00007ff89a4c0000 - 0x00007ff89a4d1000 	C:\WINDOWS\System32\kernel.appcore.dll
0x00007ff89a430000 - 0x00007ff89a44f000 	C:\WINDOWS\System32\profapi.dll
0x00007ff89a470000 - 0x00007ff89a4bc000 	C:\WINDOWS\System32\powrprof.dll
0x00007ff89a420000 - 0x00007ff89a42a000 	C:\WINDOWS\System32\FLTLIB.DLL
0x00007ff899e00000 - 0x00007ff899e17000 	C:\WINDOWS\SYSTEM32\CRYPTSP.dll
0x00007ff899820000 - 0x00007ff899853000 	C:\WINDOWS\system32\rsaenh.dll
0x00007ff899f20000 - 0x00007ff899f45000 	C:\WINDOWS\SYSTEM32\bcrypt.dll
0x00007ff89a350000 - 0x00007ff89a378000 	C:\WINDOWS\SYSTEM32\USERENV.dll
0x00007ff899df0000 - 0x00007ff899dfb000 	C:\WINDOWS\SYSTEM32\CRYPTBASE.dll
0x0000000076a40000 - 0x0000000076a5a000 	C:\Xilinx\SDK\2015.4\tps\win64\jre\bin\net.dll
0x00007ff899c40000 - 0x00007ff899ca6000 	C:\WINDOWS\system32\mswsock.dll
0x00007ff8999c0000 - 0x00007ff8999f8000 	C:\WINDOWS\SYSTEM32\IPHLPAPI.DLL
0x00007ff89b6a0000 - 0x00007ff89b6a8000 	C:\WINDOWS\System32\NSI.dll
0x00007ff890c20000 - 0x00007ff890c36000 	C:\WINDOWS\SYSTEM32\dhcpcsvc6.DLL
0x00007ff890cd0000 - 0x00007ff890cea000 	C:\WINDOWS\SYSTEM32\dhcpcsvc.DLL
0x0000000076a20000 - 0x0000000076a31000 	C:\Xilinx\SDK\2015.4\tps\win64\jre\bin\nio.dll
0x00007ff893700000 - 0x00007ff893798000 	C:\WINDOWS\System32\TextInputFramework.dll
0x00007ff894c00000 - 0x00007ff894f1e000 	C:\WINDOWS\System32\CoreUIComponents.dll
0x00007ff899510000 - 0x00007ff899541000 	C:\WINDOWS\SYSTEM32\ntmarta.dll
0x00007ff8981e0000 - 0x00007ff8982ba000 	C:\WINDOWS\System32\CoreMessaging.dll
0x00007ff896420000 - 0x00007ff89656d000 	C:\WINDOWS\SYSTEM32\wintypes.dll
0x00007ff8988e0000 - 0x00007ff898909000 	C:\WINDOWS\system32\dwmapi.dll
0x00007ff8820c0000 - 0x00007ff8820d6000 	C:\WINDOWS\system32\napinsp.dll
0x00007ff8819b0000 - 0x00007ff8819ca000 	C:\WINDOWS\system32\pnrpnsp.dll
0x00007ff896ae0000 - 0x00007ff896af9000 	C:\WINDOWS\system32\NLAapi.dll
0x00007ff899a00000 - 0x00007ff899abe000 	C:\WINDOWS\SYSTEM32\DNSAPI.dll
0x00007ff881710000 - 0x00007ff88171e000 	C:\WINDOWS\System32\winrnr.dll
0x00007ff881450000 - 0x00007ff881465000 	C:\WINDOWS\System32\wshbth.dll
0x00007ff890bf0000 - 0x00007ff890bfa000 	C:\Windows\System32\rasadhlp.dll
0x00007ff8907b0000 - 0x00007ff890822000 	C:\WINDOWS\System32\fwpuclnt.dll
0x00000000189a0000 - 0x0000000018a48000 	C:\Users\yaris\.Xilinx\SDK\2015.4\org.eclipse.osgi\bundles\303\1\.cp\swt-win32-4335.dll
0x00007ff89dff0000 - 0x00007ff89e0dd000 	C:\WINDOWS\System32\comdlg32.dll
0x00007ff89b250000 - 0x00007ff89b432000 	C:\WINDOWS\System32\CRYPT32.dll
0x00007ff89a450000 - 0x00007ff89a462000 	C:\WINDOWS\System32\MSASN1.dll
0x00007ff890cf0000 - 0x00007ff890d74000 	C:\WINDOWS\SYSTEM32\WINSPOOL.DRV
0x00007ff890e90000 - 0x00007ff890ea9000 	C:\WINDOWS\SYSTEM32\USP10.dll
0x00007ff88c120000 - 0x00007ff88c46f000 	C:\WINDOWS\SYSTEM32\WININET.dll
0x00007ff898fa0000 - 0x00007ff899154000 	C:\WINDOWS\SYSTEM32\PROPSYS.dll
0x00007ff89b5a0000 - 0x00007ff89b640000 	C:\WINDOWS\System32\clbcatq.dll
0x0000000018a50000 - 0x0000000018a6e000 	C:\Users\yaris\.Xilinx\SDK\2015.4\org.eclipse.osgi\bundles\303\1\.cp\swt-gdip-win32-4335.dll
0x00007ff8943a0000 - 0x00007ff89453a000 	C:\WINDOWS\WinSxS\amd64_microsoft.windows.gdiplus_6595b64144ccf1df_1.1.17134.165_none_2c2d892a8af7e37a\gdiplus.dll
0x00007ff8956b0000 - 0x00007ff89585e000 	C:\WINDOWS\SYSTEM32\WindowsCodecs.dll
0x0000000180000000 - 0x0000000180012000 	C:\Users\yaris\.Xilinx\SDK\2015.4\org.eclipse.osgi\bundles\121\1\.cp\os\win32\x86_64\localfile_1_0_0.dll
0x00007ff895ff0000 - 0x00007ff896001000 	C:\Users\yaris\.Xilinx\SDK\2015.4\org.eclipse.osgi\bundles\124\1\.cp\jWinHttp-1.0.0.dll
0x00007ff896650000 - 0x00007ff89672c000 	C:\WINDOWS\SYSTEM32\WINHTTP.dll
0x00007ff889990000 - 0x00007ff8899e8000 	C:\WINDOWS\system32\dataexchange.dll
0x00007ff897ce0000 - 0x00007ff897e7c000 	C:\WINDOWS\system32\dcomp.dll
0x00007ff897590000 - 0x00007ff89789b000 	C:\WINDOWS\system32\d3d11.dll
0x00007ff8991e0000 - 0x00007ff89929b000 	C:\WINDOWS\system32\dxgi.dll
0x00007ff898940000 - 0x00007ff898af8000 	C:\WINDOWS\system32\twinapi.appcore.dll
0x00007ff898910000 - 0x00007ff898931000 	C:\WINDOWS\system32\RMCLIENT.dll
0x00007ff8816d0000 - 0x00007ff88170f000 	C:\WINDOWS\system32\mlang.dll
0x00007ff895fe0000 - 0x00007ff895fef000 	C:\Xilinx\SDK\2015.4\lib\win64.o\librdi_repo_manager.dll
0x00007ff891960000 - 0x00007ff89198a000 	C:\Xilinx\SDK\2015.4\lib\win64.o\libisl_sysinfo.dll
0x00007ff817f30000 - 0x00007ff8188bd000 	C:\Xilinx\SDK\2015.4\lib\win64.o\librdi_common.dll
0x00007ff8917f0000 - 0x00007ff891844000 	C:\Xilinx\SDK\2015.4\lib\win64.o\librdi_commonxillic.dll
0x00007ff8566e0000 - 0x00007ff8568cc000 	C:\Xilinx\SDK\2015.4\lib\win64.o\librdi_hsm.dll
0x00007ff893dd0000 - 0x00007ff893e77000 	C:\WINDOWS\SYSTEM32\MSVCP110.dll
0x00007ff88b3d0000 - 0x00007ff88b4a4000 	C:\WINDOWS\SYSTEM32\MSVCR110.dll
0x00007ff854240000 - 0x00007ff8545ae000 	C:\Xilinx\SDK\2015.4\lib\win64.o\libCOIN-all.dll
0x00007ff854ef0000 - 0x00007ff85510e000 	C:\Xilinx\SDK\2015.4\lib\win64.o\libXil_lmgr11.dll
0x00007ff89b440000 - 0x00007ff89b497000 	C:\WINDOWS\System32\WINTRUST.dll
0x00007ff895ce0000 - 0x00007ff895cf0000 	C:\Xilinx\SDK\2015.4\lib\win64.o\libboost_date_time.dll
0x00007ff86bf00000 - 0x00007ff86bf74000 	C:\Xilinx\SDK\2015.4\lib\win64.o\libboost_program_options.dll
0x00007ff88cb80000 - 0x00007ff88cba2000 	C:\Xilinx\SDK\2015.4\lib\win64.o\libboost_filesystem.dll
0x00007ff868d50000 - 0x00007ff868e4a000 	C:\Xilinx\SDK\2015.4\lib\win64.o\libboost_regex.dll
0x00007ff893b20000 - 0x00007ff893b33000 	C:\Xilinx\SDK\2015.4\lib\win64.o\libboost_signals.dll
0x00007ff893a40000 - 0x00007ff893a49000 	C:\Xilinx\SDK\2015.4\lib\win64.o\libboost_system.dll
0x00007ff893a30000 - 0x00007ff893a3b000 	C:\Xilinx\SDK\2015.4\lib\win64.o\libboost_xilinx.dll
0x00007ff869a80000 - 0x00007ff869b00000 	C:\Xilinx\SDK\2015.4\lib\win64.o\libhdlpsolve.dll
0x00007ff865fa0000 - 0x00007ff86603a000 	C:\Xilinx\SDK\2015.4\lib\win64.o\libhdxml.dll
0x00007ff820e40000 - 0x00007ff821274e00 	C:\Xilinx\SDK\2015.4\lib\win64.o\libisl_iostreams.dll
0x00007ff8939d0000 - 0x00007ff8939e5000 	C:\Xilinx\SDK\2015.4\lib\win64.o\pthreadVC2.dll
0x00007ff85c5b0000 - 0x00007ff85c6e0000 	C:\Xilinx\SDK\2015.4\lib\win64.o\librdi_curl.dll
0x00007ff8918c0000 - 0x00007ff8918d8000 	C:\Xilinx\SDK\2015.4\lib\win64.o\librdiconfig.dll
0x00007ff882020000 - 0x00007ff882043000 	C:\Xilinx\SDK\2015.4\lib\win64.o\librdizlib.dll
0x0000000075370000 - 0x0000000075497000 	C:\Xilinx\SDK\2015.4\lib\win64.o\tcl85t.dll
0x00007ff88c5e0000 - 0x00007ff88c5fd000 	C:\Xilinx\SDK\2015.4\lib\win64.o\libboost_thread.dll
0x00007ff85d430000 - 0x00007ff85d453000 	C:\WINDOWS\SYSTEM32\VCOMP110.DLL
0x00007ff890830000 - 0x00007ff8909f8000 	C:\WINDOWS\SYSTEM32\urlmon.dll
0x00007ff88a400000 - 0x00007ff88a417000 	C:\WINDOWS\SYSTEM32\NETAPI32.dll
0x00007ff881ee0000 - 0x00007ff881ef6000 	C:\Xilinx\SDK\2015.4\lib\win64.o\libboost_iostreams.dll
0x00007ff881eb0000 - 0x00007ff881ed3000 	C:\Xilinx\SDK\2015.4\lib\win64.o\libisl_iosutils.dll
0x00007ff8919a0000 - 0x00007ff8919ab000 	C:\Xilinx\SDK\2015.4\lib\win64.o\libboost_chrono.dll
0x00007ff88ddb0000 - 0x00007ff88e052000 	C:\WINDOWS\SYSTEM32\iertutil.dll
0x00007ff8515b0000 - 0x00007ff851805000 	C:\Xilinx\SDK\2015.4\lib\win64.o\librdi_ippcw.dll
0x00007ff869a30000 - 0x00007ff869a73000 	C:\Xilinx\SDK\2015.4\lib\win64.o\librdi_hdf.dll

VM Arguments:
jvm_args: -Dcom.xilinx.sdk.args.hwspec=C:/Users/yaris/Desktop/AXI_FIFO/AXI_FIFO.sdk/system_wrapper.hdf -Xms64m -Xmx512m & 
java_command: <unknown>
java_class_path (initial): C:\Xilinx\SDK\2015.4\eclipse\win64.o\\plugins/org.eclipse.equinox.launcher_1.3.0.v20130327-1440.jar
Launcher Type: generic

Environment Variables:
JAVA_HOME=C:\Program Files\Java\jdk1.8.0_131
CLASSPATH=.;C:\Program Files\Java\jdk1.8.0_131\lib;C:\Program Files\Java\jdk1.8.0_131\lib\dt.jar;C:\Program Files\Java\jdk1.8.0_131\lib\tools.jar;
USERNAME=yaris
OS=Windows_NT
PROCESSOR_IDENTIFIER=Intel64 Family 6 Model 60 Stepping 3, GenuineIntel



---------------  S Y S T E M  ---------------

OS: Windows 10.0 , 64 bit Build 17134 (10.0.17134.1)

CPU:total 4 (2 cores per cpu, 2 threads per core) family 6 model 60 stepping 3, cmov, cx8, fxsr, mmx, sse, sse2, sse3, ssse3, sse4.1, sse4.2, popcnt, avx, avx2, aes, clmul, erms, lzcnt, ht, tsc, tscinvbit, bmi1, bmi2

Memory: 4k page, physical 8275004k(552548k free), swap 17940460k(2416368k free)

vm_info: Java HotSpot(TM) 64-Bit Server VM (25.45-b02) for windows-amd64 JRE (1.8.0_45-b15), built on Apr 30 2015 12:40:44 by "java_re" with MS VC++ 10.0 (VS2010)

time: Mon Jul 30 14:11:15 2018
elapsed time: 1866 seconds (0d 0h 31m 6s)

