#
# A fatal error has been detected by the Java Runtime Environment:
#
#  Internal Error (0xc000000d), pid=8832, tid=14756
#
# JRE version: Java(TM) SE Runtime Environment (8.0_45-b15) (build 1.8.0_45-b15)
# Java VM: Java HotSpot(TM) 64-Bit Server VM (25.45-b02 mixed mode windows-amd64 compressed oops)
# Problematic frame:
# C  [ntdll.dll+0x108b00]
#
# Failed to write core dump. Minidumps are not enabled by default on client versions of Windows
#
# If you would like to submit a bug report, please visit:
#   http://bugreport.java.com/bugreport/crash.jsp
#

---------------  T H R E A D  ---------------

Current thread (0x0000000013dd8000):  VMThread [stack: 0x0000000014e70000,0x0000000014f70000] [id=14756]

siginfo: ExceptionCode=0xc000000d

Registers:
RAX=0x0000000000000000, RBX=0xfffffffffffffffe, RCX=0x000000000015179c, RDX=0x0000000300000020
RSP=0x0000000014f6f1a0, RBP=0x00007ff88b3d7408, RSI=0x0000000000000000, RDI=0x0000000000000fa8
R8 =0x0000000014f6f000, R9 =0x0000000000000070, R10=0x0000000000000000, R11=0x0000000000000000
R12=0x00000000005c0bd0, R13=0x00000000005ad430, R14=0x00000000005c0cd8, R15=0x0000000014f6f318
RIP=0x00007ff89e218b00, EFLAGS=0x0000000000000202

Top of Stack: (sp=0x0000000014f6f1a0)
0x0000000014f6f1a0:   0000000000000057 fffffffffffffffe
0x0000000014f6f1b0:   0000000000000000 0000000000000fa8
0x0000000014f6f1c0:   00000000c000000d 0000000000000000
0x0000000014f6f1d0:   00007ff89e218b00 0000000000000000
0x0000000014f6f1e0:   0000000000000000 0000000000000000
0x0000000014f6f1f0:   0000000000000000 0000000000000000
0x0000000014f6f200:   0000000000000000 0000000000000000
0x0000000014f6f210:   0000000000000000 0000000000000000
0x0000000014f6f220:   0000000000000000 0000000000000000
0x0000000014f6f230:   0000000000000000 0000000000000000
0x0000000014f6f240:   0000000000000000 0000000000000000
0x0000000014f6f250:   0000000000000000 00007ff800000000
0x0000000014f6f260:   0000839c2f513136 0000000000000000
0x0000000014f6f270:   0000000000000120 00007ff89e1c72cb
0x0000000014f6f280:   0000000000000002 0000000000000013
0x0000000014f6f290:   0000000000000000 0000000000000000 

Instructions: (pc=0x00007ff89e218b00)
0x00007ff89e218ae0:   7f f9 ff c7 44 24 20 0d 00 00 c0 b9 57 00 00 00
0x00007ff89e218af0:   e8 6b e5 f3 ff 90 48 8d 4c 24 20 e8 b0 c4 ef ff
0x00007ff89e218b00:   eb 00 48 8b 8c 24 c0 00 00 00 48 33 cc e8 ee 1a
0x00007ff89e218b10:   f8 ff 48 81 c4 d8 00 00 00 c3 40 55 48 83 ec 20 


Register to memory mapping:

RAX=0x0000000000000000 is an unknown value
RBX=0xfffffffffffffffe is an unknown value
RCX=0x000000000015179c is an unknown value
RDX=0x0000000300000020 is an unknown value
RSP=0x0000000014f6f1a0 is an unknown value
RBP=0x00007ff88b3d7408 is an unknown value
RSI=0x0000000000000000 is an unknown value
RDI=0x0000000000000fa8 is an unknown value
R8 =0x0000000014f6f000 is an unknown value
R9 =0x0000000000000070 is an unknown value
R10=0x0000000000000000 is an unknown value
R11=0x0000000000000000 is an unknown value
R12=0x00000000005c0bd0 is an unknown value
R13=0x00000000005ad430 is an unknown value
R14=0x00000000005c0cd8 is an unknown value
R15=0x0000000014f6f318 is an unknown value


Stack: [0x0000000014e70000,0x0000000014f70000],  sp=0x0000000014f6f1a0,  free space=1020k
Native frames: (J=compiled Java code, j=interpreted, Vv=VM code, C=native code)
C  [ntdll.dll+0x108b00]
C  [ntdll.dll+0xb72cb]
C  [KERNEL32.DLL+0x1e36a]
C  [MSVCR110.dll+0x752d]
C  [MSVCR110.dll+0x73c6]
C  [MSVCR110.dll+0x14cca]
C  [MSVCR110.dll+0x13edc]
C  [MSVCR110.dll+0x239e]
C  [MSVCR110.dll+0xaf9e]
C  [MSVCP110.dll+0x397b9]
C  [librdi_common.dll+0x14283e]
C  [librdi_common.dll+0x141449]
C  0x00007ff87f092400
C  0x00007ff87f092682
C  [ntdll.dll+0x34023]
C  [ntdll.dll+0x409d5]
C  [ntdll.dll+0x40898]
C  [KERNEL32.DLL+0x1b19a]
C  [MSVCR100.dll+0x20ccd]
V  [jvm.dll+0x20f135]
V  [jvm.dll+0x247ef7]
V  [jvm.dll+0x247196]
V  [jvm.dll+0x247631]
V  [jvm.dll+0x24784e]
V  [jvm.dll+0x29853a]
C  [MSVCR100.dll+0x21d9f]
C  [MSVCR100.dll+0x21e3b]
C  [KERNEL32.DLL+0x13034]
C  [ntdll.dll+0x71431]

VM_Operation (0x000000000014f500): Exit, mode: safepoint, requested by thread 0x00000000028f3800


---------------  P R O C E S S  ---------------

Java Threads: ( => current thread )
  0x000000001b1ae800 JavaThread "Thread-18" daemon [_thread_blocked, id=18972, stack(0x0000000026d90000,0x0000000026e90000)]
  0x000000001b250800 JavaThread "TCF Locator DNS Lookup" daemon [_thread_blocked, id=4956, stack(0x00000000225d0000,0x00000000226d0000)]
  0x000000001b24c000 JavaThread "TCF Locator Timer" daemon [_thread_blocked, id=4392, stack(0x00000000224d0000,0x00000000225d0000)]
  0x000000001b253000 JavaThread "TCF Locator Receiver" daemon [_thread_in_native, id=15720, stack(0x00000000223d0000,0x00000000224d0000)]
  0x000000001b24d000 JavaThread "TCF Timer Dispatcher" daemon [_thread_blocked, id=18244, stack(0x0000000020870000,0x0000000020970000)]
  0x000000001643b800 JavaThread "EMF Reference Cleaner" daemon [_thread_blocked, id=3172, stack(0x0000000018cf0000,0x0000000018df0000)]
  0x0000000015178800 JavaThread "Service Thread" daemon [_thread_blocked, id=11480, stack(0x0000000015a70000,0x0000000015b70000)]
  0x000000001517d800 JavaThread "C1 CompilerThread2" daemon [_thread_blocked, id=16804, stack(0x0000000015970000,0x0000000015a70000)]
  0x000000001517e800 JavaThread "C2 CompilerThread1" daemon [_thread_blocked, id=13200, stack(0x0000000015870000,0x0000000015970000)]
  0x0000000013e6a800 JavaThread "C2 CompilerThread0" daemon [_thread_blocked, id=17316, stack(0x0000000015770000,0x0000000015870000)]
  0x000000001517d000 JavaThread "Attach Listener" daemon [_thread_blocked, id=18792, stack(0x0000000015670000,0x0000000015770000)]
  0x000000001517b800 JavaThread "Signal Dispatcher" daemon [_thread_blocked, id=15648, stack(0x0000000015570000,0x0000000015670000)]
  0x00000000029e9000 JavaThread "Finalizer" daemon [_thread_blocked, id=19124, stack(0x0000000015070000,0x0000000015170000)]
  0x00000000029e0000 JavaThread "Reference Handler" daemon [_thread_blocked, id=13820, stack(0x0000000014f70000,0x0000000015070000)]
  0x00000000028f3800 JavaThread "main" [_thread_blocked, id=11156, stack(0x0000000000050000,0x0000000000150000)]

Other Threads:
=>0x0000000013dd8000 VMThread [stack: 0x0000000014e70000,0x0000000014f70000] [id=14756]

VM state:at safepoint (shutting down)

VM Mutex/Monitor currently owned by a thread:  ([mutex/lock_event])
[0x00000000028f08d0] Threads_lock - owner thread: 0x0000000013dd8000

Heap:
 PSYoungGen      total 88576K, used 28833K [0x00000000f5580000, 0x00000000fc500000, 0x0000000100000000)
  eden space 64000K, 45% used [0x00000000f5580000,0x00000000f71a8458,0x00000000f9400000)
  from space 24576K, 0% used [0x00000000fad00000,0x00000000fad00000,0x00000000fc500000)
  to   space 25088K, 0% used [0x00000000f9400000,0x00000000f9400000,0x00000000fac80000)
 ParOldGen       total 107008K, used 54012K [0x00000000e0000000, 0x00000000e6880000, 0x00000000f5580000)
  object space 107008K, 50% used [0x00000000e0000000,0x00000000e34bf308,0x00000000e6880000)
 Metaspace       used 80061K, capacity 86592K, committed 86784K, reserved 1124352K
  class space    used 9664K, capacity 11696K, committed 11776K, reserved 1048576K

Card table byte_map: [0x0000000011e60000,0x0000000011f70000] byte_map_base: 0x0000000011760000

Marking Bits: (ParMarkBitMap*) 0x0000000073c64040
 Begin Bits: [0x0000000012370000, 0x0000000012b70000)
 End Bits:   [0x0000000012b70000, 0x0000000013370000)

Polling page: 0x00000000004c0000

CodeCache: size=245760Kb used=34497Kb max_used=34677Kb free=211262Kb
 bounds [0x0000000002aa0000, 0x0000000004cc0000, 0x0000000011aa0000]
 total_blobs=10521 nmethods=9659 adapters=770
 compilation: enabled

Compilation events (10 events):
Event: 329.895 Thread 0x000000001517d800 11802       3       java.util.WeakHashMap::size (18 bytes)
Event: 329.896 Thread 0x000000001517d800 nmethod 11802 0x0000000003363e90 code [0x0000000003364000, 0x00000000033641e8]
Event: 329.926 Thread 0x000000001517d800 11803       3       java.io.File::list (33 bytes)
Event: 329.927 Thread 0x000000001517d800 nmethod 11803 0x0000000003ee4d90 code [0x0000000003ee4f60, 0x0000000003ee56a8]
Event: 330.038 Thread 0x000000001517d800 11804   !   3       org.eclipse.osgi.internal.baseadaptor.BaseStorage::compact (215 bytes)
Event: 330.040 Thread 0x000000001517d800 nmethod 11804 0x0000000004a50f10 code [0x0000000004a51360, 0x0000000004a53828]
Event: 330.227 Thread 0x000000001517e800 11805       4       java.io.File::isDirectory (43 bytes)
Event: 330.232 Thread 0x000000001517e800 nmethod 11805 0x000000000348c210 code [0x000000000348c360, 0x000000000348c568]
Event: 330.235 Thread 0x000000001517d800 11806       3       org.eclipse.osgi.framework.internal.core.AbstractBundle::close (52 bytes)
Event: 330.236 Thread 0x000000001517d800 nmethod 11806 0x0000000003dcde50 code [0x0000000003dce080, 0x0000000003dced88]

GC Heap History (10 events):
Event: 244.173 GC heap before
{Heap before GC invocations=23 (full 4):
 PSYoungGen      total 87040K, used 17267K [0x00000000f5580000, 0x00000000fc300000, 0x0000000100000000)
  eden space 61952K, 0% used [0x00000000f5580000,0x00000000f5580000,0x00000000f9200000)
  from space 25088K, 68% used [0x00000000f9200000,0x00000000fa2dcde8,0x00000000faa80000)
  to   space 25088K, 0% used [0x00000000faa80000,0x00000000faa80000,0x00000000fc300000)
 ParOldGen       total 107008K, used 39525K [0x00000000e0000000, 0x00000000e6880000, 0x00000000f5580000)
  object space 107008K, 36% used [0x00000000e0000000,0x00000000e2699488,0x00000000e6880000)
 Metaspace       used 74256K, capacity 80146K, committed 80384K, reserved 1118208K
  class space    used 9057K, capacity 10892K, committed 11008K, reserved 1048576K
Event: 244.598 GC heap after
Heap after GC invocations=23 (full 4):
 PSYoungGen      total 87040K, used 0K [0x00000000f5580000, 0x00000000fc300000, 0x0000000100000000)
  eden space 61952K, 0% used [0x00000000f5580000,0x00000000f5580000,0x00000000f9200000)
  from space 25088K, 0% used [0x00000000f9200000,0x00000000f9200000,0x00000000faa80000)
  to   space 25088K, 0% used [0x00000000faa80000,0x00000000faa80000,0x00000000fc300000)
 ParOldGen       total 107008K, used 50309K [0x00000000e0000000, 0x00000000e6880000, 0x00000000f5580000)
  object space 107008K, 47% used [0x00000000e0000000,0x00000000e3121680,0x00000000e6880000)
 Metaspace       used 74256K, capacity 80146K, committed 80384K, reserved 1118208K
  class space    used 9057K, capacity 10892K, committed 11008K, reserved 1048576K
}
Event: 272.372 GC heap before
{Heap before GC invocations=24 (full 4):
 PSYoungGen      total 87040K, used 61952K [0x00000000f5580000, 0x00000000fc300000, 0x0000000100000000)
  eden space 61952K, 100% used [0x00000000f5580000,0x00000000f9200000,0x00000000f9200000)
  from space 25088K, 0% used [0x00000000f9200000,0x00000000f9200000,0x00000000faa80000)
  to   space 25088K, 0% used [0x00000000faa80000,0x00000000faa80000,0x00000000fc300000)
 ParOldGen       total 107008K, used 50309K [0x00000000e0000000, 0x00000000e6880000, 0x00000000f5580000)
  object space 107008K, 47% used [0x00000000e0000000,0x00000000e3121680,0x00000000e6880000)
 Metaspace       used 75113K, capacity 81106K, committed 81408K, reserved 1120256K
  class space    used 9104K, capacity 10956K, committed 11008K, reserved 1048576K
Event: 272.379 GC heap after
Heap after GC invocations=24 (full 4):
 PSYoungGen      total 86016K, used 2096K [0x00000000f5580000, 0x00000000fc900000, 0x0000000100000000)
  eden space 60928K, 0% used [0x00000000f5580000,0x00000000f5580000,0x00000000f9100000)
  from space 25088K, 8% used [0x00000000faa80000,0x00000000fac8c120,0x00000000fc300000)
  to   space 26112K, 0% used [0x00000000f9100000,0x00000000f9100000,0x00000000faa80000)
 ParOldGen       total 107008K, used 50309K [0x00000000e0000000, 0x00000000e6880000, 0x00000000f5580000)
  object space 107008K, 47% used [0x00000000e0000000,0x00000000e3121680,0x00000000e6880000)
 Metaspace       used 75113K, capacity 81106K, committed 81408K, reserved 1120256K
  class space    used 9104K, capacity 10956K, committed 11008K, reserved 1048576K
}
Event: 295.326 GC heap before
{Heap before GC invocations=25 (full 4):
 PSYoungGen      total 86016K, used 63024K [0x00000000f5580000, 0x00000000fc900000, 0x0000000100000000)
  eden space 60928K, 100% used [0x00000000f5580000,0x00000000f9100000,0x00000000f9100000)
  from space 25088K, 8% used [0x00000000faa80000,0x00000000fac8c120,0x00000000fc300000)
  to   space 26112K, 0% used [0x00000000f9100000,0x00000000f9100000,0x00000000faa80000)
 ParOldGen       total 107008K, used 50309K [0x00000000e0000000, 0x00000000e6880000, 0x00000000f5580000)
  object space 107008K, 47% used [0x00000000e0000000,0x00000000e3121680,0x00000000e6880000)
 Metaspace       used 77460K, capacity 83728K, committed 83968K, reserved 1122304K
  class space    used 9384K, capacity 11405K, committed 11520K, reserved 1048576K
Event: 295.333 GC heap after
Heap after GC invocations=25 (full 4):
 PSYoungGen      total 87040K, used 5344K [0x00000000f5580000, 0x00000000fc600000, 0x0000000100000000)
  eden space 60928K, 0% used [0x00000000f5580000,0x00000000f5580000,0x00000000f9100000)
  from space 26112K, 20% used [0x00000000f9100000,0x00000000f9638120,0x00000000faa80000)
  to   space 25600K, 0% used [0x00000000fad00000,0x00000000fad00000,0x00000000fc600000)
 ParOldGen       total 107008K, used 50309K [0x00000000e0000000, 0x00000000e6880000, 0x00000000f5580000)
  object space 107008K, 47% used [0x00000000e0000000,0x00000000e3121680,0x00000000e6880000)
 Metaspace       used 77460K, capacity 83728K, committed 83968K, reserved 1122304K
  class space    used 9384K, capacity 11405K, committed 11520K, reserved 1048576K
}
Event: 315.061 GC heap before
{Heap before GC invocations=26 (full 4):
 PSYoungGen      total 87040K, used 51535K [0x00000000f5580000, 0x00000000fc600000, 0x0000000100000000)
  eden space 60928K, 75% used [0x00000000f5580000,0x00000000f829bbc0,0x00000000f9100000)
  from space 26112K, 20% used [0x00000000f9100000,0x00000000f9638120,0x00000000faa80000)
  to   space 25600K, 0% used [0x00000000fad00000,0x00000000fad00000,0x00000000fc600000)
 ParOldGen       total 107008K, used 50309K [0x00000000e0000000, 0x00000000e6880000, 0x00000000f5580000)
  object space 107008K, 47% used [0x00000000e0000000,0x00000000e3121680,0x00000000e6880000)
 Metaspace       used 79009K, capacity 85428K, committed 85632K, reserved 1124352K
  class space    used 9544K, capacity 11565K, committed 11648K, reserved 1048576K
Event: 315.069 GC heap after
Heap after GC invocations=26 (full 4):
 PSYoungGen      total 88576K, used 6209K [0x00000000f5580000, 0x00000000fc500000, 0x0000000100000000)
  eden space 64000K, 0% used [0x00000000f5580000,0x00000000f5580000,0x00000000f9400000)
  from space 24576K, 25% used [0x00000000fad00000,0x00000000fb3106e8,0x00000000fc500000)
  to   space 25088K, 0% used [0x00000000f9400000,0x00000000f9400000,0x00000000fac80000)
 ParOldGen       total 107008K, used 50381K [0x00000000e0000000, 0x00000000e6880000, 0x00000000f5580000)
  object space 107008K, 47% used [0x00000000e0000000,0x00000000e3133690,0x00000000e6880000)
 Metaspace       used 79009K, capacity 85428K, committed 85632K, reserved 1124352K
  class space    used 9544K, capacity 11565K, committed 11648K, reserved 1048576K
}
Event: 315.069 GC heap before
{Heap before GC invocations=27 (full 5):
 PSYoungGen      total 88576K, used 6209K [0x00000000f5580000, 0x00000000fc500000, 0x0000000100000000)
  eden space 64000K, 0% used [0x00000000f5580000,0x00000000f5580000,0x00000000f9400000)
  from space 24576K, 25% used [0x00000000fad00000,0x00000000fb3106e8,0x00000000fc500000)
  to   space 25088K, 0% used [0x00000000f9400000,0x00000000f9400000,0x00000000fac80000)
 ParOldGen       total 107008K, used 50381K [0x00000000e0000000, 0x00000000e6880000, 0x00000000f5580000)
  object space 107008K, 47% used [0x00000000e0000000,0x00000000e3133690,0x00000000e6880000)
 Metaspace       used 79009K, capacity 85428K, committed 85632K, reserved 1124352K
  class space    used 9544K, capacity 11565K, committed 11648K, reserved 1048576K
Event: 315.516 GC heap after
Heap after GC invocations=27 (full 5):
 PSYoungGen      total 88576K, used 0K [0x00000000f5580000, 0x00000000fc500000, 0x0000000100000000)
  eden space 64000K, 0% used [0x00000000f5580000,0x00000000f5580000,0x00000000f9400000)
  from space 24576K, 0% used [0x00000000fad00000,0x00000000fad00000,0x00000000fc500000)
  to   space 25088K, 0% used [0x00000000f9400000,0x00000000f9400000,0x00000000fac80000)
 ParOldGen       total 107008K, used 54012K [0x00000000e0000000, 0x00000000e6880000, 0x00000000f5580000)
  object space 107008K, 50% used [0x00000000e0000000,0x00000000e34bf308,0x00000000e6880000)
 Metaspace       used 79009K, capacity 85428K, committed 85632K, reserved 1124352K
  class space    used 9544K, capacity 11565K, committed 11648K, reserved 1048576K
}

Deoptimization events (10 events):
Event: 328.680 Thread 0x00000000028f3800 Uncommon trap: reason=unstable_if action=reinterpret pc=0x000000000486677c method=org.eclipse.swt.widgets.Display.drawMenuBars()V @ 4
Event: 328.680 Thread 0x00000000028f3800 Uncommon trap: reason=unstable_if action=reinterpret pc=0x00000000043ffb2c method=org.eclipse.swt.widgets.Display.runDeferredLayouts()Z @ 42
Event: 328.802 Thread 0x000000001b1ba000 Uncommon trap: reason=unstable_if action=reinterpret pc=0x0000000004b3a468 method=java.io.BufferedOutputStream.write(I)V @ 9
Event: 328.813 Thread 0x000000001b1ba000 Uncommon trap: reason=unstable_if action=reinterpret pc=0x0000000003e31c98 method=org.eclipse.core.runtime.Path.toString()Ljava/lang/String; @ 96
Event: 328.938 Thread 0x00000000028f3800 Uncommon trap: reason=unstable_if action=reinterpret pc=0x0000000003651004 method=java.util.ArrayList.toArray([Ljava/lang/Object;)[Ljava/lang/Object; @ 48
Event: 328.992 Thread 0x00000000028f3800 Uncommon trap: reason=unstable_if action=reinterpret pc=0x000000000441fc14 method=org.eclipse.e4.ui.internal.workbench.swt.PartRenderingEngine.someAreVisible(Ljava/util/List;)Z @ 41
Event: 329.209 Thread 0x00000000028f3800 Uncommon trap: reason=class_check action=maybe_recompile pc=0x0000000004bdb79c method=org.eclipse.e4.core.internal.contexts.TrackableComputationExt.update(Lorg/eclipse/e4/core/internal/contexts/ContextChangeEvent;)Z @ 62
Event: 329.209 Thread 0x00000000028f3800 Uncommon trap: reason=class_check action=maybe_recompile pc=0x0000000004bdb79c method=org.eclipse.e4.core.internal.contexts.TrackableComputationExt.update(Lorg/eclipse/e4/core/internal/contexts/ContextChangeEvent;)Z @ 62
Event: 329.209 Thread 0x00000000028f3800 Uncommon trap: reason=class_check action=maybe_recompile pc=0x0000000004bdb79c method=org.eclipse.e4.core.internal.contexts.TrackableComputationExt.update(Lorg/eclipse/e4/core/internal/contexts/ContextChangeEvent;)Z @ 62
Event: 329.837 Thread 0x00000000028f3800 Uncommon trap: reason=unstable_if action=reinterpret pc=0x000000000357b764 method=org.eclipse.core.runtime.internal.adaptor.EclipseLazyStarter.shouldActivateFor(Ljava/lang/String;Lorg/eclipse/osgi/baseadaptor/BaseData;Lorg/eclipse/core/runtime/internal/adaàÚ)ZâŠt@

Internal exceptions (10 events):
Event: 327.977 Thread 0x000000001b25a800 Exception <a 'java/net/SocketException': Connection reset by peer: socket write error> (0x00000000f5a69ea0) thrown at [C:\re\workspace\8-2-build-windows-amd64-cygwin\jdk8u45\3627\hotspot\src\share\vm\prims\jni.cpp, line 735]
Event: 327.978 Thread 0x000000001b257800 Exception <a 'java/lang/InterruptedException'> (0x00000000f5a89e30) thrown at [C:\re\workspace\8-2-build-windows-amd64-cygwin\jdk8u45\3627\hotspot\src\share\vm\runtime\objectMonitor.cpp, line 1683]
Event: 327.978 Thread 0x000000001b1b7800 Exception <a 'java/net/SocketException': Socket closed> (0x00000000f5ac9e90) thrown at [C:\re\workspace\8-2-build-windows-amd64-cygwin\jdk8u45\3627\hotspot\src\share\vm\prims\jni.cpp, line 735]
Event: 328.321 Thread 0x00000000028f3800 Implicit null exception at 0x00000000043e3809 to 0x00000000043e4b41
Event: 328.629 Thread 0x00000000028f3800 Implicit null exception at 0x0000000003e6fc85 to 0x0000000003e6ff55
Event: 329.277 Thread 0x000000001b1ac000 Exception <a 'java/lang/InterruptedException'> (0x00000000f6b810e0) thrown at [C:\re\workspace\8-2-build-windows-amd64-cygwin\jdk8u45\3627\hotspot\src\share\vm\runtime\objectMonitor.cpp, line 1683]
Event: 329.899 Thread 0x000000001517c000 Exception <a 'java/lang/InterruptedException': sleep interrupted> (0x00000000f6f3c048) thrown at [C:\re\workspace\8-2-build-windows-amd64-cygwin\jdk8u45\3627\hotspot\src\share\vm\prims\jvm.cpp, line 3211]
Event: 329.902 Thread 0x0000000016438000 Exception <a 'java/lang/InterruptedException'> (0x00000000f6fdbff8) thrown at [C:\re\workspace\8-2-build-windows-amd64-cygwin\jdk8u45\3627\hotspot\src\share\vm\runtime\objectMonitor.cpp, line 1683]
Event: 329.902 Thread 0x000000001517f000 Exception <a 'java/lang/InterruptedException'> (0x00000000f6fece80) thrown at [C:\re\workspace\8-2-build-windows-amd64-cygwin\jdk8u45\3627\hotspot\src\share\vm\runtime\objectMonitor.cpp, line 1683]
Event: 330.235 Thread 0x000000001517a000 Exception <a 'java/lang/InterruptedException'> (0x00000000f6ecf288) thrown at [C:\re\workspace\8-2-build-windows-amd64-cygwin\jdk8u45\3627\hotspot\src\share\vm\runtime\objectMonitor.cpp, line 1683]

Events (10 events):
Event: 329.902 Thread 0x000000001517f000 Thread exited: 0x000000001517f000
Event: 330.235 Thread 0x000000001517a000 Thread exited: 0x000000001517a000
Event: 330.236 Thread 0x000000001517a800 Thread exited: 0x000000001517a800
Event: 330.236 loading class java/util/IdentityHashMap$KeyIterator
Event: 330.236 loading class java/util/IdentityHashMap$IdentityHashMapIterator
Event: 330.237 loading class java/util/IdentityHashMap$IdentityHashMapIterator done
Event: 330.237 loading class java/util/IdentityHashMap$KeyIterator done
Event: 330.237 Thread 0x000000001b1b0800 Thread added: 0x000000001b1b0800
Event: 330.237 Thread 0x000000001b1b0800 Thread exited: 0x000000001b1b0800
Event: 330.239 Executing VM operation: Exit


Dynamic libraries:
0x0000000000400000 - 0x000000000044f000 	C:\Xilinx\SDK\2015.4\eclipse\win64.o\eclipse.exe
0x00007ff89e110000 - 0x00007ff89e2f1000 	C:\WINDOWS\SYSTEM32\ntdll.dll
0x00007ff89bcd0000 - 0x00007ff89bd82000 	C:\WINDOWS\System32\KERNEL32.DLL
0x00007ff89af30000 - 0x00007ff89b1a3000 	C:\WINDOWS\System32\KERNELBASE.dll
0x00007ff89bd90000 - 0x00007ff89bf20000 	C:\WINDOWS\System32\USER32.dll
0x00007ff89a4e0000 - 0x00007ff89a500000 	C:\WINDOWS\System32\win32u.dll
0x00007ff89c0c0000 - 0x00007ff89c0e8000 	C:\WINDOWS\System32\GDI32.dll
0x00007ff89a680000 - 0x00007ff89a812000 	C:\WINDOWS\System32\gdi32full.dll
0x00007ff89b1b0000 - 0x00007ff89b24f000 	C:\WINDOWS\System32\msvcp_win.dll
0x00007ff89b4a0000 - 0x00007ff89b59a000 	C:\WINDOWS\System32\ucrtbase.dll
0x00007ff89da70000 - 0x00007ff89db0e000 	C:\WINDOWS\System32\msvcrt.dll
0x00007ff8891f0000 - 0x00007ff889459000 	C:\WINDOWS\WinSxS\amd64_microsoft.windows.common-controls_6595b64144ccf1df_6.0.17134.165_none_fb429645306569ac\COMCTL32.dll
0x00007ff89dc60000 - 0x00007ff89df83000 	C:\WINDOWS\System32\combase.dll
0x00007ff89db10000 - 0x00007ff89dc34000 	C:\WINDOWS\System32\RPCRT4.dll
0x00007ff89a500000 - 0x00007ff89a57a000 	C:\WINDOWS\System32\bcryptPrimitives.dll
0x00007ff89b710000 - 0x00007ff89b73d000 	C:\WINDOWS\System32\IMM32.DLL
0x0000000072000000 - 0x0000000072012000 	C:\Xilinx\SDK\2015.4\eclipse\win64.o\plugins\org.eclipse.equinox.launcher.win32.win32.x86_64_1.1.200.v20140116-2212\eclipse_1503.dll
0x00007ff89bf90000 - 0x00007ff89c031000 	C:\WINDOWS\System32\ADVAPI32.dll
0x00007ff89df90000 - 0x00007ff89dfeb000 	C:\WINDOWS\System32\sechost.dll
0x00007ff894a20000 - 0x00007ff894a2a000 	C:\WINDOWS\SYSTEM32\VERSION.dll
0x00007ff898810000 - 0x00007ff8988a8000 	C:\WINDOWS\system32\uxtheme.dll
0x00007ff89b9b0000 - 0x00007ff89bb25000 	C:\WINDOWS\System32\MSCTF.dll
0x00007ff89d990000 - 0x00007ff89da52000 	C:\WINDOWS\System32\OLEAUT32.dll
0x00007ff8476d0000 - 0x00007ff84771b000 	C:\Program Files\Listary\ListaryHook64.dll
0x00007ff89b740000 - 0x00007ff89b891000 	C:\WINDOWS\System32\ole32.dll
0x00007ff89b950000 - 0x00007ff89b9a1000 	C:\WINDOWS\System32\SHLWAPI.dll
0x00007ff890d80000 - 0x00007ff890deb000 	C:\WINDOWS\SYSTEM32\OLEACC.dll
0x0000000073460000 - 0x0000000073ce3000 	C:\Xilinx\SDK\2015.4\tps\win64\jre\bin\server\jvm.dll
0x00007ff89da60000 - 0x00007ff89da68000 	C:\WINDOWS\System32\PSAPI.DLL
0x00007ff891a80000 - 0x00007ff891a89000 	C:\WINDOWS\SYSTEM32\WSOCK32.dll
0x00007ff898410000 - 0x00007ff898433000 	C:\WINDOWS\SYSTEM32\WINMM.dll
0x0000000075a60000 - 0x0000000075b32000 	C:\WINDOWS\SYSTEM32\MSVCR100.dll
0x00007ff89bf20000 - 0x00007ff89bf8c000 	C:\WINDOWS\System32\WS2_32.dll
0x00007ff8983b0000 - 0x00007ff8983da000 	C:\WINDOWS\SYSTEM32\WINMMBASE.dll
0x00007ff89a630000 - 0x00007ff89a679000 	C:\WINDOWS\System32\cfgmgr32.dll
0x0000000077800000 - 0x000000007780f000 	C:\Xilinx\SDK\2015.4\tps\win64\jre\bin\verify.dll
0x00000000777d0000 - 0x00000000777f9000 	C:\Xilinx\SDK\2015.4\tps\win64\jre\bin\java.dll
0x00000000777b0000 - 0x00000000777c6000 	C:\Xilinx\SDK\2015.4\tps\win64\jre\bin\zip.dll
0x00007ff89c540000 - 0x00007ff89d980000 	C:\WINDOWS\System32\SHELL32.dll
0x00007ff89b8a0000 - 0x00007ff89b949000 	C:\WINDOWS\System32\shcore.dll
0x00007ff89a820000 - 0x00007ff89af2d000 	C:\WINDOWS\System32\windows.storage.dll
0x00007ff89a4c0000 - 0x00007ff89a4d1000 	C:\WINDOWS\System32\kernel.appcore.dll
0x00007ff89a430000 - 0x00007ff89a44f000 	C:\WINDOWS\System32\profapi.dll
0x00007ff89a470000 - 0x00007ff89a4bc000 	C:\WINDOWS\System32\powrprof.dll
0x00007ff89a420000 - 0x00007ff89a42a000 	C:\WINDOWS\System32\FLTLIB.DLL
0x00007ff899e00000 - 0x00007ff899e17000 	C:\WINDOWS\SYSTEM32\CRYPTSP.dll
0x00007ff899820000 - 0x00007ff899853000 	C:\WINDOWS\system32\rsaenh.dll
0x00007ff899f20000 - 0x00007ff899f45000 	C:\WINDOWS\SYSTEM32\bcrypt.dll
0x00007ff89a350000 - 0x00007ff89a378000 	C:\WINDOWS\SYSTEM32\USERENV.dll
0x00007ff899df0000 - 0x00007ff899dfb000 	C:\WINDOWS\SYSTEM32\CRYPTBASE.dll
0x0000000077790000 - 0x00000000777aa000 	C:\Xilinx\SDK\2015.4\tps\win64\jre\bin\net.dll
0x00007ff899c40000 - 0x00007ff899ca6000 	C:\WINDOWS\system32\mswsock.dll
0x00007ff8999c0000 - 0x00007ff8999f8000 	C:\WINDOWS\SYSTEM32\IPHLPAPI.DLL
0x00007ff89b6a0000 - 0x00007ff89b6a8000 	C:\WINDOWS\System32\NSI.dll
0x00007ff890c20000 - 0x00007ff890c36000 	C:\WINDOWS\SYSTEM32\dhcpcsvc6.DLL
0x00007ff890cd0000 - 0x00007ff890cea000 	C:\WINDOWS\SYSTEM32\dhcpcsvc.DLL
0x0000000075b60000 - 0x0000000075b71000 	C:\Xilinx\SDK\2015.4\tps\win64\jre\bin\nio.dll
0x00007ff881820000 - 0x00007ff8818b8000 	C:\WINDOWS\System32\TextInputFramework.dll
0x00007ff8981e0000 - 0x00007ff8982ba000 	C:\WINDOWS\System32\CoreMessaging.dll
0x00007ff894c00000 - 0x00007ff894f1e000 	C:\WINDOWS\System32\CoreUIComponents.dll
0x00007ff896420000 - 0x00007ff89656d000 	C:\WINDOWS\SYSTEM32\wintypes.dll
0x00007ff899510000 - 0x00007ff899541000 	C:\WINDOWS\SYSTEM32\ntmarta.dll
0x00007ff8988e0000 - 0x00007ff898909000 	C:\WINDOWS\system32\dwmapi.dll
0x0000000180000000 - 0x0000000180048000 	C:\Program Files (x86)\MyDrivers\DriverGenius\dghmpg64.dll
0x00007ff8820c0000 - 0x00007ff8820d6000 	C:\WINDOWS\system32\napinsp.dll
0x00007ff8819b0000 - 0x00007ff8819ca000 	C:\WINDOWS\system32\pnrpnsp.dll
0x00007ff896ae0000 - 0x00007ff896af9000 	C:\WINDOWS\system32\NLAapi.dll
0x00007ff899a00000 - 0x00007ff899abe000 	C:\WINDOWS\SYSTEM32\DNSAPI.dll
0x00007ff881710000 - 0x00007ff88171e000 	C:\WINDOWS\System32\winrnr.dll
0x00007ff881450000 - 0x00007ff881465000 	C:\WINDOWS\System32\wshbth.dll
0x00007ff890bf0000 - 0x00007ff890bfa000 	C:\Windows\System32\rasadhlp.dll
0x00007ff8907b0000 - 0x00007ff890822000 	C:\WINDOWS\System32\fwpuclnt.dll
0x00000000189f0000 - 0x0000000018a98000 	C:\Users\yaris\.Xilinx\SDK\2015.4\org.eclipse.osgi\bundles\303\1\.cp\swt-win32-4335.dll
0x00007ff89dff0000 - 0x00007ff89e0dd000 	C:\WINDOWS\System32\comdlg32.dll
0x00007ff89b250000 - 0x00007ff89b432000 	C:\WINDOWS\System32\CRYPT32.dll
0x00007ff89a450000 - 0x00007ff89a462000 	C:\WINDOWS\System32\MSASN1.dll
0x00007ff87be90000 - 0x00007ff87bea9000 	C:\WINDOWS\SYSTEM32\USP10.dll
0x00007ff890cf0000 - 0x00007ff890d74000 	C:\WINDOWS\SYSTEM32\WINSPOOL.DRV
0x00007ff88c120000 - 0x00007ff88c46f000 	C:\WINDOWS\SYSTEM32\WININET.dll
0x00007ff898fa0000 - 0x00007ff899154000 	C:\WINDOWS\SYSTEM32\PROPSYS.dll
0x00007ff89b5a0000 - 0x00007ff89b640000 	C:\WINDOWS\System32\clbcatq.dll
0x0000000002a70000 - 0x0000000002a8e000 	C:\Users\yaris\.Xilinx\SDK\2015.4\org.eclipse.osgi\bundles\303\1\.cp\swt-gdip-win32-4335.dll
0x00007ff890e50000 - 0x00007ff890fea000 	C:\WINDOWS\WinSxS\amd64_microsoft.windows.gdiplus_6595b64144ccf1df_1.1.17134.165_none_2c2d892a8af7e37a\gdiplus.dll
0x00007ff8956b0000 - 0x00007ff89585e000 	C:\WINDOWS\SYSTEM32\WindowsCodecs.dll
0x0000000019070000 - 0x0000000019082000 	C:\Users\yaris\.Xilinx\SDK\2015.4\org.eclipse.osgi\bundles\121\1\.cp\os\win32\x86_64\localfile_1_0_0.dll
0x00007ff889e60000 - 0x00007ff889e71000 	C:\Users\yaris\.Xilinx\SDK\2015.4\org.eclipse.osgi\bundles\124\1\.cp\jWinHttp-1.0.0.dll
0x00007ff896650000 - 0x00007ff89672c000 	C:\WINDOWS\SYSTEM32\WINHTTP.dll
0x00007ff86a280000 - 0x00007ff86a2d8000 	C:\WINDOWS\system32\dataexchange.dll
0x00007ff897590000 - 0x00007ff89789b000 	C:\WINDOWS\system32\d3d11.dll
0x00007ff897ce0000 - 0x00007ff897e7c000 	C:\WINDOWS\system32\dcomp.dll
0x00007ff8991e0000 - 0x00007ff89929b000 	C:\WINDOWS\system32\dxgi.dll
0x00007ff898940000 - 0x00007ff898af8000 	C:\WINDOWS\system32\twinapi.appcore.dll
0x00007ff898910000 - 0x00007ff898931000 	C:\WINDOWS\system32\RMCLIENT.dll
0x00007ff8816d0000 - 0x00007ff88170f000 	C:\WINDOWS\system32\mlang.dll
0x00007ff895b40000 - 0x00007ff895b4f000 	C:\Xilinx\SDK\2015.4\lib\win64.o\librdi_repo_manager.dll
0x00007ff87b910000 - 0x00007ff87b93a000 	C:\Xilinx\SDK\2015.4\lib\win64.o\libisl_sysinfo.dll
0x00007ff805870000 - 0x00007ff8061fd000 	C:\Xilinx\SDK\2015.4\lib\win64.o\librdi_common.dll
0x00007ff889510000 - 0x00007ff8895b7000 	C:\WINDOWS\SYSTEM32\MSVCP110.dll
0x00007ff84cac0000 - 0x00007ff84ccac000 	C:\Xilinx\SDK\2015.4\lib\win64.o\librdi_hsm.dll
0x00007ff88b3d0000 - 0x00007ff88b4a4000 	C:\WINDOWS\SYSTEM32\MSVCR110.dll
0x00007ff821880000 - 0x00007ff821bee000 	C:\Xilinx\SDK\2015.4\lib\win64.o\libCOIN-all.dll
0x00007ff820c30000 - 0x00007ff820e4e000 	C:\Xilinx\SDK\2015.4\lib\win64.o\libXil_lmgr11.dll
0x00007ff89b440000 - 0x00007ff89b497000 	C:\WINDOWS\System32\WINTRUST.dll
0x00007ff87b8e0000 - 0x00007ff87b902000 	C:\Xilinx\SDK\2015.4\lib\win64.o\libboost_filesystem.dll
0x00007ff861180000 - 0x00007ff8611f4000 	C:\Xilinx\SDK\2015.4\lib\win64.o\libboost_program_options.dll
0x00007ff84e7f0000 - 0x00007ff84e8ea000 	C:\Xilinx\SDK\2015.4\lib\win64.o\libboost_regex.dll
0x00007ff881490000 - 0x00007ff8814a3000 	C:\Xilinx\SDK\2015.4\lib\win64.o\libboost_signals.dll
0x00007ff889e40000 - 0x00007ff889e49000 	C:\Xilinx\SDK\2015.4\lib\win64.o\libboost_system.dll
0x00007ff8807d0000 - 0x00007ff8807ed000 	C:\Xilinx\SDK\2015.4\lib\win64.o\libboost_thread.dll
0x00007ff889dd0000 - 0x00007ff889ddb000 	C:\Xilinx\SDK\2015.4\lib\win64.o\libboost_xilinx.dll
0x00007ff85e5a0000 - 0x00007ff85e620000 	C:\Xilinx\SDK\2015.4\lib\win64.o\libhdlpsolve.dll
0x00007ff868eb0000 - 0x00007ff868f04000 	C:\Xilinx\SDK\2015.4\lib\win64.o\librdi_commonxillic.dll
0x00007ff85be40000 - 0x00007ff85beda000 	C:\Xilinx\SDK\2015.4\lib\win64.o\libhdxml.dll
0x00007ff81fea0000 - 0x00007ff8202d4e00 	C:\Xilinx\SDK\2015.4\lib\win64.o\libisl_iostreams.dll
0x00007ff889e50000 - 0x00007ff889e60000 	C:\Xilinx\SDK\2015.4\lib\win64.o\libboost_date_time.dll
0x00007ff87fc90000 - 0x00007ff87fca8000 	C:\Xilinx\SDK\2015.4\lib\win64.o\librdiconfig.dll
0x00007ff825810000 - 0x00007ff825940000 	C:\Xilinx\SDK\2015.4\lib\win64.o\librdi_curl.dll
0x00007ff870470000 - 0x00007ff870493000 	C:\Xilinx\SDK\2015.4\lib\win64.o\librdizlib.dll
0x00007ff890830000 - 0x00007ff8909f8000 	C:\WINDOWS\SYSTEM32\urlmon.dll
0x0000000074190000 - 0x00000000742b7000 	C:\Xilinx\SDK\2015.4\lib\win64.o\tcl85t.dll
0x00007ff88bed0000 - 0x00007ff88bef3000 	C:\WINDOWS\SYSTEM32\VCOMP110.DLL
0x00007ff868d20000 - 0x00007ff868d63000 	C:\Xilinx\SDK\2015.4\lib\win64.o\librdi_hdf.dll
0x00007ff81f760000 - 0x00007ff81f9b5000 	C:\Xilinx\SDK\2015.4\lib\win64.o\librdi_ippcw.dll
0x00007ff88a400000 - 0x00007ff88a417000 	C:\WINDOWS\SYSTEM32\NETAPI32.dll
0x00007ff8896c0000 - 0x00007ff8896cb000 	C:\Xilinx\SDK\2015.4\lib\win64.o\libboost_chrono.dll
0x00007ff87ed80000 - 0x00007ff87ed96000 	C:\Xilinx\SDK\2015.4\lib\win64.o\libboost_iostreams.dll
0x00007ff86ba90000 - 0x00007ff86bab3000 	C:\Xilinx\SDK\2015.4\lib\win64.o\libisl_iosutils.dll
0x00007ff88ddb0000 - 0x00007ff88e052000 	C:\WINDOWS\SYSTEM32\iertutil.dll

VM Arguments:
jvm_args: -Dcom.xilinx.sdk.args.hwspec=C:/Users/yaris/Desktop/AXI_FIFO/AXI_FIFO.sdk/system_wrapper.hdf -Xms64m -Xmx512m & 
java_command: <unknown>
java_class_path (initial): C:\Xilinx\SDK\2015.4\eclipse\win64.o\\plugins/org.eclipse.equinox.launcher_1.3.0.v20130327-1440.jar
Launcher Type: generic

Environment Variables:
JAVA_HOME=C:\Program Files\Java\jdk1.8.0_131
CLASSPATH=.;C:\Program Files\Java\jdk1.8.0_131\lib;C:\Program Files\Java\jdk1.8.0_131\lib\dt.jar;C:\Program Files\Java\jdk1.8.0_131\lib\tools.jar;
USERNAME=yaris
OS=Windows_NT
PROCESSOR_IDENTIFIER=Intel64 Family 6 Model 60 Stepping 3, GenuineIntel



---------------  S Y S T E M  ---------------

OS: Windows 10.0 , 64 bit Build 17134 (10.0.17134.1)

CPU:total 4 (2 cores per cpu, 2 threads per core) family 6 model 60 stepping 3, cmov, cx8, fxsr, mmx, sse, sse2, sse3, ssse3, sse4.1, sse4.2, popcnt, avx, avx2, aes, clmul, erms, lzcnt, ht, tsc, tscinvbit, bmi1, bmi2

Memory: 4k page, physical 8275004k(3281664k free), swap 14304316k(4700052k free)

vm_info: Java HotSpot(TM) 64-Bit Server VM (25.45-b02) for windows-amd64 JRE (1.8.0_45-b15), built on Apr 30 2015 12:40:44 by "java_re" with MS VC++ 10.0 (VS2010)

time: Sun Jul 29 16:48:30 2018
elapsed time: 332 seconds (0d 0h 5m 32s)

