#-----------------------------------------------------------
# Vivado v2015.4 (64-bit)
# SW Build 1412921 on Wed Nov 18 09:43:45 MST 2015
# IP Build 1412160 on Tue Nov 17 13:47:24 MST 2015
# Start of session at: Mon Jul 30 16:31:28 2018
# Process ID: 16872
# Current directory: C:/Users/yaris/Desktop/AXI_FIFO
# Command line: vivado.exe -gui_launcher_event rodinguilauncherevent16808 C:\Users\yaris\Desktop\AXI_FIFO\AXI_FIFO.xpr
# Log file: C:/Users/yaris/Desktop/AXI_FIFO/vivado.log
# Journal file: C:/Users/yaris/Desktop/AXI_FIFO\vivado.jou
#-----------------------------------------------------------
start_gui
open_project C:/Users/yaris/Desktop/AXI_FIFO/AXI_FIFO.xpr
Scanning sources...
Finished scanning sources
INFO: [IP_Flow 19-234] Refreshing IP repositories
INFO: [IP_Flow 19-1704] No user IP repositories specified
INFO: [IP_Flow 19-2313] Loaded Vivado IP repository 'C:/Xilinx/Vivado/2015.4/data/ip'.
open_project: Time (s): cpu = 00:00:44 ; elapsed = 00:00:58 . Memory (MB): peak = 926.109 ; gain = 377.672
launch_sdk -workspace C:/Users/yaris/Desktop/AXI_FIFO/AXI_FIFO.sdk -hwspec C:/Users/yaris/Desktop/AXI_FIFO/AXI_FIFO.sdk/system_wrapper.hdf
INFO: [Vivado 12-393] Launching SDK...
INFO: [Vivado 12-417] Running xsdk -workspace C:/Users/yaris/Desktop/AXI_FIFO/AXI_FIFO.sdk -hwspec C:/Users/yaris/Desktop/AXI_FIFO/AXI_FIFO.sdk/system_wrapper.hdf
INFO: [Vivado 12-3157] SDK launch initiated. Please check console for any further messages.
open_bd_design {C:/Users/yaris/Desktop/AXI_FIFO/AXI_FIFO.srcs/sources_1/bd/system/system.bd}
Adding component instance block -- xilinx.com:ip:processing_system7:5.5 - processing_system7_0
Adding component instance block -- xilinx.com:ip:axi_dma:7.1 - axi_dma_0
Adding component instance block -- xilinx.com:ip:fifo_generator:13.0 - fifo_generator_0
INFO: [xilinx.com:ip:fifo_generator:13.0-5968] /fifo_generator_0Executing the post_config_ip from bd
Adding component instance block -- xilinx.com:ip:xlconcat:2.1 - xlconcat_0
Adding component instance block -- xilinx.com:ip:axi_dma:7.1 - axi_dma_1
Adding component instance block -- xilinx.com:ip:fifo_generator:13.0 - fifo_generator_1
INFO: [xilinx.com:ip:fifo_generator:13.0-5968] /fifo_generator_1Executing the post_config_ip from bd
Adding component instance block -- xilinx.com:ip:proc_sys_reset:5.0 - rst_processing_system7_0_100M
Adding component instance block -- xilinx.com:ip:axi_gpio:2.0 - axi_gpio_0
Adding component instance block -- xilinx.com:ip:ila:6.0 - ila_0
Adding component instance block -- xilinx.com:ip:axi_gpio:2.0 - axi_gpio_1
Adding component instance block -- xilinx.com:ip:ila:6.0 - ila_1
Adding component instance block -- xilinx.com:ip:axi_gpio:2.0 - axi_gpio_2
Adding component instance block -- xilinx.com:ip:axi_protocol_converter:2.1 - auto_pc
Adding component instance block -- xilinx.com:ip:axi_dwidth_converter:2.1 - auto_us
Adding component instance block -- xilinx.com:ip:axi_crossbar:2.1 - xbar
Adding component instance block -- xilinx.com:ip:axi_protocol_converter:2.1 - auto_pc
Adding component instance block -- xilinx.com:ip:axi_protocol_converter:2.1 - auto_pc
Adding component instance block -- xilinx.com:ip:axi_dwidth_converter:2.1 - auto_us
Successfully read diagram <system> from BD file <C:/Users/yaris/Desktop/AXI_FIFO/AXI_FIFO.srcs/sources_1/bd/system/system.bd>
open_bd_design: Time (s): cpu = 00:00:24 ; elapsed = 00:00:28 . Memory (MB): peak = 1129.961 ; gain = 196.738
can't read "Fifo_Implementation_Warng_1": no such variable
can't read "PARAM_VALUE.ECC_PIPELINE_REG": no such variable
can't read "PARAM_VALUE.ECC_PIPELINE_REG": no such variable
can't read "Fifo_Implementation_Warng_1": no such variable
can't read "Fifo_Implementation_Warng_1": no such variable
can't read "Fifo_Implementation_Warng_1": no such variable
can't read "PARAM_VALUE.ECC_PIPELINE_REG": no such variable
can't read "PARAM_VALUE.ECC_PIPELINE_REG": no such variable
can't read "Fifo_Implementation_Warng_1": no such variable
can't read "Fifo_Implementation_Warng_1": no such variable
startgroup
set_property -dict [list CONFIG.TDATA_NUM_BYTES {4} CONFIG.TSTRB_WIDTH {4} CONFIG.TKEEP_WIDTH {4}] [get_bd_cells fifo_generator_0]
INFO: [xilinx.com:ip:fifo_generator:13.0-5968] /fifo_generator_0Executing the post_config_ip from bd
endgroup
update_compile_order -fileset sim_1
can't read "Fifo_Implementation_Warng_1": no such variable
can't read "PARAM_VALUE.ECC_PIPELINE_REG": no such variable
can't read "PARAM_VALUE.ECC_PIPELINE_REG": no such variable
can't read "Fifo_Implementation_Warng_1": no such variable
can't read "Fifo_Implementation_Warng_1": no such variable
can't read "Fifo_Implementation_Warng_1": no such variable
can't read "PARAM_VALUE.ECC_PIPELINE_REG": no such variable
can't read "PARAM_VALUE.ECC_PIPELINE_REG": no such variable
can't read "Fifo_Implementation_Warng_1": no such variable
can't read "Fifo_Implementation_Warng_1": no such variable
startgroup
set_property -dict [list CONFIG.TDATA_NUM_BYTES {4} CONFIG.TSTRB_WIDTH {4} CONFIG.TKEEP_WIDTH {4}] [get_bd_cells fifo_generator_1]
INFO: [xilinx.com:ip:fifo_generator:13.0-5968] /fifo_generator_1Executing the post_config_ip from bd
endgroup
startgroup
set_property -dict [list CONFIG.c_m_axis_mm2s_tdata_width {32}] [get_bd_cells axi_dma_1]
endgroup
update_compile_order -fileset sim_1
generate_target all [get_files  C:/Users/yaris/Desktop/AXI_FIFO/AXI_FIFO.srcs/sources_1/bd/system/system.bd]
CRITICAL WARNING: [BD 41-1343] Reset pin /fifo_generator_0/s_aresetn (associated clock /fifo_generator_0/s_aclk) is connected to reset source /rst_processing_system7_0_100M/peripheral_aresetn (synchronous to clock source /processing_system7_0/FCLK_CLK0).
This may prevent design from meeting timing. Please add Processor System Reset module to create a reset that is synchronous to the associated clock source /processing_system7_0/FCLK_CLK1.
CRITICAL WARNING: [BD 41-237] Bus Interface property TDATA_NUM_BYTES does not match between /fifo_generator_0/S_AXIS(4) and /S_AXIS(2)
WARNING: [BD 41-235] Width mismatch when connecting pin: '/ila_1/probe1'(16) to net 'S_AXIS_1_TDATA'(32) - Only lower order bits will be connected.
WARNING: [BD 41-235] Width mismatch when connecting pin: '/ila_1/probe6'(2) to net 'S_AXIS_1_TKEEP'(4) - Only lower order bits will be connected.
Verilog Output written to : C:/Users/yaris/Desktop/AXI_FIFO/AXI_FIFO.srcs/sources_1/bd/system/hdl/system.v
Verilog Output written to : C:/Users/yaris/Desktop/AXI_FIFO/AXI_FIFO.srcs/sources_1/bd/system/hdl/system_wrapper.v
Wrote  : <C:/Users/yaris/Desktop/AXI_FIFO/AXI_FIFO.srcs/sources_1/bd/system/system.bd> 
INFO: [BD 41-1029] Generation completed for the IP Integrator block processing_system7_0 .
INFO: [IP_Flow 19-1686] Generating 'Instantiation Template' target for IP 'system_axi_dma_0_0'...
INFO: [IP_Flow 19-1686] Generating 'Synthesis' target for IP 'system_axi_dma_0_0'...
INFO: [IP_Flow 19-1686] Generating 'Simulation' target for IP 'system_axi_dma_0_0'...
INFO: [IP_Flow 19-1686] Generating 'Change Log' target for IP 'system_axi_dma_0_0'...
INFO: [BD 41-1029] Generation completed for the IP Integrator block axi_dma_0 .
INFO: [IP_Flow 19-1686] Generating 'Instantiation Template' target for IP 'system_fifo_generator_0_0'...
INFO: [IP_Flow 19-1686] Generating 'Synthesis' target for IP 'system_fifo_generator_0_0'...
INFO: [Device 21-403] Loading part xc7z010clg400-1
INFO: [IP_Flow 19-1686] Generating 'Simulation' target for IP 'system_fifo_generator_0_0'...
INFO: [IP_Flow 19-1686] Generating 'Change Log' target for IP 'system_fifo_generator_0_0'...
INFO: [BD 41-1029] Generation completed for the IP Integrator block fifo_generator_0 .
INFO: [BD 41-1029] Generation completed for the IP Integrator block xlconcat_0 .
INFO: [IP_Flow 19-1686] Generating 'Instantiation Template' target for IP 'system_axi_dma_1_0'...
INFO: [IP_Flow 19-1686] Generating 'Synthesis' target for IP 'system_axi_dma_1_0'...
INFO: [IP_Flow 19-1686] Generating 'Simulation' target for IP 'system_axi_dma_1_0'...
INFO: [IP_Flow 19-1686] Generating 'Change Log' target for IP 'system_axi_dma_1_0'...
INFO: [BD 41-1029] Generation completed for the IP Integrator block axi_dma_1 .
INFO: [IP_Flow 19-1686] Generating 'Instantiation Template' target for IP 'system_fifo_generator_0_1'...
INFO: [IP_Flow 19-1686] Generating 'Synthesis' target for IP 'system_fifo_generator_0_1'...
INFO: [IP_Flow 19-1686] Generating 'Simulation' target for IP 'system_fifo_generator_0_1'...
INFO: [IP_Flow 19-1686] Generating 'Change Log' target for IP 'system_fifo_generator_0_1'...
INFO: [BD 41-1029] Generation completed for the IP Integrator block fifo_generator_1 .
INFO: [BD 41-1029] Generation completed for the IP Integrator block rst_processing_system7_0_100M .
INFO: [BD 41-1029] Generation completed for the IP Integrator block processing_system7_0_axi_periph/xbar .
INFO: [BD 41-1029] Generation completed for the IP Integrator block axi_gpio_0 .
INFO: [BD 41-1029] Generation completed for the IP Integrator block ila_0 .
INFO: [BD 41-1029] Generation completed for the IP Integrator block axi_gpio_1 .
INFO: [BD 41-1029] Generation completed for the IP Integrator block ila_1 .
INFO: [BD 41-1029] Generation completed for the IP Integrator block axi_gpio_2 .
INFO: [IP_Flow 19-1686] Generating 'Instantiation Template' target for IP 'system_auto_pc_0'...
INFO: [IP_Flow 19-1686] Generating 'Synthesis' target for IP 'system_auto_pc_0'...
INFO: [IP_Flow 19-1686] Generating 'Simulation' target for IP 'system_auto_pc_0'...
INFO: [IP_Flow 19-1686] Generating 'Change Log' target for IP 'system_auto_pc_0'...
INFO: [BD 41-1029] Generation completed for the IP Integrator block axi_mem_intercon/s00_couplers/auto_pc .
INFO: [IP_Flow 19-1686] Generating 'Instantiation Template' target for IP 'system_auto_us_0'...
INFO: [IP_Flow 19-1686] Generating 'Synthesis' target for IP 'system_auto_us_0'...
INFO: [IP_Flow 19-1686] Generating 'Simulation' target for IP 'system_auto_us_0'...
INFO: [IP_Flow 19-1686] Generating 'Change Log' target for IP 'system_auto_us_0'...
INFO: [BD 41-1029] Generation completed for the IP Integrator block axi_mem_intercon/s00_couplers/auto_us .
INFO: [IP_Flow 19-1686] Generating 'Instantiation Template' target for IP 'system_auto_pc_1'...
INFO: [IP_Flow 19-1686] Generating 'Synthesis' target for IP 'system_auto_pc_1'...
INFO: [IP_Flow 19-1686] Generating 'Simulation' target for IP 'system_auto_pc_1'...
INFO: [IP_Flow 19-1686] Generating 'Change Log' target for IP 'system_auto_pc_1'...
INFO: [BD 41-1029] Generation completed for the IP Integrator block processing_system7_0_axi_periph/s00_couplers/auto_pc .
INFO: [IP_Flow 19-1686] Generating 'Instantiation Template' target for IP 'system_auto_pc_2'...
INFO: [IP_Flow 19-1686] Generating 'Synthesis' target for IP 'system_auto_pc_2'...
INFO: [IP_Flow 19-1686] Generating 'Simulation' target for IP 'system_auto_pc_2'...
INFO: [IP_Flow 19-1686] Generating 'Change Log' target for IP 'system_auto_pc_2'...
INFO: [BD 41-1029] Generation completed for the IP Integrator block axi_mem_intercon1/s00_couplers/auto_pc .
INFO: [IP_Flow 19-1686] Generating 'Instantiation Template' target for IP 'system_auto_us_1'...
INFO: [IP_Flow 19-1686] Generating 'Synthesis' target for IP 'system_auto_us_1'...
INFO: [IP_Flow 19-1686] Generating 'Simulation' target for IP 'system_auto_us_1'...
INFO: [IP_Flow 19-1686] Generating 'Change Log' target for IP 'system_auto_us_1'...
INFO: [BD 41-1029] Generation completed for the IP Integrator block axi_mem_intercon1/s00_couplers/auto_us .
Exporting to file C:/Users/yaris/Desktop/AXI_FIFO/AXI_FIFO.srcs/sources_1/bd/system/hw_handoff/system.hwh
Generated Block Design Tcl file C:/Users/yaris/Desktop/AXI_FIFO/AXI_FIFO.srcs/sources_1/bd/system/hw_handoff/system_bd.tcl
Generated Hardware Definition File C:/Users/yaris/Desktop/AXI_FIFO/AXI_FIFO.srcs/sources_1/bd/system/hdl/system.hwdef
generate_target: Time (s): cpu = 00:00:23 ; elapsed = 00:00:30 . Memory (MB): peak = 1309.543 ; gain = 164.199
export_ip_user_files -of_objects [get_files C:/Users/yaris/Desktop/AXI_FIFO/AXI_FIFO.srcs/sources_1/bd/system/system.bd] -no_script -force -quiet
export_simulation -of_objects [get_files C:/Users/yaris/Desktop/AXI_FIFO/AXI_FIFO.srcs/sources_1/bd/system/system.bd] -directory C:/Users/yaris/Desktop/AXI_FIFO/AXI_FIFO.ip_user_files/sim_scripts -force -quiet
update_compile_order -fileset sim_1
set_property -dict [list CONFIG.TDATA_NUM_BYTES {4}] [get_bd_intf_ports S_AXIS]
generate_target all [get_files  C:/Users/yaris/Desktop/AXI_FIFO/AXI_FIFO.srcs/sources_1/bd/system/system.bd]
CRITICAL WARNING: [BD 41-1343] Reset pin /fifo_generator_0/s_aresetn (associated clock /fifo_generator_0/s_aclk) is connected to reset source /rst_processing_system7_0_100M/peripheral_aresetn (synchronous to clock source /processing_system7_0/FCLK_CLK0).
This may prevent design from meeting timing. Please add Processor System Reset module to create a reset that is synchronous to the associated clock source /processing_system7_0/FCLK_CLK1.
Verilog Output written to : C:/Users/yaris/Desktop/AXI_FIFO/AXI_FIFO.srcs/sources_1/bd/system/hdl/system.v
Verilog Output written to : C:/Users/yaris/Desktop/AXI_FIFO/AXI_FIFO.srcs/sources_1/bd/system/hdl/system_wrapper.v
Wrote  : <C:/Users/yaris/Desktop/AXI_FIFO/AXI_FIFO.srcs/sources_1/bd/system/system.bd> 
INFO: [BD 41-1029] Generation completed for the IP Integrator block processing_system7_0 .
INFO: [BD 41-1029] Generation completed for the IP Integrator block axi_dma_0 .
INFO: [BD 41-1029] Generation completed for the IP Integrator block fifo_generator_0 .
INFO: [BD 41-1029] Generation completed for the IP Integrator block xlconcat_0 .
INFO: [BD 41-1029] Generation completed for the IP Integrator block axi_dma_1 .
INFO: [BD 41-1029] Generation completed for the IP Integrator block fifo_generator_1 .
INFO: [BD 41-1029] Generation completed for the IP Integrator block rst_processing_system7_0_100M .
INFO: [BD 41-1029] Generation completed for the IP Integrator block processing_system7_0_axi_periph/xbar .
INFO: [BD 41-1029] Generation completed for the IP Integrator block axi_gpio_0 .
INFO: [BD 41-1029] Generation completed for the IP Integrator block ila_0 .
INFO: [BD 41-1029] Generation completed for the IP Integrator block axi_gpio_1 .
INFO: [IP_Flow 19-1686] Generating 'Instantiation Template' target for IP 'system_ila_1_0'...
INFO: [IP_Flow 19-1686] Generating 'Synthesis' target for IP 'system_ila_1_0'...
INFO: [IP_Flow 19-1686] Generating 'Simulation' target for IP 'system_ila_1_0'...
INFO: [IP_Flow 19-1686] Generating 'Change Log' target for IP 'system_ila_1_0'...
INFO: [BD 41-1029] Generation completed for the IP Integrator block ila_1 .
INFO: [BD 41-1029] Generation completed for the IP Integrator block axi_gpio_2 .
INFO: [IP_Flow 19-1686] Generating 'Instantiation Template' target for IP 'system_auto_pc_0'...
INFO: [IP_Flow 19-1686] Generating 'Synthesis' target for IP 'system_auto_pc_0'...
INFO: [IP_Flow 19-1686] Generating 'Simulation' target for IP 'system_auto_pc_0'...
INFO: [IP_Flow 19-1686] Generating 'Change Log' target for IP 'system_auto_pc_0'...
INFO: [BD 41-1029] Generation completed for the IP Integrator block axi_mem_intercon/s00_couplers/auto_pc .
INFO: [IP_Flow 19-1686] Generating 'Instantiation Template' target for IP 'system_auto_us_0'...
INFO: [IP_Flow 19-1686] Generating 'Synthesis' target for IP 'system_auto_us_0'...
INFO: [IP_Flow 19-1686] Generating 'Simulation' target for IP 'system_auto_us_0'...
INFO: [IP_Flow 19-1686] Generating 'Change Log' target for IP 'system_auto_us_0'...
INFO: [BD 41-1029] Generation completed for the IP Integrator block axi_mem_intercon/s00_couplers/auto_us .
INFO: [IP_Flow 19-1686] Generating 'Instantiation Template' target for IP 'system_auto_pc_1'...
INFO: [IP_Flow 19-1686] Generating 'Synthesis' target for IP 'system_auto_pc_1'...
INFO: [IP_Flow 19-1686] Generating 'Simulation' target for IP 'system_auto_pc_1'...
INFO: [IP_Flow 19-1686] Generating 'Change Log' target for IP 'system_auto_pc_1'...
INFO: [BD 41-1029] Generation completed for the IP Integrator block processing_system7_0_axi_periph/s00_couplers/auto_pc .
INFO: [IP_Flow 19-1686] Generating 'Instantiation Template' target for IP 'system_auto_pc_2'...
INFO: [IP_Flow 19-1686] Generating 'Synthesis' target for IP 'system_auto_pc_2'...
INFO: [IP_Flow 19-1686] Generating 'Simulation' target for IP 'system_auto_pc_2'...
INFO: [IP_Flow 19-1686] Generating 'Change Log' target for IP 'system_auto_pc_2'...
INFO: [BD 41-1029] Generation completed for the IP Integrator block axi_mem_intercon1/s00_couplers/auto_pc .
INFO: [IP_Flow 19-1686] Generating 'Instantiation Template' target for IP 'system_auto_us_1'...
INFO: [IP_Flow 19-1686] Generating 'Synthesis' target for IP 'system_auto_us_1'...
INFO: [IP_Flow 19-1686] Generating 'Simulation' target for IP 'system_auto_us_1'...
INFO: [IP_Flow 19-1686] Generating 'Change Log' target for IP 'system_auto_us_1'...
INFO: [BD 41-1029] Generation completed for the IP Integrator block axi_mem_intercon1/s00_couplers/auto_us .
Exporting to file C:/Users/yaris/Desktop/AXI_FIFO/AXI_FIFO.srcs/sources_1/bd/system/hw_handoff/system.hwh
Generated Block Design Tcl file C:/Users/yaris/Desktop/AXI_FIFO/AXI_FIFO.srcs/sources_1/bd/system/hw_handoff/system_bd.tcl
Generated Hardware Definition File C:/Users/yaris/Desktop/AXI_FIFO/AXI_FIFO.srcs/sources_1/bd/system/hdl/system.hwdef
generate_target: Time (s): cpu = 00:00:17 ; elapsed = 00:00:26 . Memory (MB): peak = 1374.336 ; gain = 26.035
export_ip_user_files -of_objects [get_files C:/Users/yaris/Desktop/AXI_FIFO/AXI_FIFO.srcs/sources_1/bd/system/system.bd] -no_script -force -quiet
export_simulation -of_objects [get_files C:/Users/yaris/Desktop/AXI_FIFO/AXI_FIFO.srcs/sources_1/bd/system/system.bd] -directory C:/Users/yaris/Desktop/AXI_FIFO/AXI_FIFO.ip_user_files/sim_scripts -force -quiet
reset_run synth_1
launch_runs impl_1 -to_step write_bitstream -jobs 2
[Mon Jul 30 16:58:52 2018] Launched synth_1...
Run output will be captured here: C:/Users/yaris/Desktop/AXI_FIFO/AXI_FIFO.runs/synth_1/runme.log
[Mon Jul 30 16:58:53 2018] Launched impl_1...
Run output will be captured here: C:/Users/yaris/Desktop/AXI_FIFO/AXI_FIFO.runs/impl_1/runme.log
file copy -force C:/Users/yaris/Desktop/AXI_FIFO/AXI_FIFO.runs/impl_1/system_wrapper.sysdef C:/Users/yaris/Desktop/AXI_FIFO/AXI_FIFO.sdk/system_wrapper.hdf

launch_sdk -workspace C:/Users/yaris/Desktop/AXI_FIFO/AXI_FIFO.sdk -hwspec C:/Users/yaris/Desktop/AXI_FIFO/AXI_FIFO.sdk/system_wrapper.hdf
INFO: [Vivado 12-393] Launching SDK...
INFO: [Vivado 12-417] Running xsdk -workspace C:/Users/yaris/Desktop/AXI_FIFO/AXI_FIFO.sdk -hwspec C:/Users/yaris/Desktop/AXI_FIFO/AXI_FIFO.sdk/system_wrapper.hdf
INFO: [Vivado 12-3157] SDK launch initiated. Please check console for any further messages.
can't read "Fifo_Implementation_Warng_1": no such variable
can't read "PARAM_VALUE.ECC_PIPELINE_REG": no such variable
can't read "PARAM_VALUE.ECC_PIPELINE_REG": no such variable
can't read "Fifo_Implementation_Warng_1": no such variable
can't read "Fifo_Implementation_Warng_1": no such variable
exit
INFO: [Common 17-206] Exiting Vivado at Tue Jul 31 10:06:46 2018...
