#
# A fatal error has been detected by the Java Runtime Environment:
#
#  Internal Error (0xc000000d), pid=1572, tid=3404
#
# JRE version: Java(TM) SE Runtime Environment (8.0_45-b15) (build 1.8.0_45-b15)
# Java VM: Java HotSpot(TM) 64-Bit Server VM (25.45-b02 mixed mode windows-amd64 compressed oops)
# Problematic frame:
# C  [ntdll.dll+0x108b00]
#
# Failed to write core dump. Minidumps are not enabled by default on client versions of Windows
#
# If you would like to submit a bug report, please visit:
#   http://bugreport.java.com/bugreport/crash.jsp
#

---------------  T H R E A D  ---------------

Current thread (0x0000000013cb7800):  VMThread [stack: 0x0000000014d40000,0x0000000014e40000] [id=3404]

siginfo: ExceptionCode=0xc000000d

Registers:
RAX=0x0000000013bc5400, RBX=0xfffffffffffffffe, RCX=0x0000000014e3eea0, RDX=0x0000000074249494
RSP=0x0000000014e3f3a0, RBP=0x00007ff88b3d7408, RSI=0x0000000000000000, RDI=0x0000000000000608
R8 =0x0000000002987a70, R9 =0x00000000029856d0, R10=0x00007ff89e150cef, R11=0x000000001b2ef790
R12=0x0000000000526270, R13=0x0000000015d9b670, R14=0x0000000000526378, R15=0x0000000014e3f518
RIP=0x00007ff89e218b00, EFLAGS=0x0000000000000202

Top of Stack: (sp=0x0000000014e3f3a0)
0x0000000014e3f3a0:   0000000000000057 fffffffffffffffe
0x0000000014e3f3b0:   0000000000000000 0000000000000608
0x0000000014e3f3c0:   00000000c000000d 0000000000000000
0x0000000014e3f3d0:   00007ff89e218b00 0000000000000000
0x0000000014e3f3e0:   0000000000000000 0000000000000000
0x0000000014e3f3f0:   0000000000000000 0000000000000000
0x0000000014e3f400:   0000000000000000 0000000000000000
0x0000000014e3f410:   0000000000000000 0000000000000000
0x0000000014e3f420:   0000000000000000 0000000000000000
0x0000000014e3f430:   0000000000000000 0000000000000000
0x0000000014e3f440:   0000000000000000 0000000000000000
0x0000000014e3f450:   0000000000000000 0000000000000000
0x0000000014e3f460:   00004699040a4335 0000000000000000
0x0000000014e3f470:   0000000000000120 00007ff89e1c72cb
0x0000000014e3f480:   0000000000000002 0000000000000013
0x0000000014e3f490:   0000000000000000 0000000000000000 

Instructions: (pc=0x00007ff89e218b00)
0x00007ff89e218ae0:   7f f9 ff c7 44 24 20 0d 00 00 c0 b9 57 00 00 00
0x00007ff89e218af0:   e8 6b e5 f3 ff 90 48 8d 4c 24 20 e8 b0 c4 ef ff
0x00007ff89e218b00:   eb 00 48 8b 8c 24 c0 00 00 00 48 33 cc e8 ee 1a
0x00007ff89e218b10:   f8 ff 48 81 c4 d8 00 00 00 c3 40 55 48 83 ec 20 


Register to memory mapping:

RAX=0x0000000013bc5400 is an unknown value
RBX=0xfffffffffffffffe is an unknown value
RCX=0x0000000014e3eea0 is an unknown value
RDX=0x0000000074249494 is an unknown value
RSP=0x0000000014e3f3a0 is an unknown value
RBP=0x00007ff88b3d7408 is an unknown value
RSI=0x0000000000000000 is an unknown value
RDI=0x0000000000000608 is an unknown value
R8 =0x0000000002987a70 is at code_begin+1456 in an Interpreter codelet
invoke return entry points  [0x00000000029874c0, 0x0000000002987dc0]  2304 bytes
R9 =0x00000000029856d0 is at code_begin+-80 in 
[CodeBlob (0x00000000029856d0)]
Framesize: 0
BufferBlob (0x00000000029856d0) used for Interpreter
R10=0x00007ff89e150cef is an unknown value
R11=0x000000001b2ef790 is an unknown value
R12=0x0000000000526270 is an unknown value
R13=0x0000000015d9b670 is an unknown value
R14=0x0000000000526378 is an unknown value
R15=0x0000000014e3f518 is an unknown value


Stack: [0x0000000014d40000,0x0000000014e40000],  sp=0x0000000014e3f3a0,  free space=1020k
Native frames: (J=compiled Java code, j=interpreted, Vv=VM code, C=native code)
C  [ntdll.dll+0x108b00]
C  [ntdll.dll+0xb72cb]
C  [KERNEL32.DLL+0x1e36a]
C  [MSVCR110.dll+0x752d]
C  [MSVCR110.dll+0x73c6]
C  [MSVCR110.dll+0x14cca]
C  [MSVCR110.dll+0x13edc]
C  [MSVCR110.dll+0x239e]
C  [MSVCR110.dll+0xaf9e]
C  [MSVCP110.dll+0x397b9]
C  [librdi_common.dll+0x14283e]
C  [librdi_common.dll+0x141449]
C  0x00007ff8930e2400
C  0x00007ff8930e2682
C  [ntdll.dll+0x34023]
C  [ntdll.dll+0x409d5]
C  [ntdll.dll+0x40898]
C  [KERNEL32.DLL+0x1b19a]
C  [MSVCR100.dll+0x20ccd]
V  [jvm.dll+0x20f135]
V  [jvm.dll+0x247ef7]
V  [jvm.dll+0x247196]
V  [jvm.dll+0x247631]
V  [jvm.dll+0x24784e]
V  [jvm.dll+0x29853a]
C  [MSVCR100.dll+0x21d9f]
C  [MSVCR100.dll+0x21e3b]
C  [KERNEL32.DLL+0x13034]
C  [ntdll.dll+0x71431]

VM_Operation (0x000000000014f500): Exit, mode: safepoint, requested by thread 0x0000000002853800


---------------  P R O C E S S  ---------------

Java Threads: ( => current thread )
  0x000000001a73f800 JavaThread "Thread-18" daemon [_thread_blocked, id=18404, stack(0x0000000026cd0000,0x0000000026dd0000)]
  0x0000000019ae3800 JavaThread "TCF Locator DNS Lookup" daemon [_thread_blocked, id=7628, stack(0x0000000020730000,0x0000000020830000)]
  0x0000000019ae3000 JavaThread "TCF Locator Timer" daemon [_thread_blocked, id=17928, stack(0x0000000020630000,0x0000000020730000)]
  0x0000000019ae0000 JavaThread "TCF Locator Receiver" daemon [_thread_in_native, id=15548, stack(0x0000000020530000,0x0000000020630000)]
  0x0000000019ae1800 JavaThread "TCF Timer Dispatcher" daemon [_thread_blocked, id=4020, stack(0x0000000020330000,0x0000000020430000)]
  0x00000000172dd000 JavaThread "EMF Reference Cleaner" daemon [_thread_blocked, id=2460, stack(0x0000000019570000,0x0000000019670000)]
  0x00000000150d0800 JavaThread "Service Thread" daemon [_thread_blocked, id=5056, stack(0x0000000015940000,0x0000000015a40000)]
  0x0000000013d4d000 JavaThread "C1 CompilerThread2" daemon [_thread_blocked, id=2080, stack(0x0000000015840000,0x0000000015940000)]
  0x0000000013d4b800 JavaThread "C2 CompilerThread1" daemon [_thread_blocked, id=18172, stack(0x0000000015740000,0x0000000015840000)]
  0x0000000013d49000 JavaThread "C2 CompilerThread0" daemon [_thread_blocked, id=7732, stack(0x0000000015640000,0x0000000015740000)]
  0x0000000013d47800 JavaThread "Attach Listener" daemon [_thread_blocked, id=13188, stack(0x0000000015540000,0x0000000015640000)]
  0x0000000013d05000 JavaThread "Signal Dispatcher" daemon [_thread_blocked, id=8176, stack(0x0000000015440000,0x0000000015540000)]
  0x0000000013cb9000 JavaThread "Finalizer" daemon [_thread_blocked, id=17984, stack(0x0000000014f40000,0x0000000015040000)]
  0x0000000002941800 JavaThread "Reference Handler" daemon [_thread_blocked, id=17184, stack(0x0000000014e40000,0x0000000014f40000)]
  0x0000000002853800 JavaThread "main" [_thread_blocked, id=11864, stack(0x0000000000050000,0x0000000000150000)]

Other Threads:
=>0x0000000013cb7800 VMThread [stack: 0x0000000014d40000,0x0000000014e40000] [id=3404]

VM state:at safepoint (shutting down)

VM Mutex/Monitor currently owned by a thread:  ([mutex/lock_event])
[0x0000000002850850] Threads_lock - owner thread: 0x0000000013cb7800

Heap:
 PSYoungGen      total 110080K, used 38435K [0x00000000f5580000, 0x00000000fdd00000, 0x0000000100000000)
  eden space 82944K, 46% used [0x00000000f5580000,0x00000000f7b08e18,0x00000000fa680000)
  from space 27136K, 0% used [0x00000000fc180000,0x00000000fc180000,0x00000000fdc00000)
  to   space 27648K, 0% used [0x00000000fa680000,0x00000000fa680000,0x00000000fc180000)
 ParOldGen       total 97280K, used 53598K [0x00000000e0000000, 0x00000000e5f00000, 0x00000000f5580000)
  object space 97280K, 55% used [0x00000000e0000000,0x00000000e3457ac0,0x00000000e5f00000)
 Metaspace       used 79243K, capacity 85862K, committed 86016K, reserved 1124352K
  class space    used 9586K, capacity 11666K, committed 11776K, reserved 1048576K

Card table byte_map: [0x0000000011d40000,0x0000000011e50000] byte_map_base: 0x0000000011640000

Marking Bits: (ParMarkBitMap*) 0x0000000074844040
 Begin Bits: [0x0000000012250000, 0x0000000012a50000)
 End Bits:   [0x0000000012a50000, 0x0000000013250000)

Polling page: 0x0000000002110000

CodeCache: size=245760Kb used=33526Kb max_used=33538Kb free=212233Kb
 bounds [0x0000000002980000, 0x0000000004a80000, 0x0000000011980000]
 total_blobs=10119 nmethods=9260 adapters=767
 compilation: enabled

Compilation events (10 events):
Event: 657.520 Thread 0x0000000013d4d000 11273   !   3       org.eclipse.osgi.internal.baseadaptor.BaseStorage::compact (215 bytes)
Event: 657.523 Thread 0x0000000013d4d000 nmethod 11273 0x0000000004a58bd0 code [0x0000000004a59020, 0x0000000004a5b4e8]
Event: 657.523 Thread 0x0000000013d4d000 11275       1       java.nio.charset.CharsetDecoder::replacement (5 bytes)
Event: 657.523 Thread 0x0000000013d4d000 nmethod 11275 0x0000000004a46190 code [0x0000000004a462e0, 0x0000000004a463f0]
Event: 657.523 Thread 0x0000000013d4d000 11274       3       java.lang.ThreadLocal$ThreadLocalMap$Entry::<init> (11 bytes)
Event: 657.524 Thread 0x0000000013d4d000 nmethod 11274 0x000000000351d0d0 code [0x000000000351d240, 0x000000000351d590]
Event: 657.834 Thread 0x0000000013d49000 11276       4       java.io.File::isDirectory (43 bytes)
Event: 657.837 Thread 0x0000000013d49000 nmethod 11276 0x0000000003a556d0 code [0x0000000003a55820, 0x0000000003a55a28]
Event: 657.874 Thread 0x0000000013d4d000 11277       3       org.eclipse.osgi.framework.internal.core.AbstractBundle::close (52 bytes)
Event: 657.875 Thread 0x0000000013d4d000 nmethod 11277 0x0000000004a57710 code [0x0000000004a57940, 0x0000000004a58648]

GC Heap History (10 events):
Event: 335.867 GC heap before
{Heap before GC invocations=25 (full 5):
 PSYoungGen      total 109056K, used 992K [0x00000000f5580000, 0x00000000fdd00000, 0x0000000100000000)
  eden space 82432K, 0% used [0x00000000f5580000,0x00000000f5580000,0x00000000fa600000)
  from space 26624K, 3% used [0x00000000fc100000,0x00000000fc1f8030,0x00000000fdb00000)
  to   space 27648K, 0% used [0x00000000fa600000,0x00000000fa600000,0x00000000fc100000)
 ParOldGen       total 97280K, used 51601K [0x00000000e0000000, 0x00000000e5f00000, 0x00000000f5580000)
  object space 97280K, 53% used [0x00000000e0000000,0x00000000e3264478,0x00000000e5f00000)
 Metaspace       used 74713K, capacity 80702K, committed 80896K, reserved 1120256K
  class space    used 9035K, capacity 10927K, committed 11008K, reserved 1048576K
Event: 336.301 GC heap after
Heap after GC invocations=25 (full 5):
 PSYoungGen      total 109056K, used 0K [0x00000000f5580000, 0x00000000fdd00000, 0x0000000100000000)
  eden space 82432K, 0% used [0x00000000f5580000,0x00000000f5580000,0x00000000fa600000)
  from space 26624K, 0% used [0x00000000fc100000,0x00000000fc100000,0x00000000fdb00000)
  to   space 27648K, 0% used [0x00000000fa600000,0x00000000fa600000,0x00000000fc100000)
 ParOldGen       total 97280K, used 52329K [0x00000000e0000000, 0x00000000e5f00000, 0x00000000f5580000)
  object space 97280K, 53% used [0x00000000e0000000,0x00000000e331a498,0x00000000e5f00000)
 Metaspace       used 74713K, capacity 80702K, committed 80896K, reserved 1120256K
  class space    used 9035K, capacity 10927K, committed 11008K, reserved 1048576K
}
Event: 395.874 GC heap before
{Heap before GC invocations=26 (full 5):
 PSYoungGen      total 109056K, used 60787K [0x00000000f5580000, 0x00000000fdd00000, 0x0000000100000000)
  eden space 82432K, 73% used [0x00000000f5580000,0x00000000f90dceb8,0x00000000fa600000)
  from space 26624K, 0% used [0x00000000fc100000,0x00000000fc100000,0x00000000fdb00000)
  to   space 27648K, 0% used [0x00000000fa600000,0x00000000fa600000,0x00000000fc100000)
 ParOldGen       total 97280K, used 52329K [0x00000000e0000000, 0x00000000e5f00000, 0x00000000f5580000)
  object space 97280K, 53% used [0x00000000e0000000,0x00000000e331a498,0x00000000e5f00000)
 Metaspace       used 78142K, capacity 84474K, committed 84736K, reserved 1122304K
  class space    used 9451K, capacity 11503K, committed 11520K, reserved 1048576K
Event: 395.887 GC heap after
Heap after GC invocations=26 (full 5):
 PSYoungGen      total 110080K, used 6886K [0x00000000f5580000, 0x00000000fdc00000, 0x0000000100000000)
  eden space 82432K, 0% used [0x00000000f5580000,0x00000000f5580000,0x00000000fa600000)
  from space 27648K, 24% used [0x00000000fa600000,0x00000000facb9ad0,0x00000000fc100000)
  to   space 27136K, 0% used [0x00000000fc180000,0x00000000fc180000,0x00000000fdc00000)
 ParOldGen       total 97280K, used 52337K [0x00000000e0000000, 0x00000000e5f00000, 0x00000000f5580000)
  object space 97280K, 53% used [0x00000000e0000000,0x00000000e331c498,0x00000000e5f00000)
 Metaspace       used 78142K, capacity 84474K, committed 84736K, reserved 1122304K
  class space    used 9451K, capacity 11503K, committed 11520K, reserved 1048576K
}
Event: 395.887 GC heap before
{Heap before GC invocations=27 (full 6):
 PSYoungGen      total 110080K, used 6886K [0x00000000f5580000, 0x00000000fdc00000, 0x0000000100000000)
  eden space 82432K, 0% used [0x00000000f5580000,0x00000000f5580000,0x00000000fa600000)
  from space 27648K, 24% used [0x00000000fa600000,0x00000000facb9ad0,0x00000000fc100000)
  to   space 27136K, 0% used [0x00000000fc180000,0x00000000fc180000,0x00000000fdc00000)
 ParOldGen       total 97280K, used 52337K [0x00000000e0000000, 0x00000000e5f00000, 0x00000000f5580000)
  object space 97280K, 53% used [0x00000000e0000000,0x00000000e331c498,0x00000000e5f00000)
 Metaspace       used 78142K, capacity 84474K, committed 84736K, reserved 1122304K
  class space    used 9451K, capacity 11503K, committed 11520K, reserved 1048576K
Event: 396.367 GC heap after
Heap after GC invocations=27 (full 6):
 PSYoungGen      total 110080K, used 0K [0x00000000f5580000, 0x00000000fdc00000, 0x0000000100000000)
  eden space 82432K, 0% used [0x00000000f5580000,0x00000000f5580000,0x00000000fa600000)
  from space 27648K, 0% used [0x00000000fa600000,0x00000000fa600000,0x00000000fc100000)
  to   space 27136K, 0% used [0x00000000fc180000,0x00000000fc180000,0x00000000fdc00000)
 ParOldGen       total 97280K, used 56589K [0x00000000e0000000, 0x00000000e5f00000, 0x00000000f5580000)
  object space 97280K, 58% used [0x00000000e0000000,0x00000000e3743468,0x00000000e5f00000)
 Metaspace       used 78142K, capacity 84474K, committed 84736K, reserved 1122304K
  class space    used 9451K, capacity 11503K, committed 11520K, reserved 1048576K
}
Event: 455.888 GC heap before
{Heap before GC invocations=28 (full 6):
 PSYoungGen      total 110080K, used 3939K [0x00000000f5580000, 0x00000000fdc00000, 0x0000000100000000)
  eden space 82432K, 4% used [0x00000000f5580000,0x00000000f5958f20,0x00000000fa600000)
  from space 27648K, 0% used [0x00000000fa600000,0x00000000fa600000,0x00000000fc100000)
  to   space 27136K, 0% used [0x00000000fc180000,0x00000000fc180000,0x00000000fdc00000)
 ParOldGen       total 97280K, used 56589K [0x00000000e0000000, 0x00000000e5f00000, 0x00000000f5580000)
  object space 97280K, 58% used [0x00000000e0000000,0x00000000e3743468,0x00000000e5f00000)
 Metaspace       used 78156K, capacity 84538K, committed 84736K, reserved 1122304K
  class space    used 9451K, capacity 11503K, committed 11520K, reserved 1048576K
Event: 455.892 GC heap after
Heap after GC invocations=28 (full 6):
 PSYoungGen      total 110080K, used 160K [0x00000000f5580000, 0x00000000fdd00000, 0x0000000100000000)
  eden space 82944K, 0% used [0x00000000f5580000,0x00000000f5580000,0x00000000fa680000)
  from space 27136K, 0% used [0x00000000fc180000,0x00000000fc1a8000,0x00000000fdc00000)
  to   space 27648K, 0% used [0x00000000fa680000,0x00000000fa680000,0x00000000fc180000)
 ParOldGen       total 97280K, used 56597K [0x00000000e0000000, 0x00000000e5f00000, 0x00000000f5580000)
  object space 97280K, 58% used [0x00000000e0000000,0x00000000e3745468,0x00000000e5f00000)
 Metaspace       used 78156K, capacity 84538K, committed 84736K, reserved 1122304K
  class space    used 9451K, capacity 11503K, committed 11520K, reserved 1048576K
}
Event: 455.892 GC heap before
{Heap before GC invocations=29 (full 7):
 PSYoungGen      total 110080K, used 160K [0x00000000f5580000, 0x00000000fdd00000, 0x0000000100000000)
  eden space 82944K, 0% used [0x00000000f5580000,0x00000000f5580000,0x00000000fa680000)
  from space 27136K, 0% used [0x00000000fc180000,0x00000000fc1a8000,0x00000000fdc00000)
  to   space 27648K, 0% used [0x00000000fa680000,0x00000000fa680000,0x00000000fc180000)
 ParOldGen       total 97280K, used 56597K [0x00000000e0000000, 0x00000000e5f00000, 0x00000000f5580000)
  object space 97280K, 58% used [0x00000000e0000000,0x00000000e3745468,0x00000000e5f00000)
 Metaspace       used 78156K, capacity 84538K, committed 84736K, reserved 1122304K
  class space    used 9451K, capacity 11503K, committed 11520K, reserved 1048576K
Event: 456.253 GC heap after
Heap after GC invocations=29 (full 7):
 PSYoungGen      total 110080K, used 0K [0x00000000f5580000, 0x00000000fdd00000, 0x0000000100000000)
  eden space 82944K, 0% used [0x00000000f5580000,0x00000000f5580000,0x00000000fa680000)
  from space 27136K, 0% used [0x00000000fc180000,0x00000000fc180000,0x00000000fdc00000)
  to   space 27648K, 0% used [0x00000000fa680000,0x00000000fa680000,0x00000000fc180000)
 ParOldGen       total 97280K, used 53598K [0x00000000e0000000, 0x00000000e5f00000, 0x00000000f5580000)
  object space 97280K, 55% used [0x00000000e0000000,0x00000000e3457ac0,0x00000000e5f00000)
 Metaspace       used 78156K, capacity 84538K, committed 84736K, reserved 1122304K
  class space    used 9451K, capacity 11503K, committed 11520K, reserved 1048576K
}

Deoptimization events (10 events):
Event: 475.277 Thread 0x0000000002853800 Uncommon trap: reason=bimorphic action=maybe_recompile pc=0x0000000004978cc8 method=org.eclipse.e4.core.internal.contexts.ContextObjectSupplier$ContextInjectionListener.update(Lorg/eclipse/e4/core/contexts/IEclipseContext;I[Ljava/lang/Object;)Z @ 189
Event: 475.277 Thread 0x0000000002853800 Uncommon trap: reason=bimorphic action=maybe_recompile pc=0x0000000004978cc8 method=org.eclipse.e4.core.internal.contexts.ContextObjectSupplier$ContextInjectionListener.update(Lorg/eclipse/e4/core/contexts/IEclipseContext;I[Ljava/lang/Object;)Z @ 189
Event: 475.277 Thread 0x0000000002853800 Uncommon trap: reason=bimorphic action=maybe_recompile pc=0x0000000004978cc8 method=org.eclipse.e4.core.internal.contexts.ContextObjectSupplier$ContextInjectionListener.update(Lorg/eclipse/e4/core/contexts/IEclipseContext;I[Ljava/lang/Object;)Z @ 189
Event: 475.283 Thread 0x0000000002853800 Uncommon trap: reason=bimorphic action=maybe_recompile pc=0x0000000004978cc8 method=org.eclipse.e4.core.internal.contexts.ContextObjectSupplier$ContextInjectionListener.update(Lorg/eclipse/e4/core/contexts/IEclipseContext;I[Ljava/lang/Object;)Z @ 189
Event: 656.519 Thread 0x0000000002853800 Uncommon trap: reason=predicate action=maybe_recompile pc=0x00000000045c6644 method=java.util.concurrent.CopyOnWriteArrayList.indexOf(Ljava/lang/Object;[Ljava/lang/Object;II)I @ 41
Event: 656.520 Thread 0x0000000019ae2000 Uncommon trap: reason=unstable_if action=reinterpret pc=0x000000000310f57c method=org.eclipse.core.runtime.internal.adaptor.EclipseLazyStarter.shouldActivateFor(Ljava/lang/String;Lorg/eclipse/osgi/baseadaptor/BaseData;Lorg/eclipse/core/runtime/internal/adal¬‡é-„„@
Event: 656.522 Thread 0x0000000019ae2000 Uncommon trap: reason=unstable_if action=reinterpret pc=0x0000000003610d48 method=org.eclipse.core.runtime.internal.adaptor.EclipseLazyStarter.shouldActivateFor(Ljava/lang/String;Lorg/eclipse/osgi/baseadaptor/BaseData;Lorg/eclipse/core/runtime/internal/adaI}`¸9„„@
Event: 656.528 Thread 0x0000000002853800 Uncommon trap: reason=unstable_if action=reinterpret pc=0x0000000002a91e74 method=sun.nio.cs.UTF_8$Encoder.encodeArrayLoop(Ljava/nio/CharBuffer;Ljava/nio/ByteBuffer;)Ljava/nio/charset/CoderResult; @ 87
Event: 657.095 Thread 0x0000000016526000 Uncommon trap: reason=unstable_if action=reinterpret pc=0x00000000033eb470 method=org.eclipse.osgi.framework.internal.core.BundleContextImpl.dispatchEvent(Ljava/lang/Object;Ljava/lang/Object;ILjava/lang/Object;)V @ 16
Event: 657.522 Thread 0x000000001a73e000 Uncommon trap: reason=unstable_if action=reinterpret pc=0x0000000004576890 method=sun.nio.cs.ext.DoubleByte$Decoder.decode([BII[C)I @ 49

Internal exceptions (10 events):
Event: 657.522 Thread 0x000000001a73e000 Exception <a 'java/io/IOException'> (0x00000000f6e33728) thrown at [C:\re\workspace\8-2-build-windows-amd64-cygwin\jdk8u45\3627\hotspot\src\share\vm\prims\jni.cpp, line 709]
Event: 657.522 Thread 0x000000001a73e000 Exception <a 'java/io/IOException'> (0x00000000f6e33988) thrown at [C:\re\workspace\8-2-build-windows-amd64-cygwin\jdk8u45\3627\hotspot\src\share\vm\prims\jni.cpp, line 709]
Event: 657.522 Thread 0x000000001a73e000 Exception <a 'java/io/IOException'> (0x00000000f6e33bb8) thrown at [C:\re\workspace\8-2-build-windows-amd64-cygwin\jdk8u45\3627\hotspot\src\share\vm\prims\jni.cpp, line 709]
Event: 657.522 Thread 0x000000001a73e000 Exception <a 'java/io/IOException'> (0x00000000f6e34288) thrown at [C:\re\workspace\8-2-build-windows-amd64-cygwin\jdk8u45\3627\hotspot\src\share\vm\prims\jni.cpp, line 709]
Event: 657.523 Thread 0x000000001a73e000 Exception <a 'java/io/IOException'> (0x00000000f6e344e8) thrown at [C:\re\workspace\8-2-build-windows-amd64-cygwin\jdk8u45\3627\hotspot\src\share\vm\prims\jni.cpp, line 709]
Event: 657.523 Thread 0x000000001a73e000 Exception <a 'java/io/IOException'> (0x00000000f6e34718) thrown at [C:\re\workspace\8-2-build-windows-amd64-cygwin\jdk8u45\3627\hotspot\src\share\vm\prims\jni.cpp, line 709]
Event: 657.523 Thread 0x000000001a73e000 Exception <a 'java/io/IOException'> (0x00000000f6e34dc8) thrown at [C:\re\workspace\8-2-build-windows-amd64-cygwin\jdk8u45\3627\hotspot\src\share\vm\prims\jni.cpp, line 709]
Event: 657.523 Thread 0x000000001a73e000 Exception <a 'java/io/IOException'> (0x00000000f6e35028) thrown at [C:\re\workspace\8-2-build-windows-amd64-cygwin\jdk8u45\3627\hotspot\src\share\vm\prims\jni.cpp, line 709]
Event: 657.523 Thread 0x000000001a73e000 Exception <a 'java/io/IOException'> (0x00000000f6e35258) thrown at [C:\re\workspace\8-2-build-windows-amd64-cygwin\jdk8u45\3627\hotspot\src\share\vm\prims\jni.cpp, line 709]
Event: 657.874 Thread 0x0000000016526000 Exception <a 'java/lang/InterruptedException'> (0x00000000f77d03d0) thrown at [C:\re\workspace\8-2-build-windows-amd64-cygwin\jdk8u45\3627\hotspot\src\share\vm\runtime\objectMonitor.cpp, line 1683]

Events (10 events):
Event: 657.523 Thread 0x000000001a73e000 Thread exited: 0x000000001a73e000
Event: 657.874 Thread 0x0000000016526000 Thread exited: 0x0000000016526000
Event: 657.875 Thread 0x0000000016766000 Thread exited: 0x0000000016766000
Event: 657.875 loading class java/util/IdentityHashMap$KeyIterator
Event: 657.875 loading class java/util/IdentityHashMap$IdentityHashMapIterator
Event: 657.876 loading class java/util/IdentityHashMap$IdentityHashMapIterator done
Event: 657.876 loading class java/util/IdentityHashMap$KeyIterator done
Event: 657.876 Thread 0x000000001a73f000 Thread added: 0x000000001a73f000
Event: 657.876 Thread 0x000000001a73f000 Thread exited: 0x000000001a73f000
Event: 657.877 Executing VM operation: Exit


Dynamic libraries:
0x0000000000400000 - 0x000000000044f000 	C:\Xilinx\SDK\2015.4\eclipse\win64.o\eclipse.exe
0x00007ff89e110000 - 0x00007ff89e2f1000 	C:\WINDOWS\SYSTEM32\ntdll.dll
0x00007ff89bcd0000 - 0x00007ff89bd82000 	C:\WINDOWS\System32\KERNEL32.DLL
0x00007ff89af30000 - 0x00007ff89b1a3000 	C:\WINDOWS\System32\KERNELBASE.dll
0x00007ff89bd90000 - 0x00007ff89bf20000 	C:\WINDOWS\System32\USER32.dll
0x00007ff89a4e0000 - 0x00007ff89a500000 	C:\WINDOWS\System32\win32u.dll
0x00007ff89c0c0000 - 0x00007ff89c0e8000 	C:\WINDOWS\System32\GDI32.dll
0x00007ff89a680000 - 0x00007ff89a812000 	C:\WINDOWS\System32\gdi32full.dll
0x00007ff89b1b0000 - 0x00007ff89b24f000 	C:\WINDOWS\System32\msvcp_win.dll
0x00007ff89b4a0000 - 0x00007ff89b59a000 	C:\WINDOWS\System32\ucrtbase.dll
0x00007ff89da70000 - 0x00007ff89db0e000 	C:\WINDOWS\System32\msvcrt.dll
0x00007ff8891f0000 - 0x00007ff889459000 	C:\WINDOWS\WinSxS\amd64_microsoft.windows.common-controls_6595b64144ccf1df_6.0.17134.165_none_fb429645306569ac\COMCTL32.dll
0x00007ff89dc60000 - 0x00007ff89df83000 	C:\WINDOWS\System32\combase.dll
0x00007ff89db10000 - 0x00007ff89dc34000 	C:\WINDOWS\System32\RPCRT4.dll
0x00007ff89a500000 - 0x00007ff89a57a000 	C:\WINDOWS\System32\bcryptPrimitives.dll
0x00007ff89b710000 - 0x00007ff89b73d000 	C:\WINDOWS\System32\IMM32.DLL
0x0000000072000000 - 0x0000000072012000 	C:\Xilinx\SDK\2015.4\eclipse\win64.o\plugins\org.eclipse.equinox.launcher.win32.win32.x86_64_1.1.200.v20140116-2212\eclipse_1503.dll
0x00007ff89bf90000 - 0x00007ff89c031000 	C:\WINDOWS\System32\ADVAPI32.dll
0x00007ff89df90000 - 0x00007ff89dfeb000 	C:\WINDOWS\System32\sechost.dll
0x00007ff894a20000 - 0x00007ff894a2a000 	C:\WINDOWS\SYSTEM32\VERSION.dll
0x00007ff898810000 - 0x00007ff8988a8000 	C:\WINDOWS\system32\uxtheme.dll
0x00007ff89b9b0000 - 0x00007ff89bb25000 	C:\WINDOWS\System32\MSCTF.dll
0x00007ff89d990000 - 0x00007ff89da52000 	C:\WINDOWS\System32\OLEAUT32.dll
0x00007ff8476d0000 - 0x00007ff84771b000 	C:\Program Files\Listary\ListaryHook64.dll
0x00007ff89b740000 - 0x00007ff89b891000 	C:\WINDOWS\System32\ole32.dll
0x00007ff89b950000 - 0x00007ff89b9a1000 	C:\WINDOWS\System32\SHLWAPI.dll
0x00007ff890d80000 - 0x00007ff890deb000 	C:\WINDOWS\SYSTEM32\OLEACC.dll
0x0000000074040000 - 0x00000000748c3000 	C:\Xilinx\SDK\2015.4\tps\win64\jre\bin\server\jvm.dll
0x00007ff89da60000 - 0x00007ff89da68000 	C:\WINDOWS\System32\PSAPI.DLL
0x00007ff88c480000 - 0x00007ff88c489000 	C:\WINDOWS\SYSTEM32\WSOCK32.dll
0x00007ff898410000 - 0x00007ff898433000 	C:\WINDOWS\SYSTEM32\WINMM.dll
0x00007ff89bf20000 - 0x00007ff89bf8c000 	C:\WINDOWS\System32\WS2_32.dll
0x0000000075a60000 - 0x0000000075b32000 	C:\WINDOWS\SYSTEM32\MSVCR100.dll
0x00007ff8983b0000 - 0x00007ff8983da000 	C:\WINDOWS\SYSTEM32\WINMMBASE.dll
0x00007ff89a630000 - 0x00007ff89a679000 	C:\WINDOWS\System32\cfgmgr32.dll
0x0000000075b70000 - 0x0000000075b7f000 	C:\Xilinx\SDK\2015.4\tps\win64\jre\bin\verify.dll
0x0000000075b40000 - 0x0000000075b69000 	C:\Xilinx\SDK\2015.4\tps\win64\jre\bin\java.dll
0x0000000075690000 - 0x00000000756a6000 	C:\Xilinx\SDK\2015.4\tps\win64\jre\bin\zip.dll
0x00007ff89c540000 - 0x00007ff89d980000 	C:\WINDOWS\System32\SHELL32.dll
0x00007ff89b8a0000 - 0x00007ff89b949000 	C:\WINDOWS\System32\shcore.dll
0x00007ff89a820000 - 0x00007ff89af2d000 	C:\WINDOWS\System32\windows.storage.dll
0x00007ff89a4c0000 - 0x00007ff89a4d1000 	C:\WINDOWS\System32\kernel.appcore.dll
0x00007ff89a430000 - 0x00007ff89a44f000 	C:\WINDOWS\System32\profapi.dll
0x00007ff89a470000 - 0x00007ff89a4bc000 	C:\WINDOWS\System32\powrprof.dll
0x00007ff89a420000 - 0x00007ff89a42a000 	C:\WINDOWS\System32\FLTLIB.DLL
0x00007ff899e00000 - 0x00007ff899e17000 	C:\WINDOWS\SYSTEM32\CRYPTSP.dll
0x00007ff899820000 - 0x00007ff899853000 	C:\WINDOWS\system32\rsaenh.dll
0x00007ff899f20000 - 0x00007ff899f45000 	C:\WINDOWS\SYSTEM32\bcrypt.dll
0x00007ff89a350000 - 0x00007ff89a378000 	C:\WINDOWS\SYSTEM32\USERENV.dll
0x00007ff899df0000 - 0x00007ff899dfb000 	C:\WINDOWS\SYSTEM32\CRYPTBASE.dll
0x0000000075590000 - 0x00000000755aa000 	C:\Xilinx\SDK\2015.4\tps\win64\jre\bin\net.dll
0x00007ff899c40000 - 0x00007ff899ca6000 	C:\WINDOWS\system32\mswsock.dll
0x00007ff8999c0000 - 0x00007ff8999f8000 	C:\WINDOWS\SYSTEM32\IPHLPAPI.DLL
0x00007ff89b6a0000 - 0x00007ff89b6a8000 	C:\WINDOWS\System32\NSI.dll
0x00007ff890c20000 - 0x00007ff890c36000 	C:\WINDOWS\SYSTEM32\dhcpcsvc6.DLL
0x00007ff890cd0000 - 0x00007ff890cea000 	C:\WINDOWS\SYSTEM32\dhcpcsvc.DLL
0x0000000073ef0000 - 0x0000000073f01000 	C:\Xilinx\SDK\2015.4\tps\win64\jre\bin\nio.dll
0x0000000180000000 - 0x0000000180048000 	C:\Program Files (x86)\MyDrivers\DriverGenius\dghmpg64.dll
0x00007ff8820c0000 - 0x00007ff8820d6000 	C:\WINDOWS\system32\napinsp.dll
0x00007ff8819b0000 - 0x00007ff8819ca000 	C:\WINDOWS\system32\pnrpnsp.dll
0x00007ff896ae0000 - 0x00007ff896af9000 	C:\WINDOWS\system32\NLAapi.dll
0x00007ff899a00000 - 0x00007ff899abe000 	C:\WINDOWS\SYSTEM32\DNSAPI.dll
0x00007ff881710000 - 0x00007ff88171e000 	C:\WINDOWS\System32\winrnr.dll
0x00007ff881450000 - 0x00007ff881465000 	C:\WINDOWS\System32\wshbth.dll
0x00007ff890bf0000 - 0x00007ff890bfa000 	C:\Windows\System32\rasadhlp.dll
0x00007ff8907b0000 - 0x00007ff890822000 	C:\WINDOWS\System32\fwpuclnt.dll
0x0000000015eb0000 - 0x0000000015f58000 	C:\Users\yaris\.Xilinx\SDK\2015.4\org.eclipse.osgi\bundles\303\1\.cp\swt-win32-4335.dll
0x00007ff89dff0000 - 0x00007ff89e0dd000 	C:\WINDOWS\System32\comdlg32.dll
0x00007ff89b250000 - 0x00007ff89b432000 	C:\WINDOWS\System32\CRYPT32.dll
0x00007ff89a450000 - 0x00007ff89a462000 	C:\WINDOWS\System32\MSASN1.dll
0x00007ff890cf0000 - 0x00007ff890d74000 	C:\WINDOWS\SYSTEM32\WINSPOOL.DRV
0x00007ff88c120000 - 0x00007ff88c46f000 	C:\WINDOWS\SYSTEM32\WININET.dll
0x00007ff898fa0000 - 0x00007ff899154000 	C:\WINDOWS\SYSTEM32\PROPSYS.dll
0x00007ff87be90000 - 0x00007ff87bea9000 	C:\WINDOWS\SYSTEM32\USP10.dll
0x00007ff8988e0000 - 0x00007ff898909000 	C:\WINDOWS\system32\dwmapi.dll
0x00007ff89b5a0000 - 0x00007ff89b640000 	C:\WINDOWS\System32\clbcatq.dll
0x0000000017d70000 - 0x0000000017d8e000 	C:\Users\yaris\.Xilinx\SDK\2015.4\org.eclipse.osgi\bundles\303\1\.cp\swt-gdip-win32-4335.dll
0x00007ff890e50000 - 0x00007ff890fea000 	C:\WINDOWS\WinSxS\amd64_microsoft.windows.gdiplus_6595b64144ccf1df_1.1.17134.165_none_2c2d892a8af7e37a\gdiplus.dll
0x00007ff8956b0000 - 0x00007ff89585e000 	C:\WINDOWS\SYSTEM32\WindowsCodecs.dll
0x00000000180e0000 - 0x00000000180f2000 	C:\Users\yaris\.Xilinx\SDK\2015.4\org.eclipse.osgi\bundles\121\1\.cp\os\win32\x86_64\localfile_1_0_0.dll
0x00007ff896d40000 - 0x00007ff896d51000 	C:\Users\yaris\.Xilinx\SDK\2015.4\org.eclipse.osgi\bundles\124\1\.cp\jWinHttp-1.0.0.dll
0x00007ff896650000 - 0x00007ff89672c000 	C:\WINDOWS\SYSTEM32\WINHTTP.dll
0x00007ff8963e0000 - 0x00007ff8963ef000 	C:\Xilinx\SDK\2015.4\lib\win64.o\librdi_repo_manager.dll
0x00007ff895b70000 - 0x00007ff895b9a000 	C:\Xilinx\SDK\2015.4\lib\win64.o\libisl_sysinfo.dll
0x00007ff84b7f0000 - 0x00007ff84c17d000 	C:\Xilinx\SDK\2015.4\lib\win64.o\librdi_common.dll
0x00007ff88da00000 - 0x00007ff88da54000 	C:\Xilinx\SDK\2015.4\lib\win64.o\librdi_commonxillic.dll
0x00007ff889510000 - 0x00007ff8895b7000 	C:\WINDOWS\SYSTEM32\MSVCP110.dll
0x00007ff869f00000 - 0x00007ff86a0ec000 	C:\Xilinx\SDK\2015.4\lib\win64.o\librdi_hsm.dll
0x00007ff88b3d0000 - 0x00007ff88b4a4000 	C:\WINDOWS\SYSTEM32\MSVCR110.dll
0x00007ff84b480000 - 0x00007ff84b7ee000 	C:\Xilinx\SDK\2015.4\lib\win64.o\libCOIN-all.dll
0x00007ff895b50000 - 0x00007ff895b60000 	C:\Xilinx\SDK\2015.4\lib\win64.o\libboost_date_time.dll
0x00007ff893060000 - 0x00007ff893082000 	C:\Xilinx\SDK\2015.4\lib\win64.o\libboost_filesystem.dll
0x00007ff88d950000 - 0x00007ff88d9c4000 	C:\Xilinx\SDK\2015.4\lib\win64.o\libboost_program_options.dll
0x00007ff889610000 - 0x00007ff88970a000 	C:\Xilinx\SDK\2015.4\lib\win64.o\libboost_regex.dll
0x00007ff892fa0000 - 0x00007ff892fb3000 	C:\Xilinx\SDK\2015.4\lib\win64.o\libboost_signals.dll
0x00007ff895b40000 - 0x00007ff895b49000 	C:\Xilinx\SDK\2015.4\lib\win64.o\libboost_system.dll
0x00007ff88dc20000 - 0x00007ff88dc3d000 	C:\Xilinx\SDK\2015.4\lib\win64.o\libboost_thread.dll
0x00007ff8930c0000 - 0x00007ff8930cb000 	C:\Xilinx\SDK\2015.4\lib\win64.o\libboost_xilinx.dll
0x00007ff87ba40000 - 0x00007ff87bac0000 	C:\Xilinx\SDK\2015.4\lib\win64.o\libhdlpsolve.dll
0x00007ff86c6e0000 - 0x00007ff86c77a000 	C:\Xilinx\SDK\2015.4\lib\win64.o\libhdxml.dll
0x00007ff84b040000 - 0x00007ff84b474e00 	C:\Xilinx\SDK\2015.4\lib\win64.o\libisl_iostreams.dll
0x00007ff88d930000 - 0x00007ff88d945000 	C:\Xilinx\SDK\2015.4\lib\win64.o\pthreadVC2.dll
0x00007ff868d40000 - 0x00007ff868e70000 	C:\Xilinx\SDK\2015.4\lib\win64.o\librdi_curl.dll
0x00007ff88c510000 - 0x00007ff88c528000 	C:\Xilinx\SDK\2015.4\lib\win64.o\librdiconfig.dll
0x00007ff8895e0000 - 0x00007ff889603000 	C:\Xilinx\SDK\2015.4\lib\win64.o\librdizlib.dll
0x0000000073f10000 - 0x0000000074037000 	C:\Xilinx\SDK\2015.4\lib\win64.o\tcl85t.dll
0x00007ff85cb30000 - 0x00007ff85cd4e000 	C:\Xilinx\SDK\2015.4\lib\win64.o\libXil_lmgr11.dll
0x00007ff89b440000 - 0x00007ff89b497000 	C:\WINDOWS\System32\WINTRUST.dll
0x00007ff870650000 - 0x00007ff870673000 	C:\WINDOWS\SYSTEM32\VCOMP110.DLL
0x00007ff890830000 - 0x00007ff8909f8000 	C:\WINDOWS\SYSTEM32\urlmon.dll
0x00007ff87b8f0000 - 0x00007ff87b933000 	C:\Xilinx\SDK\2015.4\lib\win64.o\librdi_hdf.dll
0x00007ff892f90000 - 0x00007ff892f9b000 	C:\Xilinx\SDK\2015.4\lib\win64.o\libboost_chrono.dll
0x00007ff88c4f0000 - 0x00007ff88c506000 	C:\Xilinx\SDK\2015.4\lib\win64.o\libboost_iostreams.dll
0x00007ff88a400000 - 0x00007ff88a417000 	C:\WINDOWS\SYSTEM32\NETAPI32.dll
0x00007ff88ddb0000 - 0x00007ff88e052000 	C:\WINDOWS\SYSTEM32\iertutil.dll
0x00007ff880870000 - 0x00007ff880893000 	C:\Xilinx\SDK\2015.4\lib\win64.o\libisl_iosutils.dll
0x00007ff84f420000 - 0x00007ff84f675000 	C:\Xilinx\SDK\2015.4\lib\win64.o\librdi_ippcw.dll
0x0000000021840000 - 0x0000000021aa3000 	C:\Xilinx\SDK\2015.4\lib\win64.o\xerces-c_3_1.dll
0x00007ff894850000 - 0x00007ff894857000 	C:\WINDOWS\SYSTEM32\msimg32.dll
0x00007ff868c70000 - 0x00007ff868cb4000 	C:\WINDOWS\SYSTEM32\edputil.dll
0x00007ff81f290000 - 0x00007ff81faa0000 	C:\Xilinx\SDK\2015.4\lib\win64.o\libXil_lmgr11FNP.dll
0x00007ff89c0f0000 - 0x00007ff89c53b000 	C:\WINDOWS\System32\SETUPAPI.dll
0x00007ff85b4f0000 - 0x00007ff85b4fc000 	C:\WINDOWS\SYSTEM32\snmpapi.dll
0x00007ff89a1d0000 - 0x00007ff89a1f7000 	C:\WINDOWS\SYSTEM32\DEVOBJ.dll
0x00007ff89a320000 - 0x00007ff89a350000 	C:\WINDOWS\SYSTEM32\SspiCli.dll
0x00007ff881820000 - 0x00007ff8818b8000 	C:\WINDOWS\System32\TextInputFramework.dll
0x00007ff8981e0000 - 0x00007ff8982ba000 	C:\WINDOWS\System32\CoreMessaging.dll
0x00007ff894c00000 - 0x00007ff894f1e000 	C:\WINDOWS\System32\CoreUIComponents.dll

VM Arguments:
jvm_args: -Dcom.xilinx.sdk.args.hwspec=C:/Users/yaris/Desktop/AXI_FIFO/AXI_FIFO.sdk/system_wrapper.hdf -Xms64m -Xmx512m & 
java_command: <unknown>
java_class_path (initial): C:\Xilinx\SDK\2015.4\eclipse\win64.o\\plugins/org.eclipse.equinox.launcher_1.3.0.v20130327-1440.jar
Launcher Type: generic

Environment Variables:
JAVA_HOME=C:\Program Files\Java\jdk1.8.0_131
CLASSPATH=.;C:\Program Files\Java\jdk1.8.0_131\lib;C:\Program Files\Java\jdk1.8.0_131\lib\dt.jar;C:\Program Files\Java\jdk1.8.0_131\lib\tools.jar;
USERNAME=yaris
OS=Windows_NT
PROCESSOR_IDENTIFIER=Intel64 Family 6 Model 60 Stepping 3, GenuineIntel



---------------  S Y S T E M  ---------------

OS: Windows 10.0 , 64 bit Build 17134 (10.0.17134.1)

CPU:total 4 (2 cores per cpu, 2 threads per core) family 6 model 60 stepping 3, cmov, cx8, fxsr, mmx, sse, sse2, sse3, ssse3, sse4.1, sse4.2, popcnt, avx, avx2, aes, clmul, erms, lzcnt, ht, tsc, tscinvbit, bmi1, bmi2

Memory: 4k page, physical 8275004k(2825492k free), swap 14304316k(4821864k free)

vm_info: Java HotSpot(TM) 64-Bit Server VM (25.45-b02) for windows-amd64 JRE (1.8.0_45-b15), built on Apr 30 2015 12:40:44 by "java_re" with MS VC++ 10.0 (VS2010)

time: Sat Jul 28 20:26:38 2018
elapsed time: 667 seconds (0d 0h 11m 7s)

