#
# A fatal error has been detected by the Java Runtime Environment:
#
#  Internal Error (0xc000000d), pid=19548, tid=3316
#
# JRE version: Java(TM) SE Runtime Environment (8.0_45-b15) (build 1.8.0_45-b15)
# Java VM: Java HotSpot(TM) 64-Bit Server VM (25.45-b02 mixed mode windows-amd64 compressed oops)
# Problematic frame:
# C  [ntdll.dll+0x108b00]
#
# Failed to write core dump. Minidumps are not enabled by default on client versions of Windows
#
# If you would like to submit a bug report, please visit:
#   http://bugreport.java.com/bugreport/crash.jsp
#

---------------  T H R E A D  ---------------

Current thread (0x0000000013d28000):  VMThread [stack: 0x0000000014dd0000,0x0000000014ed0000] [id=3316]

siginfo: ExceptionCode=0xc000000d

Registers:
RAX=0x0000000000000000, RBX=0xfffffffffffffffe, RCX=0x000000000015179c, RDX=0x0000000300000020
RSP=0x0000000014ecf3a0, RBP=0x00007ff88b3d7408, RSI=0x0000000000000000, RDI=0x000000000000109c
R8 =0x0000000014ecf200, R9 =0x0000000000000070, R10=0x0000000000000000, R11=0x0000000000000000
R12=0x0000000015d83230, R13=0x0000000015dfb720, R14=0x0000000015d83338, R15=0x0000000014ecf518
RIP=0x00007ff89e218b00, EFLAGS=0x0000000000000202

Top of Stack: (sp=0x0000000014ecf3a0)
0x0000000014ecf3a0:   0000000000000057 fffffffffffffffe
0x0000000014ecf3b0:   0000000000000000 000000000000109c
0x0000000014ecf3c0:   00000000c000000d 0000000000000000
0x0000000014ecf3d0:   00007ff89e218b00 0000000000000000
0x0000000014ecf3e0:   0000000000000000 0000000000000000
0x0000000014ecf3f0:   0000000000000000 0000000000000000
0x0000000014ecf400:   0000000000000000 0000000000000000
0x0000000014ecf410:   0000000000000000 0000000000000000
0x0000000014ecf420:   0000000000000000 0000000000000000
0x0000000014ecf430:   0000000000000000 0000000000000000
0x0000000014ecf440:   0000000000000000 0000000000000000
0x0000000014ecf450:   0000000000000000 00007ff800000000
0x0000000014ecf460:   00002c6dc673dd2d 0000000000000000
0x0000000014ecf470:   0000000000000120 00007ff89e1c72cb
0x0000000014ecf480:   0000000000000002 0000000000000013
0x0000000014ecf490:   0000000000000000 0000000000000000 

Instructions: (pc=0x00007ff89e218b00)
0x00007ff89e218ae0:   7f f9 ff c7 44 24 20 0d 00 00 c0 b9 57 00 00 00
0x00007ff89e218af0:   e8 6b e5 f3 ff 90 48 8d 4c 24 20 e8 b0 c4 ef ff
0x00007ff89e218b00:   eb 00 48 8b 8c 24 c0 00 00 00 48 33 cc e8 ee 1a
0x00007ff89e218b10:   f8 ff 48 81 c4 d8 00 00 00 c3 40 55 48 83 ec 20 


Register to memory mapping:

RAX=0x0000000000000000 is an unknown value
RBX=0xfffffffffffffffe is an unknown value
RCX=0x000000000015179c is an unknown value
RDX=0x0000000300000020 is an unknown value
RSP=0x0000000014ecf3a0 is an unknown value
RBP=0x00007ff88b3d7408 is an unknown value
RSI=0x0000000000000000 is an unknown value
RDI=0x000000000000109c is an unknown value
R8 =0x0000000014ecf200 is an unknown value
R9 =0x0000000000000070 is an unknown value
R10=0x0000000000000000 is an unknown value
R11=0x0000000000000000 is an unknown value
R12=0x0000000015d83230 is an unknown value
R13=0x0000000015dfb720 is an unknown value
R14=0x0000000015d83338 is an unknown value
R15=0x0000000014ecf518 is an unknown value


Stack: [0x0000000014dd0000,0x0000000014ed0000],  sp=0x0000000014ecf3a0,  free space=1020k
Native frames: (J=compiled Java code, j=interpreted, Vv=VM code, C=native code)
C  [ntdll.dll+0x108b00]
C  [ntdll.dll+0xb72cb]
C  [KERNEL32.DLL+0x1e36a]
C  [MSVCR110.dll+0x752d]
C  [MSVCR110.dll+0x73c6]
C  [MSVCR110.dll+0x14cca]
C  [MSVCR110.dll+0x13edc]
C  [MSVCR110.dll+0x239e]
C  [MSVCR110.dll+0xaf9e]
C  [MSVCP110.dll+0x397b9]
C  [librdi_common.dll+0x14283e]
C  [librdi_common.dll+0x141449]
C  0x00007ff8704c2400
C  0x00007ff8704c2682
C  [ntdll.dll+0x34023]
C  [ntdll.dll+0x409d5]
C  [ntdll.dll+0x40898]
C  [KERNEL32.DLL+0x1b19a]
C  [MSVCR100.dll+0x20ccd]
V  [jvm.dll+0x20f135]
V  [jvm.dll+0x247ef7]
V  [jvm.dll+0x247196]
V  [jvm.dll+0x247631]
V  [jvm.dll+0x24784e]
V  [jvm.dll+0x29853a]
C  [MSVCR100.dll+0x21d9f]
C  [MSVCR100.dll+0x21e3b]
C  [KERNEL32.DLL+0x13034]
C  [ntdll.dll+0x71431]

VM_Operation (0x000000000014f500): Exit, mode: safepoint, requested by thread 0x0000000002783800


---------------  P R O C E S S  ---------------

Java Threads: ( => current thread )
  0x0000000017c69000 JavaThread "Thread-18" daemon [_thread_blocked, id=6952, stack(0x0000000024fe0000,0x00000000250e0000)]
  0x000000001adcb800 JavaThread "TCF Locator DNS Lookup" daemon [_thread_blocked, id=4212, stack(0x0000000020fb0000,0x00000000210b0000)]
  0x000000001adcc800 JavaThread "TCF Locator Timer" daemon [_thread_blocked, id=3944, stack(0x0000000020eb0000,0x0000000020fb0000)]
  0x000000001adf9000 JavaThread "TCF Locator Receiver" daemon [_thread_in_native, id=10216, stack(0x0000000020db0000,0x0000000020eb0000)]
  0x000000001adf7000 JavaThread "TCF Timer Dispatcher" daemon [_thread_blocked, id=13708, stack(0x00000000206c0000,0x00000000207c0000)]
  0x000000001971b000 JavaThread "EMF Reference Cleaner" daemon [_thread_blocked, id=7604, stack(0x000000001b570000,0x000000001b670000)]
  0x000000001515a800 JavaThread "Service Thread" daemon [_thread_blocked, id=4564, stack(0x00000000159d0000,0x0000000015ad0000)]
  0x00000000150dd000 JavaThread "C1 CompilerThread2" daemon [_thread_blocked, id=11660, stack(0x00000000158d0000,0x00000000159d0000)]
  0x0000000013dbc000 JavaThread "C2 CompilerThread1" daemon [_thread_blocked, id=12784, stack(0x00000000157d0000,0x00000000158d0000)]
  0x0000000013dba000 JavaThread "C2 CompilerThread0" daemon [_thread_blocked, id=2232, stack(0x00000000156d0000,0x00000000157d0000)]
  0x0000000013db8800 JavaThread "Attach Listener" daemon [_thread_blocked, id=19596, stack(0x00000000155d0000,0x00000000156d0000)]
  0x00000000150d8800 JavaThread "Signal Dispatcher" daemon [_thread_blocked, id=20236, stack(0x00000000154d0000,0x00000000155d0000)]
  0x0000000002879000 JavaThread "Finalizer" daemon [_thread_blocked, id=11312, stack(0x0000000014fd0000,0x00000000150d0000)]
  0x0000000002870000 JavaThread "Reference Handler" daemon [_thread_blocked, id=15184, stack(0x0000000014ed0000,0x0000000014fd0000)]
  0x0000000002783800 JavaThread "main" [_thread_blocked, id=4788, stack(0x0000000000050000,0x0000000000150000)]

Other Threads:
=>0x0000000013d28000 VMThread [stack: 0x0000000014dd0000,0x0000000014ed0000] [id=3316]

VM state:at safepoint (shutting down)

VM Mutex/Monitor currently owned by a thread:  ([mutex/lock_event])
[0x0000000002780550] Threads_lock - owner thread: 0x0000000013d28000

Heap:
 PSYoungGen      total 82944K, used 23383K [0x00000000f5580000, 0x00000000fc180000, 0x0000000100000000)
  eden space 58368K, 29% used [0x00000000f5580000,0x00000000f668d038,0x00000000f8e80000)
  from space 24576K, 24% used [0x00000000fa980000,0x00000000faf48df0,0x00000000fc180000)
  to   space 26112K, 0% used [0x00000000f8e80000,0x00000000f8e80000,0x00000000fa800000)
 ParOldGen       total 103424K, used 52244K [0x00000000e0000000, 0x00000000e6500000, 0x00000000f5580000)
  object space 103424K, 50% used [0x00000000e0000000,0x00000000e3305358,0x00000000e6500000)
 Metaspace       used 84728K, capacity 91328K, committed 91520K, reserved 1128448K
  class space    used 10360K, capacity 12387K, committed 12416K, reserved 1048576K

Card table byte_map: [0x0000000011d00000,0x0000000011e10000] byte_map_base: 0x0000000011600000

Marking Bits: (ParMarkBitMap*) 0x0000000073c64040
 Begin Bits: [0x00000000122c0000, 0x0000000012ac0000)
 End Bits:   [0x0000000012ac0000, 0x00000000132c0000)

Polling page: 0x0000000002140000

CodeCache: size=245760Kb used=37145Kb max_used=37151Kb free=208615Kb
 bounds [0x0000000002940000, 0x0000000004dd0000, 0x0000000011940000]
 total_blobs=11158 nmethods=10286 adapters=779
 compilation: enabled

Compilation events (10 events):
Event: 561.108 Thread 0x00000000150dd000 nmethod 12497 0x0000000004db9ed0 code [0x0000000004dba0e0, 0x0000000004dbab48]
Event: 561.108 Thread 0x00000000150dd000 12496   !   3       org.eclipse.osgi.internal.serviceregistry.ServiceRegistrationImpl::unregister (253 bytes)
Event: 561.111 Thread 0x00000000150dd000 nmethod 12496 0x0000000004dc1590 code [0x0000000004dc19a0, 0x0000000004dc3f78]
Event: 561.115 Thread 0x0000000013dba000 nmethod 12485 0x0000000004dc9310 code [0x0000000004dc94e0, 0x0000000004dca400]
Event: 561.223 Thread 0x00000000150dd000 12498   !   3       org.eclipse.osgi.internal.baseadaptor.BaseStorage::compact (215 bytes)
Event: 561.226 Thread 0x00000000150dd000 nmethod 12498 0x0000000004dcb050 code [0x0000000004dcb4a0, 0x0000000004dcd968]
Event: 561.381 Thread 0x0000000013dbc000 12499       4       java.io.File::isDirectory (43 bytes)
Event: 561.384 Thread 0x0000000013dbc000 nmethod 12499 0x0000000004daafd0 code [0x0000000004dab120, 0x0000000004dab328]
Event: 561.407 Thread 0x00000000150dd000 12500       3       org.eclipse.osgi.framework.internal.core.AbstractBundle::close (52 bytes)
Event: 561.408 Thread 0x00000000150dd000 nmethod 12500 0x0000000004dc7e50 code [0x0000000004dc8080, 0x0000000004dc8d88]

GC Heap History (10 events):
Event: 162.705 GC heap before
{Heap before GC invocations=22 (full 4):
 PSYoungGen      total 88576K, used 19360K [0x00000000f5580000, 0x00000000fc880000, 0x0000000100000000)
  eden space 62464K, 0% used [0x00000000f5580000,0x00000000f5580000,0x00000000f9280000)
  from space 26112K, 74% used [0x00000000fad00000,0x00000000fbfe8308,0x00000000fc680000)
  to   space 27136K, 0% used [0x00000000f9280000,0x00000000f9280000,0x00000000fad00000)
 ParOldGen       total 103424K, used 39668K [0x00000000e0000000, 0x00000000e6500000, 0x00000000f5580000)
  object space 103424K, 38% used [0x00000000e0000000,0x00000000e26bd088,0x00000000e6500000)
 Metaspace       used 76489K, capacity 82526K, committed 82816K, reserved 1120256K
  class space    used 9346K, capacity 11308K, committed 11392K, reserved 1048576K
Event: 163.100 GC heap after
Heap after GC invocations=22 (full 4):
 PSYoungGen      total 88576K, used 0K [0x00000000f5580000, 0x00000000fc880000, 0x0000000100000000)
  eden space 62464K, 0% used [0x00000000f5580000,0x00000000f5580000,0x00000000f9280000)
  from space 26112K, 0% used [0x00000000fad00000,0x00000000fad00000,0x00000000fc680000)
  to   space 27136K, 0% used [0x00000000f9280000,0x00000000f9280000,0x00000000fad00000)
 ParOldGen       total 103424K, used 52212K [0x00000000e0000000, 0x00000000e6500000, 0x00000000f5580000)
  object space 103424K, 50% used [0x00000000e0000000,0x00000000e32fd358,0x00000000e6500000)
 Metaspace       used 76489K, capacity 82526K, committed 82816K, reserved 1120256K
  class space    used 9346K, capacity 11308K, committed 11392K, reserved 1048576K
}
Event: 231.887 GC heap before
{Heap before GC invocations=23 (full 4):
 PSYoungGen      total 88576K, used 62464K [0x00000000f5580000, 0x00000000fc880000, 0x0000000100000000)
  eden space 62464K, 100% used [0x00000000f5580000,0x00000000f9280000,0x00000000f9280000)
  from space 26112K, 0% used [0x00000000fad00000,0x00000000fad00000,0x00000000fc680000)
  to   space 27136K, 0% used [0x00000000f9280000,0x00000000f9280000,0x00000000fad00000)
 ParOldGen       total 103424K, used 52212K [0x00000000e0000000, 0x00000000e6500000, 0x00000000f5580000)
  object space 103424K, 50% used [0x00000000e0000000,0x00000000e32fd358,0x00000000e6500000)
 Metaspace       used 80050K, capacity 86362K, committed 86400K, reserved 1124352K
  class space    used 9867K, capacity 11902K, committed 11904K, reserved 1048576K
Event: 231.895 GC heap after
Heap after GC invocations=23 (full 4):
 PSYoungGen      total 89600K, used 5177K [0x00000000f5580000, 0x00000000fca00000, 0x0000000100000000)
  eden space 62464K, 0% used [0x00000000f5580000,0x00000000f5580000,0x00000000f9280000)
  from space 27136K, 19% used [0x00000000f9280000,0x00000000f978e5d0,0x00000000fad00000)
  to   space 27136K, 0% used [0x00000000faf80000,0x00000000faf80000,0x00000000fca00000)
 ParOldGen       total 103424K, used 52220K [0x00000000e0000000, 0x00000000e6500000, 0x00000000f5580000)
  object space 103424K, 50% used [0x00000000e0000000,0x00000000e32ff358,0x00000000e6500000)
 Metaspace       used 80050K, capacity 86362K, committed 86400K, reserved 1124352K
  class space    used 9867K, capacity 11902K, committed 11904K, reserved 1048576K
}
Event: 354.186 GC heap before
{Heap before GC invocations=24 (full 4):
 PSYoungGen      total 89600K, used 67641K [0x00000000f5580000, 0x00000000fca00000, 0x0000000100000000)
  eden space 62464K, 100% used [0x00000000f5580000,0x00000000f9280000,0x00000000f9280000)
  from space 27136K, 19% used [0x00000000f9280000,0x00000000f978e5d0,0x00000000fad00000)
  to   space 27136K, 0% used [0x00000000faf80000,0x00000000faf80000,0x00000000fca00000)
 ParOldGen       total 103424K, used 52220K [0x00000000e0000000, 0x00000000e6500000, 0x00000000f5580000)
  object space 103424K, 50% used [0x00000000e0000000,0x00000000e32ff358,0x00000000e6500000)
 Metaspace       used 83061K, capacity 89846K, committed 89856K, reserved 1126400K
  class space    used 10250K, capacity 12283K, committed 12288K, reserved 1048576K
Event: 354.194 GC heap after
Heap after GC invocations=24 (full 4):
 PSYoungGen      total 82944K, used 6945K [0x00000000f5580000, 0x00000000fc500000, 0x0000000100000000)
  eden space 60928K, 0% used [0x00000000f5580000,0x00000000f5580000,0x00000000f9100000)
  from space 22016K, 31% used [0x00000000faf80000,0x00000000fb6486d8,0x00000000fc500000)
  to   space 26624K, 0% used [0x00000000f9100000,0x00000000f9100000,0x00000000fab00000)
 ParOldGen       total 103424K, used 52228K [0x00000000e0000000, 0x00000000e6500000, 0x00000000f5580000)
  object space 103424K, 50% used [0x00000000e0000000,0x00000000e3301358,0x00000000e6500000)
 Metaspace       used 83061K, capacity 89846K, committed 89856K, reserved 1126400K
  class space    used 10250K, capacity 12283K, committed 12288K, reserved 1048576K
}
Event: 373.639 GC heap before
{Heap before GC invocations=25 (full 4):
 PSYoungGen      total 82944K, used 67873K [0x00000000f5580000, 0x00000000fc500000, 0x0000000100000000)
  eden space 60928K, 100% used [0x00000000f5580000,0x00000000f9100000,0x00000000f9100000)
  from space 22016K, 31% used [0x00000000faf80000,0x00000000fb6486d8,0x00000000fc500000)
  to   space 26624K, 0% used [0x00000000f9100000,0x00000000f9100000,0x00000000fab00000)
 ParOldGen       total 103424K, used 52228K [0x00000000e0000000, 0x00000000e6500000, 0x00000000f5580000)
  object space 103424K, 50% used [0x00000000e0000000,0x00000000e3301358,0x00000000e6500000)
 Metaspace       used 83395K, capacity 90116K, committed 90368K, reserved 1128448K
  class space    used 10257K, capacity 12287K, committed 12288K, reserved 1048576K
Event: 373.646 GC heap after
Heap after GC invocations=25 (full 4):
 PSYoungGen      total 66048K, used 6371K [0x00000000f5580000, 0x00000000fc380000, 0x0000000100000000)
  eden space 59392K, 0% used [0x00000000f5580000,0x00000000f5580000,0x00000000f8f80000)
  from space 6656K, 95% used [0x00000000f9100000,0x00000000f9738f00,0x00000000f9780000)
  to   space 26624K, 0% used [0x00000000fa980000,0x00000000fa980000,0x00000000fc380000)
 ParOldGen       total 103424K, used 52236K [0x00000000e0000000, 0x00000000e6500000, 0x00000000f5580000)
  object space 103424K, 50% used [0x00000000e0000000,0x00000000e3303358,0x00000000e6500000)
 Metaspace       used 83395K, capacity 90116K, committed 90368K, reserved 1128448K
  class space    used 10257K, capacity 12287K, committed 12288K, reserved 1048576K
}
Event: 559.844 GC heap before
{Heap before GC invocations=26 (full 4):
 PSYoungGen      total 66048K, used 65763K [0x00000000f5580000, 0x00000000fc380000, 0x0000000100000000)
  eden space 59392K, 100% used [0x00000000f5580000,0x00000000f8f80000,0x00000000f8f80000)
  from space 6656K, 95% used [0x00000000f9100000,0x00000000f9738f00,0x00000000f9780000)
  to   space 26624K, 0% used [0x00000000fa980000,0x00000000fa980000,0x00000000fc380000)
 ParOldGen       total 103424K, used 52236K [0x00000000e0000000, 0x00000000e6500000, 0x00000000f5580000)
  object space 103424K, 50% used [0x00000000e0000000,0x00000000e3303358,0x00000000e6500000)
 Metaspace       used 83936K, capacity 90586K, committed 90752K, reserved 1128448K
  class space    used 10273K, capacity 12354K, committed 12416K, reserved 1048576K
Event: 559.853 GC heap after
Heap after GC invocations=26 (full 4):
 PSYoungGen      total 82944K, used 5923K [0x00000000f5580000, 0x00000000fc180000, 0x0000000100000000)
  eden space 58368K, 0% used [0x00000000f5580000,0x00000000f5580000,0x00000000f8e80000)
  from space 24576K, 24% used [0x00000000fa980000,0x00000000faf48df0,0x00000000fc180000)
  to   space 26112K, 0% used [0x00000000f8e80000,0x00000000f8e80000,0x00000000fa800000)
 ParOldGen       total 103424K, used 52244K [0x00000000e0000000, 0x00000000e6500000, 0x00000000f5580000)
  object space 103424K, 50% used [0x00000000e0000000,0x00000000e3305358,0x00000000e6500000)
 Metaspace       used 83936K, capacity 90586K, committed 90752K, reserved 1128448K
  class space    used 10273K, capacity 12354K, committed 12416K, reserved 1048576K
}

Deoptimization events (10 events):
Event: 560.248 Thread 0x0000000002783800 Uncommon trap: reason=unstable_if action=reinterpret pc=0x0000000002b8a984 method=java.util.ArrayList.toArray([Ljava/lang/Object;)[Ljava/lang/Object; @ 48
Event: 560.296 Thread 0x0000000002783800 Uncommon trap: reason=unstable_if action=reinterpret pc=0x0000000004478254 method=org.eclipse.e4.ui.internal.workbench.swt.PartRenderingEngine.someAreVisible(Ljava/util/List;)Z @ 41
Event: 560.328 Thread 0x0000000002783800 Uncommon trap: reason=unstable_if action=reinterpret pc=0x0000000004ca5a10 method=org.eclipse.emf.ecore.impl.MinimalEObjectImpl.setField(ILjava/lang/Object;)V @ 9
Event: 560.408 Thread 0x0000000002783800 Uncommon trap: reason=unstable_if action=reinterpret pc=0x0000000004ccd648 method=org.eclipse.equinox.internal.event.EventHandlerTracker.getHandlers(Ljava/lang/String;)Ljava/util/Set; @ 28
Event: 560.496 Thread 0x000000001add4000 Uncommon trap: reason=unstable_if action=reinterpret pc=0x00000000034d2644 method=org.eclipse.ui.PlatformUI.isWorkbenchRunning()Z @ 12
Event: 560.510 Thread 0x0000000002783800 Uncommon trap: reason=unstable_if action=reinterpret pc=0x0000000004cdecc8 method=org.eclipse.swt.graphics.Resource.dispose()V @ 15
Event: 561.046 Thread 0x0000000002783800 Uncommon trap: reason=unstable_if action=reinterpret pc=0x00000000048d33d0 method=org.eclipse.swt.widgets.Display.getDefault()Lorg/eclipse/swt/widgets/Display; @ 39
Event: 561.052 Thread 0x0000000002783800 Uncommon trap: reason=unstable_if action=reinterpret pc=0x000000000338a938 method=org.eclipse.core.runtime.internal.adaptor.EclipseLazyStarter.shouldActivateFor(Ljava/lang/String;Lorg/eclipse/osgi/baseadaptor/BaseData;Lorg/eclipse/core/runtime/internal/ada˝hÃ√¿àÅ@
Event: 561.094 Thread 0x00000000260f0800 Uncommon trap: reason=unstable_if action=reinterpret pc=0x00000000046a15a0 method=org.eclipse.core.internal.jobs.JobManager.nextJob()Lorg/eclipse/core/runtime/jobs/Job; @ 80
Event: 561.095 Thread 0x00000000260f1000 Uncommon trap: reason=unstable_if action=reinterpret pc=0x0000000003a7ad74 method=org.eclipse.core.internal.jobs.JobManager.nextJob()Lorg/eclipse/core/runtime/jobs/Job; @ 80

Internal exceptions (10 events):
Event: 559.752 Thread 0x0000000017c69800 Exception <a 'java/lang/InterruptedException'> (0x00000000f5ae6528) thrown at [C:\re\workspace\8-2-build-windows-amd64-cygwin\jdk8u45\3627\hotspot\src\share\vm\runtime\objectMonitor.cpp, line 1683]
Event: 559.754 Thread 0x00000000260ec000 Exception <a 'java/lang/InterruptedException'> (0x00000000f5802398) thrown at [C:\re\workspace\8-2-build-windows-amd64-cygwin\jdk8u45\3627\hotspot\src\share\vm\runtime\objectMonitor.cpp, line 1683]
Event: 559.757 Thread 0x00000000260ec800 Exception <a 'java/lang/InterruptedException'> (0x00000000f573a690) thrown at [C:\re\workspace\8-2-build-windows-amd64-cygwin\jdk8u45\3627\hotspot\src\share\vm\runtime\objectMonitor.cpp, line 1683]
Event: 559.758 Thread 0x000000001adf8800 Exception <a 'java/lang/InterruptedException'> (0x00000000f5635f38) thrown at [C:\re\workspace\8-2-build-windows-amd64-cygwin\jdk8u45\3627\hotspot\src\share\vm\runtime\objectMonitor.cpp, line 1683]
Event: 560.034 Thread 0x0000000002783800 Implicit null exception at 0x0000000003e4f185 to 0x0000000003e4f455
Event: 560.495 Thread 0x000000001add6000 Exception <a 'java/lang/InterruptedException'> (0x00000000f6025a90) thrown at [C:\re\workspace\8-2-build-windows-amd64-cygwin\jdk8u45\3627\hotspot\src\share\vm\runtime\objectMonitor.cpp, line 1683]
Event: 561.108 Thread 0x0000000016f25000 Exception <a 'java/lang/InterruptedException': sleep interrupted> (0x00000000f638d950) thrown at [C:\re\workspace\8-2-build-windows-amd64-cygwin\jdk8u45\3627\hotspot\src\share\vm\prims\jvm.cpp, line 3211]
Event: 561.111 Thread 0x000000001ae49000 Exception <a 'java/lang/InterruptedException'> (0x00000000f641f818) thrown at [C:\re\workspace\8-2-build-windows-amd64-cygwin\jdk8u45\3627\hotspot\src\share\vm\runtime\objectMonitor.cpp, line 1683]
Event: 561.112 Thread 0x0000000017070800 Exception <a 'java/lang/InterruptedException'> (0x00000000f6437398) thrown at [C:\re\workspace\8-2-build-windows-amd64-cygwin\jdk8u45\3627\hotspot\src\share\vm\runtime\objectMonitor.cpp, line 1683]
Event: 561.407 Thread 0x0000000016a72800 Exception <a 'java/lang/InterruptedException'> (0x00000000f638d4c0) thrown at [C:\re\workspace\8-2-build-windows-amd64-cygwin\jdk8u45\3627\hotspot\src\share\vm\runtime\objectMonitor.cpp, line 1683]

Events (10 events):
Event: 561.112 Thread 0x0000000017070800 Thread exited: 0x0000000017070800
Event: 561.407 Thread 0x0000000016a72800 Thread exited: 0x0000000016a72800
Event: 561.407 Thread 0x0000000016fe7000 Thread exited: 0x0000000016fe7000
Event: 561.407 loading class java/util/IdentityHashMap$KeyIterator
Event: 561.407 loading class java/util/IdentityHashMap$IdentityHashMapIterator
Event: 561.407 loading class java/util/IdentityHashMap$IdentityHashMapIterator done
Event: 561.407 loading class java/util/IdentityHashMap$KeyIterator done
Event: 561.408 Thread 0x00000000154c1800 Thread added: 0x00000000154c1800
Event: 561.408 Thread 0x00000000154c1800 Thread exited: 0x00000000154c1800
Event: 561.409 Executing VM operation: Exit


Dynamic libraries:
0x0000000000400000 - 0x000000000044f000 	C:\Xilinx\SDK\2015.4\eclipse\win64.o\eclipse.exe
0x00007ff89e110000 - 0x00007ff89e2f1000 	C:\WINDOWS\SYSTEM32\ntdll.dll
0x00007ff89bcd0000 - 0x00007ff89bd82000 	C:\WINDOWS\System32\KERNEL32.DLL
0x00007ff89af30000 - 0x00007ff89b1a3000 	C:\WINDOWS\System32\KERNELBASE.dll
0x00007ff89bd90000 - 0x00007ff89bf20000 	C:\WINDOWS\System32\USER32.dll
0x00007ff89a4e0000 - 0x00007ff89a500000 	C:\WINDOWS\System32\win32u.dll
0x00007ff89c0c0000 - 0x00007ff89c0e8000 	C:\WINDOWS\System32\GDI32.dll
0x00007ff89a680000 - 0x00007ff89a812000 	C:\WINDOWS\System32\gdi32full.dll
0x00007ff89b1b0000 - 0x00007ff89b24f000 	C:\WINDOWS\System32\msvcp_win.dll
0x00007ff89b4a0000 - 0x00007ff89b59a000 	C:\WINDOWS\System32\ucrtbase.dll
0x00007ff89da70000 - 0x00007ff89db0e000 	C:\WINDOWS\System32\msvcrt.dll
0x00007ff8891f0000 - 0x00007ff889459000 	C:\WINDOWS\WinSxS\amd64_microsoft.windows.common-controls_6595b64144ccf1df_6.0.17134.165_none_fb429645306569ac\COMCTL32.dll
0x00007ff89dc60000 - 0x00007ff89df83000 	C:\WINDOWS\System32\combase.dll
0x00007ff89db10000 - 0x00007ff89dc34000 	C:\WINDOWS\System32\RPCRT4.dll
0x00007ff89a500000 - 0x00007ff89a57a000 	C:\WINDOWS\System32\bcryptPrimitives.dll
0x00007ff89b710000 - 0x00007ff89b73d000 	C:\WINDOWS\System32\IMM32.DLL
0x0000000072000000 - 0x0000000072012000 	C:\Xilinx\SDK\2015.4\eclipse\win64.o\plugins\org.eclipse.equinox.launcher.win32.win32.x86_64_1.1.200.v20140116-2212\eclipse_1503.dll
0x00007ff89bf90000 - 0x00007ff89c031000 	C:\WINDOWS\System32\ADVAPI32.dll
0x00007ff89df90000 - 0x00007ff89dfeb000 	C:\WINDOWS\System32\sechost.dll
0x00007ff894a20000 - 0x00007ff894a2a000 	C:\WINDOWS\SYSTEM32\VERSION.dll
0x00007ff898810000 - 0x00007ff8988a8000 	C:\WINDOWS\system32\uxtheme.dll
0x00007ff89b9b0000 - 0x00007ff89bb25000 	C:\WINDOWS\System32\MSCTF.dll
0x00007ff89d990000 - 0x00007ff89da52000 	C:\WINDOWS\System32\OLEAUT32.dll
0x00007ff8476d0000 - 0x00007ff84771b000 	C:\Program Files\Listary\ListaryHook64.dll
0x00007ff89b740000 - 0x00007ff89b891000 	C:\WINDOWS\System32\ole32.dll
0x00007ff89b950000 - 0x00007ff89b9a1000 	C:\WINDOWS\System32\SHLWAPI.dll
0x00007ff890d80000 - 0x00007ff890deb000 	C:\WINDOWS\SYSTEM32\OLEACC.dll
0x0000000073460000 - 0x0000000073ce3000 	C:\Xilinx\SDK\2015.4\tps\win64\jre\bin\server\jvm.dll
0x00007ff89da60000 - 0x00007ff89da68000 	C:\WINDOWS\System32\PSAPI.DLL
0x00007ff891a80000 - 0x00007ff891a89000 	C:\WINDOWS\SYSTEM32\WSOCK32.dll
0x00007ff898410000 - 0x00007ff898433000 	C:\WINDOWS\SYSTEM32\WINMM.dll
0x00007ff89bf20000 - 0x00007ff89bf8c000 	C:\WINDOWS\System32\WS2_32.dll
0x0000000075a60000 - 0x0000000075b32000 	C:\WINDOWS\SYSTEM32\MSVCR100.dll
0x00007ff8983b0000 - 0x00007ff8983da000 	C:\WINDOWS\SYSTEM32\winmmbase.dll
0x00007ff89a630000 - 0x00007ff89a679000 	C:\WINDOWS\System32\cfgmgr32.dll
0x0000000077790000 - 0x000000007779f000 	C:\Xilinx\SDK\2015.4\tps\win64\jre\bin\verify.dll
0x00000000756d0000 - 0x00000000756f9000 	C:\Xilinx\SDK\2015.4\tps\win64\jre\bin\java.dll
0x0000000075b40000 - 0x0000000075b56000 	C:\Xilinx\SDK\2015.4\tps\win64\jre\bin\zip.dll
0x00007ff89c540000 - 0x00007ff89d980000 	C:\WINDOWS\System32\SHELL32.dll
0x00007ff89b8a0000 - 0x00007ff89b949000 	C:\WINDOWS\System32\shcore.dll
0x00007ff89a820000 - 0x00007ff89af2d000 	C:\WINDOWS\System32\windows.storage.dll
0x00007ff89a4c0000 - 0x00007ff89a4d1000 	C:\WINDOWS\System32\kernel.appcore.dll
0x00007ff89a430000 - 0x00007ff89a44f000 	C:\WINDOWS\System32\profapi.dll
0x00007ff89a470000 - 0x00007ff89a4bc000 	C:\WINDOWS\System32\powrprof.dll
0x00007ff89a420000 - 0x00007ff89a42a000 	C:\WINDOWS\System32\FLTLIB.DLL
0x00007ff899e00000 - 0x00007ff899e17000 	C:\WINDOWS\SYSTEM32\CRYPTSP.dll
0x00007ff899820000 - 0x00007ff899853000 	C:\WINDOWS\system32\rsaenh.dll
0x00007ff899f20000 - 0x00007ff899f45000 	C:\WINDOWS\SYSTEM32\bcrypt.dll
0x00007ff89a350000 - 0x00007ff89a378000 	C:\WINDOWS\SYSTEM32\USERENV.dll
0x00007ff899df0000 - 0x00007ff899dfb000 	C:\WINDOWS\SYSTEM32\CRYPTBASE.dll
0x00000000756b0000 - 0x00000000756ca000 	C:\Xilinx\SDK\2015.4\tps\win64\jre\bin\net.dll
0x00007ff899c40000 - 0x00007ff899ca6000 	C:\WINDOWS\system32\mswsock.dll
0x00007ff8999c0000 - 0x00007ff8999f8000 	C:\WINDOWS\SYSTEM32\IPHLPAPI.DLL
0x00007ff89b6a0000 - 0x00007ff89b6a8000 	C:\WINDOWS\System32\NSI.dll
0x00007ff890c20000 - 0x00007ff890c36000 	C:\WINDOWS\SYSTEM32\dhcpcsvc6.DLL
0x00007ff890cd0000 - 0x00007ff890cea000 	C:\WINDOWS\SYSTEM32\dhcpcsvc.DLL
0x0000000075690000 - 0x00000000756a1000 	C:\Xilinx\SDK\2015.4\tps\win64\jre\bin\nio.dll
0x00007ff881820000 - 0x00007ff8818b8000 	C:\WINDOWS\System32\TextInputFramework.dll
0x00007ff8981e0000 - 0x00007ff8982ba000 	C:\WINDOWS\System32\CoreMessaging.dll
0x00007ff894c00000 - 0x00007ff894f1e000 	C:\WINDOWS\System32\CoreUIComponents.dll
0x00007ff899510000 - 0x00007ff899541000 	C:\WINDOWS\SYSTEM32\ntmarta.dll
0x00007ff896420000 - 0x00007ff89656d000 	C:\WINDOWS\SYSTEM32\wintypes.dll
0x00007ff8988e0000 - 0x00007ff898909000 	C:\WINDOWS\system32\dwmapi.dll
0x0000000180000000 - 0x0000000180048000 	C:\Program Files (x86)\MyDrivers\DriverGenius\dghmpg64.dll
0x00007ff8820c0000 - 0x00007ff8820d6000 	C:\WINDOWS\system32\napinsp.dll
0x00007ff8819b0000 - 0x00007ff8819ca000 	C:\WINDOWS\system32\pnrpnsp.dll
0x00007ff896ae0000 - 0x00007ff896af9000 	C:\WINDOWS\system32\NLAapi.dll
0x00007ff899a00000 - 0x00007ff899abe000 	C:\WINDOWS\SYSTEM32\DNSAPI.dll
0x00007ff881710000 - 0x00007ff88171e000 	C:\WINDOWS\System32\winrnr.dll
0x00007ff881450000 - 0x00007ff881465000 	C:\WINDOWS\System32\wshbth.dll
0x00007ff890bf0000 - 0x00007ff890bfa000 	C:\Windows\System32\rasadhlp.dll
0x00007ff8907b0000 - 0x00007ff890822000 	C:\WINDOWS\System32\fwpuclnt.dll
0x0000000018740000 - 0x00000000187e8000 	C:\Users\yaris\.Xilinx\SDK\2015.4\org.eclipse.osgi\bundles\303\1\.cp\swt-win32-4335.dll
0x00007ff89dff0000 - 0x00007ff89e0dd000 	C:\WINDOWS\System32\comdlg32.dll
0x00007ff89b250000 - 0x00007ff89b432000 	C:\WINDOWS\System32\CRYPT32.dll
0x00007ff89a450000 - 0x00007ff89a462000 	C:\WINDOWS\System32\MSASN1.dll
0x00007ff87be90000 - 0x00007ff87bea9000 	C:\WINDOWS\SYSTEM32\USP10.dll
0x00007ff890cf0000 - 0x00007ff890d74000 	C:\WINDOWS\SYSTEM32\WINSPOOL.DRV
0x00007ff88c120000 - 0x00007ff88c46f000 	C:\WINDOWS\SYSTEM32\WININET.dll
0x00007ff898fa0000 - 0x00007ff899154000 	C:\WINDOWS\SYSTEM32\PROPSYS.dll
0x00007ff89b5a0000 - 0x00007ff89b640000 	C:\WINDOWS\System32\clbcatq.dll
0x0000000016810000 - 0x000000001682e000 	C:\Users\yaris\.Xilinx\SDK\2015.4\org.eclipse.osgi\bundles\303\1\.cp\swt-gdip-win32-4335.dll
0x00007ff890e50000 - 0x00007ff890fea000 	C:\WINDOWS\WinSxS\amd64_microsoft.windows.gdiplus_6595b64144ccf1df_1.1.17134.165_none_2c2d892a8af7e37a\gdiplus.dll
0x00007ff8956b0000 - 0x00007ff89585e000 	C:\WINDOWS\SYSTEM32\WindowsCodecs.dll
0x0000000018540000 - 0x0000000018552000 	C:\Users\yaris\.Xilinx\SDK\2015.4\org.eclipse.osgi\bundles\121\1\.cp\os\win32\x86_64\localfile_1_0_0.dll
0x00007ff892fa0000 - 0x00007ff892fb1000 	C:\Users\yaris\.Xilinx\SDK\2015.4\org.eclipse.osgi\bundles\124\1\.cp\jWinHttp-1.0.0.dll
0x00007ff896650000 - 0x00007ff89672c000 	C:\WINDOWS\SYSTEM32\WINHTTP.dll
0x00007ff86a280000 - 0x00007ff86a2d8000 	C:\WINDOWS\system32\dataexchange.dll
0x00007ff897ce0000 - 0x00007ff897e7c000 	C:\WINDOWS\system32\dcomp.dll
0x00007ff897590000 - 0x00007ff89789b000 	C:\WINDOWS\system32\d3d11.dll
0x00007ff8991e0000 - 0x00007ff89929b000 	C:\WINDOWS\system32\dxgi.dll
0x00007ff898940000 - 0x00007ff898af8000 	C:\WINDOWS\system32\twinapi.appcore.dll
0x00007ff898910000 - 0x00007ff898931000 	C:\WINDOWS\system32\RMCLIENT.dll
0x00007ff8816d0000 - 0x00007ff88170f000 	C:\WINDOWS\system32\mlang.dll
0x00007ff88da50000 - 0x00007ff88da5f000 	C:\Xilinx\SDK\2015.4\lib\win64.o\librdi_repo_manager.dll
0x00007ff88da20000 - 0x00007ff88da4a000 	C:\Xilinx\SDK\2015.4\lib\win64.o\libisl_sysinfo.dll
0x00007ff805870000 - 0x00007ff8061fd000 	C:\Xilinx\SDK\2015.4\lib\win64.o\librdi_common.dll
0x00007ff868eb0000 - 0x00007ff868f04000 	C:\Xilinx\SDK\2015.4\lib\win64.o\librdi_commonxillic.dll
0x00007ff889510000 - 0x00007ff8895b7000 	C:\WINDOWS\SYSTEM32\MSVCP110.dll
0x00007ff821790000 - 0x00007ff82197c000 	C:\Xilinx\SDK\2015.4\lib\win64.o\librdi_hsm.dll
0x00007ff88b3d0000 - 0x00007ff88b4a4000 	C:\WINDOWS\SYSTEM32\MSVCR110.dll
0x00007ff81ff70000 - 0x00007ff8202de000 	C:\Xilinx\SDK\2015.4\lib\win64.o\libCOIN-all.dll
0x00007ff889e70000 - 0x00007ff889e80000 	C:\Xilinx\SDK\2015.4\lib\win64.o\libboost_date_time.dll
0x00007ff81f2c0000 - 0x00007ff81f4de000 	C:\Xilinx\SDK\2015.4\lib\win64.o\libXil_lmgr11.dll
0x00007ff89b440000 - 0x00007ff89b497000 	C:\WINDOWS\System32\WINTRUST.dll
0x00007ff87ba30000 - 0x00007ff87ba52000 	C:\Xilinx\SDK\2015.4\lib\win64.o\libboost_filesystem.dll
0x00007ff861180000 - 0x00007ff8611f4000 	C:\Xilinx\SDK\2015.4\lib\win64.o\libboost_program_options.dll
0x00007ff84e7f0000 - 0x00007ff84e8ea000 	C:\Xilinx\SDK\2015.4\lib\win64.o\libboost_regex.dll
0x00007ff87bf80000 - 0x00007ff87bf93000 	C:\Xilinx\SDK\2015.4\lib\win64.o\libboost_signals.dll
0x00007ff889e60000 - 0x00007ff889e69000 	C:\Xilinx\SDK\2015.4\lib\win64.o\libboost_system.dll
0x00007ff87b8e0000 - 0x00007ff87b8fd000 	C:\Xilinx\SDK\2015.4\lib\win64.o\libboost_thread.dll
0x00007ff87ab90000 - 0x00007ff87ab9b000 	C:\Xilinx\SDK\2015.4\lib\win64.o\libboost_xilinx.dll
0x00007ff85c980000 - 0x00007ff85ca00000 	C:\Xilinx\SDK\2015.4\lib\win64.o\libhdlpsolve.dll
0x00007ff85be40000 - 0x00007ff85beda000 	C:\Xilinx\SDK\2015.4\lib\win64.o\libhdxml.dll
0x00007ff819880000 - 0x00007ff819cb4e00 	C:\Xilinx\SDK\2015.4\lib\win64.o\libisl_iostreams.dll
0x00007ff872fe0000 - 0x00007ff872ff5000 	C:\Xilinx\SDK\2015.4\lib\win64.o\pthreadVC2.dll
0x00007ff820bd0000 - 0x00007ff820d00000 	C:\Xilinx\SDK\2015.4\lib\win64.o\librdi_curl.dll
0x00007ff871420000 - 0x00007ff871438000 	C:\Xilinx\SDK\2015.4\lib\win64.o\librdiconfig.dll
0x0000000074270000 - 0x0000000074397000 	C:\Xilinx\SDK\2015.4\lib\win64.o\tcl85t.dll
0x00007ff8704d0000 - 0x00007ff8704f3000 	C:\Xilinx\SDK\2015.4\lib\win64.o\librdizlib.dll
0x00007ff890830000 - 0x00007ff8909f8000 	C:\WINDOWS\SYSTEM32\urlmon.dll
0x00007ff88bed0000 - 0x00007ff88bef3000 	C:\WINDOWS\SYSTEM32\VCOMP110.DLL
0x00007ff88a400000 - 0x00007ff88a417000 	C:\WINDOWS\SYSTEM32\NETAPI32.dll
0x00007ff868d20000 - 0x00007ff868d63000 	C:\Xilinx\SDK\2015.4\lib\win64.o\librdi_hdf.dll
0x00007ff819620000 - 0x00007ff819875000 	C:\Xilinx\SDK\2015.4\lib\win64.o\librdi_ippcw.dll
0x00007ff86ba90000 - 0x00007ff86bab3000 	C:\Xilinx\SDK\2015.4\lib\win64.o\libisl_iosutils.dll
0x00007ff88ddb0000 - 0x00007ff88e052000 	C:\WINDOWS\SYSTEM32\iertutil.dll
0x00007ff872f40000 - 0x00007ff872f4b000 	C:\Xilinx\SDK\2015.4\lib\win64.o\libboost_chrono.dll

VM Arguments:
jvm_args: -Dcom.xilinx.sdk.args.hwspec=C:/Users/yaris/Desktop/AXI_FIFO/AXI_FIFO.sdk/system_wrapper.hdf -Xms64m -Xmx512m & 
java_command: <unknown>
java_class_path (initial): C:\Xilinx\SDK\2015.4\eclipse\win64.o\\plugins/org.eclipse.equinox.launcher_1.3.0.v20130327-1440.jar
Launcher Type: generic

Environment Variables:
JAVA_HOME=C:\Program Files\Java\jdk1.8.0_131
CLASSPATH=.;C:\Program Files\Java\jdk1.8.0_131\lib;C:\Program Files\Java\jdk1.8.0_131\lib\dt.jar;C:\Program Files\Java\jdk1.8.0_131\lib\tools.jar;
USERNAME=yaris
OS=Windows_NT
PROCESSOR_IDENTIFIER=Intel64 Family 6 Model 60 Stepping 3, GenuineIntel



---------------  S Y S T E M  ---------------

OS: Windows 10.0 , 64 bit Build 17134 (10.0.17134.1)

CPU:total 4 (2 cores per cpu, 2 threads per core) family 6 model 60 stepping 3, cmov, cx8, fxsr, mmx, sse, sse2, sse3, ssse3, sse4.1, sse4.2, popcnt, avx, avx2, aes, clmul, erms, lzcnt, ht, tsc, tscinvbit, bmi1, bmi2

Memory: 4k page, physical 8275004k(3377168k free), swap 14304316k(5247448k free)

vm_info: Java HotSpot(TM) 64-Bit Server VM (25.45-b02) for windows-amd64 JRE (1.8.0_45-b15), built on Apr 30 2015 12:40:44 by "java_re" with MS VC++ 10.0 (VS2010)

time: Sun Jul 29 19:29:13 2018
elapsed time: 563 seconds (0d 0h 9m 23s)

