#
# A fatal error has been detected by the Java Runtime Environment:
#
#  Internal Error (0xc000000d), pid=15548, tid=5460
#
# JRE version: Java(TM) SE Runtime Environment (8.0_45-b15) (build 1.8.0_45-b15)
# Java VM: Java HotSpot(TM) 64-Bit Server VM (25.45-b02 mixed mode windows-amd64 compressed oops)
# Problematic frame:
# C  [ntdll.dll+0x108b00]
#
# Failed to write core dump. Minidumps are not enabled by default on client versions of Windows
#
# If you would like to submit a bug report, please visit:
#   http://bugreport.java.com/bugreport/crash.jsp
#

---------------  T H R E A D  ---------------

Current thread (0x0000000013ca8000):  VMThread [stack: 0x0000000014d50000,0x0000000014e50000] [id=5460]

siginfo: ExceptionCode=0xc000000d

Registers:
RAX=0x0000000000000000, RBX=0xfffffffffffffffe, RCX=0x000000000015179c, RDX=0x0000000300000020
RSP=0x0000000014e4f3a0, RBP=0x00007ff88b3d7408, RSI=0x0000000000000000, RDI=0x0000000000000e5c
R8 =0x0000000014e4f200, R9 =0x0000000000000070, R10=0x0000000000000000, R11=0x0000000000000000
R12=0x00000000257ef860, R13=0x000000002574cd20, R14=0x00000000257ef968, R15=0x0000000014e4f518
RIP=0x00007ff89e218b00, EFLAGS=0x0000000000000202

Top of Stack: (sp=0x0000000014e4f3a0)
0x0000000014e4f3a0:   0000000000000057 fffffffffffffffe
0x0000000014e4f3b0:   0000000000000000 0000000000000e5c
0x0000000014e4f3c0:   00000000c000000d 0000000000000000
0x0000000014e4f3d0:   00007ff89e218b00 0000000000000000
0x0000000014e4f3e0:   0000000000000000 0000000000000000
0x0000000014e4f3f0:   0000000000000000 0000000000000000
0x0000000014e4f400:   0000000000000000 0000000000000000
0x0000000014e4f410:   0000000000000000 0000000000000000
0x0000000014e4f420:   0000000000000000 0000000000000000
0x0000000014e4f430:   0000000000000000 0000000000000000
0x0000000014e4f440:   0000000000000000 0000000000000000
0x0000000014e4f450:   0000000000000000 00007ff800000000
0x0000000014e4f460:   00007a10a1284d9f 0000000000000000
0x0000000014e4f470:   0000000000000120 00007ff89e1c72cb
0x0000000014e4f480:   0000000000000002 0000000000000013
0x0000000014e4f490:   0000000000000000 0000000000000000 

Instructions: (pc=0x00007ff89e218b00)
0x00007ff89e218ae0:   7f f9 ff c7 44 24 20 0d 00 00 c0 b9 57 00 00 00
0x00007ff89e218af0:   e8 6b e5 f3 ff 90 48 8d 4c 24 20 e8 b0 c4 ef ff
0x00007ff89e218b00:   eb 00 48 8b 8c 24 c0 00 00 00 48 33 cc e8 ee 1a
0x00007ff89e218b10:   f8 ff 48 81 c4 d8 00 00 00 c3 40 55 48 83 ec 20 


Register to memory mapping:

RAX=0x0000000000000000 is an unknown value
RBX=0xfffffffffffffffe is an unknown value
RCX=0x000000000015179c is an unknown value
RDX=0x0000000300000020 is an unknown value
RSP=0x0000000014e4f3a0 is an unknown value
RBP=0x00007ff88b3d7408 is an unknown value
RSI=0x0000000000000000 is an unknown value
RDI=0x0000000000000e5c is an unknown value
R8 =0x0000000014e4f200 is an unknown value
R9 =0x0000000000000070 is an unknown value
R10=0x0000000000000000 is an unknown value
R11=0x0000000000000000 is an unknown value
R12=0x00000000257ef860 is an unknown value
R13=0x000000002574cd20 is an unknown value
R14=0x00000000257ef968 is an unknown value
R15=0x0000000014e4f518 is an unknown value


Stack: [0x0000000014d50000,0x0000000014e50000],  sp=0x0000000014e4f3a0,  free space=1020k
Native frames: (J=compiled Java code, j=interpreted, Vv=VM code, C=native code)
C  [ntdll.dll+0x108b00]
C  [ntdll.dll+0xb72cb]
C  [KERNEL32.DLL+0x1e36a]
C  [MSVCR110.dll+0x752d]
C  [MSVCR110.dll+0x73c6]
C  [MSVCR110.dll+0x14cca]
C  [MSVCR110.dll+0x13edc]
C  [MSVCR110.dll+0x239e]
C  [MSVCR110.dll+0xaf9e]
C  [MSVCP110.dll+0x397b9]
C  [librdi_common.dll+0x14283e]
C  [librdi_common.dll+0x141449]
C  0x00007ff893b32400
C  0x00007ff893b32682
C  [ntdll.dll+0x34023]
C  [ntdll.dll+0x409d5]
C  [ntdll.dll+0x40898]
C  [KERNEL32.DLL+0x1b19a]
C  [MSVCR100.dll+0x20ccd]
V  [jvm.dll+0x20f135]
V  [jvm.dll+0x247ef7]
V  [jvm.dll+0x247196]
V  [jvm.dll+0x247631]
V  [jvm.dll+0x24784e]
V  [jvm.dll+0x29853a]
C  [MSVCR100.dll+0x21d9f]
C  [MSVCR100.dll+0x21e3b]
C  [KERNEL32.DLL+0x13034]
C  [ntdll.dll+0x71431]

VM_Operation (0x000000000014f500): Exit, mode: safepoint, requested by thread 0x0000000002873800


---------------  P R O C E S S  ---------------

Java Threads: ( => current thread )
  0x000000001b26b800 JavaThread "Thread-21" daemon [_thread_blocked, id=18588, stack(0x0000000027740000,0x0000000027840000)]
  0x000000001f931000 JavaThread "TCF Locator DNS Lookup" daemon [_thread_blocked, id=18200, stack(0x0000000021e50000,0x0000000021f50000)]
  0x000000001b4bd000 JavaThread "TCF Locator Timer" daemon [_thread_blocked, id=19356, stack(0x0000000021d50000,0x0000000021e50000)]
  0x000000001b4ba800 JavaThread "TCF Locator Receiver" daemon [_thread_in_native, id=18160, stack(0x0000000021c50000,0x0000000021d50000)]
  0x000000001b4ba000 JavaThread "TCF Timer Dispatcher" daemon [_thread_blocked, id=11948, stack(0x0000000021a50000,0x0000000021b50000)]
  0x0000000015ecc800 JavaThread "EMF Reference Cleaner" daemon [_thread_blocked, id=7140, stack(0x0000000018ca0000,0x0000000018da0000)]
  0x00000000150d0000 JavaThread "Service Thread" daemon [_thread_blocked, id=1384, stack(0x0000000015950000,0x0000000015a50000)]
  0x00000000150b1000 JavaThread "C1 CompilerThread2" daemon [_thread_blocked, id=11384, stack(0x0000000015850000,0x0000000015950000)]
  0x00000000150a6800 JavaThread "C2 CompilerThread1" daemon [_thread_blocked, id=6584, stack(0x0000000015750000,0x0000000015850000)]
  0x0000000015053000 JavaThread "C2 CompilerThread0" daemon [_thread_blocked, id=12696, stack(0x0000000015650000,0x0000000015750000)]
  0x0000000015051800 JavaThread "Attach Listener" daemon [_thread_blocked, id=3420, stack(0x0000000015550000,0x0000000015650000)]
  0x0000000013d3e000 JavaThread "Signal Dispatcher" daemon [_thread_blocked, id=4240, stack(0x0000000015450000,0x0000000015550000)]
  0x0000000002968800 JavaThread "Finalizer" daemon [_thread_blocked, id=16136, stack(0x0000000014f50000,0x0000000015050000)]
  0x0000000013ca9800 JavaThread "Reference Handler" daemon [_thread_blocked, id=16928, stack(0x0000000014e50000,0x0000000014f50000)]
  0x0000000002873800 JavaThread "main" [_thread_blocked, id=19196, stack(0x0000000000050000,0x0000000000150000)]

Other Threads:
=>0x0000000013ca8000 VMThread [stack: 0x0000000014d50000,0x0000000014e50000] [id=5460]

VM state:at safepoint (shutting down)

VM Mutex/Monitor currently owned by a thread:  ([mutex/lock_event])
[0x0000000002870b50] Threads_lock - owner thread: 0x0000000013ca8000

Heap:
 PSYoungGen      total 63488K, used 28698K [0x00000000f5580000, 0x00000000fc800000, 0x0000000100000000)
  eden space 62976K, 45% used [0x00000000f5580000,0x00000000f7186ba0,0x00000000f9300000)
  from space 512K, 0% used [0x00000000f9300000,0x00000000f9300000,0x00000000f9380000)
  to   space 27136K, 0% used [0x00000000fad80000,0x00000000fad80000,0x00000000fc800000)
 ParOldGen       total 104960K, used 40174K [0x00000000e0000000, 0x00000000e6680000, 0x00000000f5580000)
  object space 104960K, 38% used [0x00000000e0000000,0x00000000e273baa0,0x00000000e6680000)
 Metaspace       used 79519K, capacity 85434K, committed 85632K, reserved 1124352K
  class space    used 9632K, capacity 11585K, committed 11648K, reserved 1048576K

Card table byte_map: [0x0000000011d30000,0x0000000011e40000] byte_map_base: 0x0000000011630000

Marking Bits: (ParMarkBitMap*) 0x0000000074514040
 Begin Bits: [0x0000000012240000, 0x0000000012a40000)
 End Bits:   [0x0000000012a40000, 0x0000000013240000)

Polling page: 0x0000000002140000

CodeCache: size=245760Kb used=33474Kb max_used=33483Kb free=212285Kb
 bounds [0x0000000002970000, 0x0000000004a70000, 0x0000000011970000]
 total_blobs=10469 nmethods=9612 adapters=765
 compilation: enabled

Compilation events (10 events):
Event: 3487.370 Thread 0x00000000150b1000 12026   !   3       org.eclipse.osgi.internal.serviceregistry.ServiceRegistrationImpl::unregister (253 bytes)
Event: 3487.372 Thread 0x00000000150b1000 nmethod 12026 0x00000000030f5450 code [0x00000000030f5860, 0x00000000030f7e38]
Event: 3487.593 Thread 0x00000000150a6800 12029       4       java.io.File::exists (43 bytes)
Event: 3487.597 Thread 0x00000000150a6800 nmethod 12029 0x0000000003833ed0 code [0x0000000003834020, 0x0000000003834228]
Event: 3487.768 Thread 0x00000000150b1000 12030   !   3       org.eclipse.osgi.internal.baseadaptor.BaseStorage::compact (215 bytes)
Event: 3487.771 Thread 0x00000000150b1000 nmethod 12030 0x0000000004a5cd90 code [0x0000000004a5d1e0, 0x0000000004a5f6a8]
Event: 3488.298 Thread 0x0000000015053000 12031       4       java.io.File::isDirectory (43 bytes)
Event: 3488.302 Thread 0x0000000015053000 nmethod 12031 0x00000000045c9d50 code [0x00000000045c9ea0, 0x00000000045ca0a8]
Event: 3488.335 Thread 0x00000000150b1000 12032       3       org.eclipse.osgi.framework.internal.core.AbstractBundle::close (52 bytes)
Event: 3488.336 Thread 0x00000000150b1000 nmethod 12032 0x0000000002aeda10 code [0x0000000002aedc40, 0x0000000002aee948]

GC Heap History (10 events):
Event: 3313.344 GC heap before
{Heap before GC invocations=40 (full 11):
 PSYoungGen      total 64000K, used 544K [0x00000000f5580000, 0x00000000fcb00000, 0x0000000100000000)
  eden space 62976K, 0% used [0x00000000f5580000,0x00000000f5580000,0x00000000f9300000)
  from space 1024K, 53% used [0x00000000f9300000,0x00000000f9388000,0x00000000f9400000)
  to   space 28672K, 0% used [0x00000000faf00000,0x00000000faf00000,0x00000000fcb00000)
 ParOldGen       total 104960K, used 41917K [0x00000000e0000000, 0x00000000e6680000, 0x00000000f5580000)
  object space 104960K, 39% used [0x00000000e0000000,0x00000000e28ef470,0x00000000e6680000)
 Metaspace       used 78528K, capacity 84418K, committed 84736K, reserved 1122304K
  class space    used 9519K, capacity 11459K, committed 11520K, reserved 1048576K
Event: 3313.527 GC heap after
Heap after GC invocations=40 (full 11):
 PSYoungGen      total 64000K, used 0K [0x00000000f5580000, 0x00000000fcb00000, 0x0000000100000000)
  eden space 62976K, 0% used [0x00000000f5580000,0x00000000f5580000,0x00000000f9300000)
  from space 1024K, 0% used [0x00000000f9300000,0x00000000f9300000,0x00000000f9400000)
  to   space 28672K, 0% used [0x00000000faf00000,0x00000000faf00000,0x00000000fcb00000)
 ParOldGen       total 104960K, used 42056K [0x00000000e0000000, 0x00000000e6680000, 0x00000000f5580000)
  object space 104960K, 40% used [0x00000000e0000000,0x00000000e2912060,0x00000000e6680000)
 Metaspace       used 78528K, capacity 84418K, committed 84736K, reserved 1122304K
  class space    used 9519K, capacity 11459K, committed 11520K, reserved 1048576K
}
Event: 3373.333 GC heap before
{Heap before GC invocations=41 (full 11):
 PSYoungGen      total 64000K, used 3134K [0x00000000f5580000, 0x00000000fcb00000, 0x0000000100000000)
  eden space 62976K, 4% used [0x00000000f5580000,0x00000000f588f8c8,0x00000000f9300000)
  from space 1024K, 0% used [0x00000000f9300000,0x00000000f9300000,0x00000000f9400000)
  to   space 28672K, 0% used [0x00000000faf00000,0x00000000faf00000,0x00000000fcb00000)
 ParOldGen       total 104960K, used 42056K [0x00000000e0000000, 0x00000000e6680000, 0x00000000f5580000)
  object space 104960K, 40% used [0x00000000e0000000,0x00000000e2912060,0x00000000e6680000)
 Metaspace       used 78531K, capacity 84418K, committed 84736K, reserved 1122304K
  class space    used 9519K, capacity 11459K, committed 11520K, reserved 1048576K
Event: 3373.338 GC heap after
Heap after GC invocations=41 (full 11):
 PSYoungGen      total 90624K, used 192K [0x00000000f5580000, 0x00000000fca00000, 0x0000000100000000)
  eden space 62976K, 0% used [0x00000000f5580000,0x00000000f5580000,0x00000000f9300000)
  from space 27648K, 0% used [0x00000000faf00000,0x00000000faf30000,0x00000000fca00000)
  to   space 28160K, 0% used [0x00000000f9300000,0x00000000f9300000,0x00000000fae80000)
 ParOldGen       total 104960K, used 42056K [0x00000000e0000000, 0x00000000e6680000, 0x00000000f5580000)
  object space 104960K, 40% used [0x00000000e0000000,0x00000000e2912060,0x00000000e6680000)
 Metaspace       used 78531K, capacity 84418K, committed 84736K, reserved 1122304K
  class space    used 9519K, capacity 11459K, committed 11520K, reserved 1048576K
}
Event: 3373.338 GC heap before
{Heap before GC invocations=42 (full 12):
 PSYoungGen      total 90624K, used 192K [0x00000000f5580000, 0x00000000fca00000, 0x0000000100000000)
  eden space 62976K, 0% used [0x00000000f5580000,0x00000000f5580000,0x00000000f9300000)
  from space 27648K, 0% used [0x00000000faf00000,0x00000000faf30000,0x00000000fca00000)
  to   space 28160K, 0% used [0x00000000f9300000,0x00000000f9300000,0x00000000fae80000)
 ParOldGen       total 104960K, used 42056K [0x00000000e0000000, 0x00000000e6680000, 0x00000000f5580000)
  object space 104960K, 40% used [0x00000000e0000000,0x00000000e2912060,0x00000000e6680000)
 Metaspace       used 78531K, capacity 84418K, committed 84736K, reserved 1122304K
  class space    used 9519K, capacity 11459K, committed 11520K, reserved 1048576K
Event: 3373.641 GC heap after
Heap after GC invocations=42 (full 12):
 PSYoungGen      total 90624K, used 0K [0x00000000f5580000, 0x00000000fca00000, 0x0000000100000000)
  eden space 62976K, 0% used [0x00000000f5580000,0x00000000f5580000,0x00000000f9300000)
  from space 27648K, 0% used [0x00000000faf00000,0x00000000faf00000,0x00000000fca00000)
  to   space 28160K, 0% used [0x00000000f9300000,0x00000000f9300000,0x00000000fae80000)
 ParOldGen       total 104960K, used 40896K [0x00000000e0000000, 0x00000000e6680000, 0x00000000f5580000)
  object space 104960K, 38% used [0x00000000e0000000,0x00000000e27f0308,0x00000000e6680000)
 Metaspace       used 78531K, capacity 84418K, committed 84736K, reserved 1122304K
  class space    used 9519K, capacity 11459K, committed 11520K, reserved 1048576K
}
Event: 3433.344 GC heap before
{Heap before GC invocations=43 (full 12):
 PSYoungGen      total 90624K, used 3226K [0x00000000f5580000, 0x00000000fca00000, 0x0000000100000000)
  eden space 62976K, 5% used [0x00000000f5580000,0x00000000f58a6a58,0x00000000f9300000)
  from space 27648K, 0% used [0x00000000faf00000,0x00000000faf00000,0x00000000fca00000)
  to   space 28160K, 0% used [0x00000000f9300000,0x00000000f9300000,0x00000000fae80000)
 ParOldGen       total 104960K, used 40896K [0x00000000e0000000, 0x00000000e6680000, 0x00000000f5580000)
  object space 104960K, 38% used [0x00000000e0000000,0x00000000e27f0308,0x00000000e6680000)
 Metaspace       used 78533K, capacity 84418K, committed 84736K, reserved 1122304K
  class space    used 9519K, capacity 11459K, committed 11520K, reserved 1048576K
Event: 3433.347 GC heap after
Heap after GC invocations=43 (full 12):
 PSYoungGen      total 63488K, used 160K [0x00000000f5580000, 0x00000000fc800000, 0x0000000100000000)
  eden space 62976K, 0% used [0x00000000f5580000,0x00000000f5580000,0x00000000f9300000)
  from space 512K, 31% used [0x00000000f9300000,0x00000000f9328000,0x00000000f9380000)
  to   space 27136K, 0% used [0x00000000fad80000,0x00000000fad80000,0x00000000fc800000)
 ParOldGen       total 104960K, used 40896K [0x00000000e0000000, 0x00000000e6680000, 0x00000000f5580000)
  object space 104960K, 38% used [0x00000000e0000000,0x00000000e27f0308,0x00000000e6680000)
 Metaspace       used 78533K, capacity 84418K, committed 84736K, reserved 1122304K
  class space    used 9519K, capacity 11459K, committed 11520K, reserved 1048576K
}
Event: 3433.347 GC heap before
{Heap before GC invocations=44 (full 13):
 PSYoungGen      total 63488K, used 160K [0x00000000f5580000, 0x00000000fc800000, 0x0000000100000000)
  eden space 62976K, 0% used [0x00000000f5580000,0x00000000f5580000,0x00000000f9300000)
  from space 512K, 31% used [0x00000000f9300000,0x00000000f9328000,0x00000000f9380000)
  to   space 27136K, 0% used [0x00000000fad80000,0x00000000fad80000,0x00000000fc800000)
 ParOldGen       total 104960K, used 40896K [0x00000000e0000000, 0x00000000e6680000, 0x00000000f5580000)
  object space 104960K, 38% used [0x00000000e0000000,0x00000000e27f0308,0x00000000e6680000)
 Metaspace       used 78533K, capacity 84418K, committed 84736K, reserved 1122304K
  class space    used 9519K, capacity 11459K, committed 11520K, reserved 1048576K
Event: 3433.698 GC heap after
Heap after GC invocations=44 (full 13):
 PSYoungGen      total 63488K, used 0K [0x00000000f5580000, 0x00000000fc800000, 0x0000000100000000)
  eden space 62976K, 0% used [0x00000000f5580000,0x00000000f5580000,0x00000000f9300000)
  from space 512K, 0% used [0x00000000f9300000,0x00000000f9300000,0x00000000f9380000)
  to   space 27136K, 0% used [0x00000000fad80000,0x00000000fad80000,0x00000000fc800000)
 ParOldGen       total 104960K, used 40174K [0x00000000e0000000, 0x00000000e6680000, 0x00000000f5580000)
  object space 104960K, 38% used [0x00000000e0000000,0x00000000e273baa0,0x00000000e6680000)
 Metaspace       used 78520K, capacity 84394K, committed 84736K, reserved 1122304K
  class space    used 9517K, capacity 11455K, committed 11520K, reserved 1048576K
}

Deoptimization events (10 events):
Event: 3486.342 Thread 0x0000000002873800 Uncommon trap: reason=class_check action=maybe_recompile pc=0x0000000003c2f70c method=org.eclipse.e4.core.internal.contexts.ContextObjectSupplier$ContextInjectionListener.update(Lorg/eclipse/e4/core/contexts/IEclipseContext;I[Ljava/lang/Object;)Z @ 173
Event: 3486.342 Thread 0x0000000002873800 Uncommon trap: reason=class_check action=maybe_recompile pc=0x00000000049d5e38 method=org.eclipse.e4.core.internal.contexts.TrackableComputationExt.update(Lorg/eclipse/e4/core/internal/contexts/ContextChangeEvent;)Z @ 62
Event: 3486.342 Thread 0x0000000002873800 Uncommon trap: reason=class_check action=maybe_recompile pc=0x0000000003c2f70c method=org.eclipse.e4.core.internal.contexts.ContextObjectSupplier$ContextInjectionListener.update(Lorg/eclipse/e4/core/contexts/IEclipseContext;I[Ljava/lang/Object;)Z @ 173
Event: 3486.342 Thread 0x0000000002873800 Uncommon trap: reason=class_check action=maybe_recompile pc=0x00000000049d5e38 method=org.eclipse.e4.core.internal.contexts.TrackableComputationExt.update(Lorg/eclipse/e4/core/internal/contexts/ContextChangeEvent;)Z @ 62
Event: 3486.342 Thread 0x0000000002873800 Uncommon trap: reason=class_check action=maybe_recompile pc=0x0000000003c2f70c method=org.eclipse.e4.core.internal.contexts.ContextObjectSupplier$ContextInjectionListener.update(Lorg/eclipse/e4/core/contexts/IEclipseContext;I[Ljava/lang/Object;)Z @ 173
Event: 3486.557 Thread 0x0000000002873800 Uncommon trap: reason=unstable_if action=reinterpret pc=0x0000000003f060b4 method=sun.nio.cs.UTF_8$Encoder.encodeArrayLoop(Ljava/nio/CharBuffer;Ljava/nio/ByteBuffer;)Ljava/nio/charset/CoderResult; @ 87
Event: 3487.219 Thread 0x0000000002873800 Uncommon trap: reason=null_check action=make_not_entrant pc=0x0000000002dc80c8 method=org.eclipse.core.runtime.internal.adaptor.EclipseLazyStarter.shouldActivateFor(Ljava/lang/String;Lorg/eclipse/osgi/baseadaptor/BaseData;Lorg/eclipse/core/runtime/internalÀÑ—¡>«@
Event: 3487.315 Thread 0x000000001b4bb800 Uncommon trap: reason=unstable_if action=reinterpret pc=0x00000000047a9448 method=org.eclipse.core.internal.jobs.JobManager.nextJob()Lorg/eclipse/core/runtime/jobs/Job; @ 80
Event: 3487.315 Thread 0x000000001f92e000 Uncommon trap: reason=unstable_if action=reinterpret pc=0x00000000047a9448 method=org.eclipse.core.internal.jobs.JobManager.nextJob()Lorg/eclipse/core/runtime/jobs/Job; @ 80
Event: 3487.316 Thread 0x000000001b267800 Uncommon trap: reason=unstable_if action=reinterpret pc=0x00000000047a9448 method=org.eclipse.core.internal.jobs.JobManager.nextJob()Lorg/eclipse/core/runtime/jobs/Job; @ 80

Internal exceptions (10 events):
Event: 3485.857 Thread 0x000000001b264800 Exception <a 'sun/net/ConnectionResetException': > (0x00000000f64e9c28) thrown at [C:\re\workspace\8-2-build-windows-amd64-cygwin\jdk8u45\3627\hotspot\src\share\vm\prims\jni.cpp, line 735]
Event: 3485.861 Thread 0x000000001b261800 Exception <a 'java/net/SocketException': Connection reset by peer: socket write error> (0x00000000f64ecfd8) thrown at [C:\re\workspace\8-2-build-windows-amd64-cygwin\jdk8u45\3627\hotspot\src\share\vm\prims\jni.cpp, line 735]
Event: 3485.870 Thread 0x000000001f933800 Exception <a 'java/lang/InterruptedException'> (0x00000000f6507340) thrown at [C:\re\workspace\8-2-build-windows-amd64-cygwin\jdk8u45\3627\hotspot\src\share\vm\runtime\objectMonitor.cpp, line 1683]
Event: 3485.875 Thread 0x000000001b4bc000 Exception <a 'java/net/SocketException': Socket closed> (0x00000000f653bb50) thrown at [C:\re\workspace\8-2-build-windows-amd64-cygwin\jdk8u45\3627\hotspot\src\share\vm\prims\jni.cpp, line 735]
Event: 3486.528 Thread 0x000000001b265800 Exception <a 'java/lang/InterruptedException'> (0x00000000f6c1c670) thrown at [C:\re\workspace\8-2-build-windows-amd64-cygwin\jdk8u45\3627\hotspot\src\share\vm\runtime\objectMonitor.cpp, line 1683]
Event: 3487.219 Thread 0x0000000002873800 Implicit null exception at 0x0000000002dc6edb to 0x0000000002dc80a5
Event: 3487.362 Thread 0x0000000015dd1800 Exception <a 'java/lang/InterruptedException': sleep interrupted> (0x00000000f6f4dd68) thrown at [C:\re\workspace\8-2-build-windows-amd64-cygwin\jdk8u45\3627\hotspot\src\share\vm\prims\jvm.cpp, line 3211]
Event: 3487.369 Thread 0x0000000019e88000 Exception <a 'java/lang/InterruptedException'> (0x00000000f6f6f180) thrown at [C:\re\workspace\8-2-build-windows-amd64-cygwin\jdk8u45\3627\hotspot\src\share\vm\runtime\objectMonitor.cpp, line 1683]
Event: 3487.371 Thread 0x00000000162c6800 Exception <a 'java/lang/InterruptedException'> (0x00000000f6f79e90) thrown at [C:\re\workspace\8-2-build-windows-amd64-cygwin\jdk8u45\3627\hotspot\src\share\vm\runtime\objectMonitor.cpp, line 1683]
Event: 3488.336 Thread 0x00000000170d0800 Exception <a 'java/lang/InterruptedException'> (0x00000000f6ec6d38) thrown at [C:\re\workspace\8-2-build-windows-amd64-cygwin\jdk8u45\3627\hotspot\src\share\vm\runtime\objectMonitor.cpp, line 1683]

Events (10 events):
Event: 3487.371 Thread 0x00000000162c6800 Thread exited: 0x00000000162c6800
Event: 3488.336 Thread 0x00000000170d0800 Thread exited: 0x00000000170d0800
Event: 3488.338 Thread 0x0000000015e8a000 Thread exited: 0x0000000015e8a000
Event: 3488.340 loading class java/util/IdentityHashMap$KeyIterator
Event: 3488.343 loading class java/util/IdentityHashMap$IdentityHashMapIterator
Event: 3488.344 loading class java/util/IdentityHashMap$IdentityHashMapIterator done
Event: 3488.344 loading class java/util/IdentityHashMap$KeyIterator done
Event: 3488.345 Thread 0x000000001b4bb800 Thread added: 0x000000001b4bb800
Event: 3488.353 Thread 0x000000001b4bb800 Thread exited: 0x000000001b4bb800
Event: 3488.356 Executing VM operation: Exit


Dynamic libraries:
0x0000000000400000 - 0x000000000044f000 	C:\Xilinx\SDK\2015.4\eclipse\win64.o\eclipse.exe
0x00007ff89e110000 - 0x00007ff89e2f1000 	C:\WINDOWS\SYSTEM32\ntdll.dll
0x00007ff89bcd0000 - 0x00007ff89bd82000 	C:\WINDOWS\System32\KERNEL32.DLL
0x00007ff89af30000 - 0x00007ff89b1a3000 	C:\WINDOWS\System32\KERNELBASE.dll
0x00007ff89bd90000 - 0x00007ff89bf20000 	C:\WINDOWS\System32\USER32.dll
0x00007ff89a4e0000 - 0x00007ff89a500000 	C:\WINDOWS\System32\win32u.dll
0x00007ff89c0c0000 - 0x00007ff89c0e8000 	C:\WINDOWS\System32\GDI32.dll
0x00007ff89a680000 - 0x00007ff89a812000 	C:\WINDOWS\System32\gdi32full.dll
0x00007ff89b1b0000 - 0x00007ff89b24f000 	C:\WINDOWS\System32\msvcp_win.dll
0x00007ff89b4a0000 - 0x00007ff89b59a000 	C:\WINDOWS\System32\ucrtbase.dll
0x00007ff89da70000 - 0x00007ff89db0e000 	C:\WINDOWS\System32\msvcrt.dll
0x00007ff8891f0000 - 0x00007ff889459000 	C:\WINDOWS\WinSxS\amd64_microsoft.windows.common-controls_6595b64144ccf1df_6.0.17134.165_none_fb429645306569ac\COMCTL32.dll
0x00007ff89dc60000 - 0x00007ff89df83000 	C:\WINDOWS\System32\combase.dll
0x00007ff89db10000 - 0x00007ff89dc34000 	C:\WINDOWS\System32\RPCRT4.dll
0x00007ff89a500000 - 0x00007ff89a57a000 	C:\WINDOWS\System32\bcryptPrimitives.dll
0x00007ff89b710000 - 0x00007ff89b73d000 	C:\WINDOWS\System32\IMM32.DLL
0x0000000072000000 - 0x0000000072012000 	C:\Xilinx\SDK\2015.4\eclipse\win64.o\plugins\org.eclipse.equinox.launcher.win32.win32.x86_64_1.1.200.v20140116-2212\eclipse_1503.dll
0x00007ff89bf90000 - 0x00007ff89c031000 	C:\WINDOWS\System32\ADVAPI32.dll
0x00007ff89df90000 - 0x00007ff89dfeb000 	C:\WINDOWS\System32\sechost.dll
0x00007ff894a20000 - 0x00007ff894a2a000 	C:\WINDOWS\SYSTEM32\VERSION.dll
0x00007ff898810000 - 0x00007ff8988a8000 	C:\WINDOWS\system32\uxtheme.dll
0x00007ff89b9b0000 - 0x00007ff89bb25000 	C:\WINDOWS\System32\MSCTF.dll
0x00007ff89d990000 - 0x00007ff89da52000 	C:\WINDOWS\System32\OLEAUT32.dll
0x00007ff889460000 - 0x00007ff8894ab000 	C:\Program Files\Listary\ListaryHook64.dll
0x00007ff89b740000 - 0x00007ff89b891000 	C:\WINDOWS\System32\ole32.dll
0x00007ff89b950000 - 0x00007ff89b9a1000 	C:\WINDOWS\System32\SHLWAPI.dll
0x00007ff890d80000 - 0x00007ff890deb000 	C:\WINDOWS\SYSTEM32\OLEACC.dll
0x0000000073d10000 - 0x0000000074593000 	C:\Xilinx\SDK\2015.4\tps\win64\jre\bin\server\jvm.dll
0x00007ff89da60000 - 0x00007ff89da68000 	C:\WINDOWS\System32\PSAPI.DLL
0x00007ff87b8e0000 - 0x00007ff87b8e9000 	C:\WINDOWS\SYSTEM32\WSOCK32.dll
0x00007ff89bf20000 - 0x00007ff89bf8c000 	C:\WINDOWS\System32\WS2_32.dll
0x00007ff898410000 - 0x00007ff898433000 	C:\WINDOWS\SYSTEM32\WINMM.dll
0x0000000075a60000 - 0x0000000075b32000 	C:\WINDOWS\SYSTEM32\MSVCR100.dll
0x00007ff8983b0000 - 0x00007ff8983da000 	C:\WINDOWS\SYSTEM32\WINMMBASE.dll
0x00007ff89a630000 - 0x00007ff89a679000 	C:\WINDOWS\System32\cfgmgr32.dll
0x0000000076d90000 - 0x0000000076d9f000 	C:\Xilinx\SDK\2015.4\tps\win64\jre\bin\verify.dll
0x0000000076d60000 - 0x0000000076d89000 	C:\Xilinx\SDK\2015.4\tps\win64\jre\bin\java.dll
0x0000000076d40000 - 0x0000000076d56000 	C:\Xilinx\SDK\2015.4\tps\win64\jre\bin\zip.dll
0x00007ff89c540000 - 0x00007ff89d980000 	C:\WINDOWS\System32\SHELL32.dll
0x00007ff89b8a0000 - 0x00007ff89b949000 	C:\WINDOWS\System32\shcore.dll
0x00007ff89a820000 - 0x00007ff89af2d000 	C:\WINDOWS\System32\windows.storage.dll
0x00007ff89a4c0000 - 0x00007ff89a4d1000 	C:\WINDOWS\System32\kernel.appcore.dll
0x00007ff89a430000 - 0x00007ff89a44f000 	C:\WINDOWS\System32\profapi.dll
0x00007ff89a470000 - 0x00007ff89a4bc000 	C:\WINDOWS\System32\powrprof.dll
0x00007ff89a420000 - 0x00007ff89a42a000 	C:\WINDOWS\System32\FLTLIB.DLL
0x00007ff899e00000 - 0x00007ff899e17000 	C:\WINDOWS\SYSTEM32\CRYPTSP.dll
0x00007ff899820000 - 0x00007ff899853000 	C:\WINDOWS\system32\rsaenh.dll
0x00007ff899f20000 - 0x00007ff899f45000 	C:\WINDOWS\SYSTEM32\bcrypt.dll
0x00007ff89a350000 - 0x00007ff89a378000 	C:\WINDOWS\SYSTEM32\USERENV.dll
0x00007ff899df0000 - 0x00007ff899dfb000 	C:\WINDOWS\SYSTEM32\CRYPTBASE.dll
0x0000000076a40000 - 0x0000000076a5a000 	C:\Xilinx\SDK\2015.4\tps\win64\jre\bin\net.dll
0x00007ff899c40000 - 0x00007ff899ca6000 	C:\WINDOWS\system32\mswsock.dll
0x00007ff8999c0000 - 0x00007ff8999f8000 	C:\WINDOWS\SYSTEM32\IPHLPAPI.DLL
0x00007ff89b6a0000 - 0x00007ff89b6a8000 	C:\WINDOWS\System32\NSI.dll
0x00007ff890c20000 - 0x00007ff890c36000 	C:\WINDOWS\SYSTEM32\dhcpcsvc6.DLL
0x00007ff890cd0000 - 0x00007ff890cea000 	C:\WINDOWS\SYSTEM32\dhcpcsvc.DLL
0x0000000076a20000 - 0x0000000076a31000 	C:\Xilinx\SDK\2015.4\tps\win64\jre\bin\nio.dll
0x00007ff893700000 - 0x00007ff893798000 	C:\WINDOWS\System32\TextInputFramework.dll
0x00007ff894c00000 - 0x00007ff894f1e000 	C:\WINDOWS\System32\CoreUIComponents.dll
0x00007ff8981e0000 - 0x00007ff8982ba000 	C:\WINDOWS\System32\CoreMessaging.dll
0x00007ff896420000 - 0x00007ff89656d000 	C:\WINDOWS\SYSTEM32\wintypes.dll
0x00007ff899510000 - 0x00007ff899541000 	C:\WINDOWS\SYSTEM32\ntmarta.dll
0x00007ff8988e0000 - 0x00007ff898909000 	C:\WINDOWS\system32\dwmapi.dll
0x00007ff8820c0000 - 0x00007ff8820d6000 	C:\WINDOWS\system32\napinsp.dll
0x00007ff8819b0000 - 0x00007ff8819ca000 	C:\WINDOWS\system32\pnrpnsp.dll
0x00007ff896ae0000 - 0x00007ff896af9000 	C:\WINDOWS\system32\NLAapi.dll
0x00007ff899a00000 - 0x00007ff899abe000 	C:\WINDOWS\SYSTEM32\DNSAPI.dll
0x00007ff881710000 - 0x00007ff88171e000 	C:\WINDOWS\System32\winrnr.dll
0x00007ff881450000 - 0x00007ff881465000 	C:\WINDOWS\System32\wshbth.dll
0x00007ff890bf0000 - 0x00007ff890bfa000 	C:\Windows\System32\rasadhlp.dll
0x00007ff8907b0000 - 0x00007ff890822000 	C:\WINDOWS\System32\fwpuclnt.dll
0x00000000189a0000 - 0x0000000018a48000 	C:\Users\yaris\.Xilinx\SDK\2015.4\org.eclipse.osgi\bundles\303\1\.cp\swt-win32-4335.dll
0x00007ff89dff0000 - 0x00007ff89e0dd000 	C:\WINDOWS\System32\comdlg32.dll
0x00007ff89b250000 - 0x00007ff89b432000 	C:\WINDOWS\System32\CRYPT32.dll
0x00007ff89a450000 - 0x00007ff89a462000 	C:\WINDOWS\System32\MSASN1.dll
0x00007ff890cf0000 - 0x00007ff890d74000 	C:\WINDOWS\SYSTEM32\WINSPOOL.DRV
0x00007ff88c120000 - 0x00007ff88c46f000 	C:\WINDOWS\SYSTEM32\WININET.dll
0x00007ff890e90000 - 0x00007ff890ea9000 	C:\WINDOWS\SYSTEM32\USP10.dll
0x00007ff898fa0000 - 0x00007ff899154000 	C:\WINDOWS\SYSTEM32\PROPSYS.dll
0x00007ff89b5a0000 - 0x00007ff89b640000 	C:\WINDOWS\System32\clbcatq.dll
0x0000000018a50000 - 0x0000000018a6e000 	C:\Users\yaris\.Xilinx\SDK\2015.4\org.eclipse.osgi\bundles\303\1\.cp\swt-gdip-win32-4335.dll
0x00007ff8943a0000 - 0x00007ff89453a000 	C:\WINDOWS\WinSxS\amd64_microsoft.windows.gdiplus_6595b64144ccf1df_1.1.17134.165_none_2c2d892a8af7e37a\gdiplus.dll
0x00007ff8956b0000 - 0x00007ff89585e000 	C:\WINDOWS\SYSTEM32\WindowsCodecs.dll
0x0000000180000000 - 0x0000000180012000 	C:\Users\yaris\.Xilinx\SDK\2015.4\org.eclipse.osgi\bundles\121\1\.cp\os\win32\x86_64\localfile_1_0_0.dll
0x00007ff881050000 - 0x00007ff881061000 	C:\Users\yaris\.Xilinx\SDK\2015.4\org.eclipse.osgi\bundles\124\1\.cp\jWinHttp-1.0.0.dll
0x00007ff896650000 - 0x00007ff89672c000 	C:\WINDOWS\SYSTEM32\WINHTTP.dll
0x00007ff889990000 - 0x00007ff8899e8000 	C:\WINDOWS\system32\dataexchange.dll
0x00007ff897ce0000 - 0x00007ff897e7c000 	C:\WINDOWS\system32\dcomp.dll
0x00007ff897590000 - 0x00007ff89789b000 	C:\WINDOWS\system32\d3d11.dll
0x00007ff8991e0000 - 0x00007ff89929b000 	C:\WINDOWS\system32\dxgi.dll
0x00007ff898940000 - 0x00007ff898af8000 	C:\WINDOWS\system32\twinapi.appcore.dll
0x00007ff898910000 - 0x00007ff898931000 	C:\WINDOWS\system32\RMCLIENT.dll
0x00007ff8816d0000 - 0x00007ff88170f000 	C:\WINDOWS\system32\mlang.dll
0x00007ff8919a0000 - 0x00007ff8919af000 	C:\Xilinx\SDK\2015.4\lib\win64.o\librdi_repo_manager.dll
0x00007ff865f90000 - 0x00007ff865fba000 	C:\Xilinx\SDK\2015.4\lib\win64.o\libisl_sysinfo.dll
0x00007ff810570000 - 0x00007ff810efd000 	C:\Xilinx\SDK\2015.4\lib\win64.o\librdi_common.dll
0x00007ff893dd0000 - 0x00007ff893e77000 	C:\WINDOWS\SYSTEM32\MSVCP110.dll
0x00007ff88b3d0000 - 0x00007ff88b4a4000 	C:\WINDOWS\SYSTEM32\MSVCR110.dll
0x00007ff848a20000 - 0x00007ff848c0c000 	C:\Xilinx\SDK\2015.4\lib\win64.o\librdi_hsm.dll
0x00007ff85de30000 - 0x00007ff85de84000 	C:\Xilinx\SDK\2015.4\lib\win64.o\librdi_commonxillic.dll
0x00007ff81a6d0000 - 0x00007ff81aa3e000 	C:\Xilinx\SDK\2015.4\lib\win64.o\libCOIN-all.dll
0x00007ff8917e0000 - 0x00007ff8917f0000 	C:\Xilinx\SDK\2015.4\lib\win64.o\libboost_date_time.dll
0x00007ff820b80000 - 0x00007ff820d9e000 	C:\Xilinx\SDK\2015.4\lib\win64.o\libXil_lmgr11.dll
0x00007ff863690000 - 0x00007ff8636b2000 	C:\Xilinx\SDK\2015.4\lib\win64.o\libboost_filesystem.dll
0x00007ff850520000 - 0x00007ff850594000 	C:\Xilinx\SDK\2015.4\lib\win64.o\libboost_program_options.dll
0x00007ff84dbd0000 - 0x00007ff84dcca000 	C:\Xilinx\SDK\2015.4\lib\win64.o\libboost_regex.dll
0x00007ff89b440000 - 0x00007ff89b497000 	C:\WINDOWS\System32\WINTRUST.dll
0x00007ff87fc70000 - 0x00007ff87fc83000 	C:\Xilinx\SDK\2015.4\lib\win64.o\libboost_signals.dll
0x00007ff88cb80000 - 0x00007ff88cb89000 	C:\Xilinx\SDK\2015.4\lib\win64.o\libboost_system.dll
0x00007ff86bee0000 - 0x00007ff86befd000 	C:\Xilinx\SDK\2015.4\lib\win64.o\libboost_thread.dll
0x00007ff84e590000 - 0x00007ff84e62a000 	C:\Xilinx\SDK\2015.4\lib\win64.o\libhdxml.dll
0x00007ff88c040000 - 0x00007ff88c04b000 	C:\Xilinx\SDK\2015.4\lib\win64.o\libboost_xilinx.dll
0x00007ff8489a0000 - 0x00007ff848a20000 	C:\Xilinx\SDK\2015.4\lib\win64.o\libhdlpsolve.dll
0x00007ff813ba0000 - 0x00007ff813fd4e00 	C:\Xilinx\SDK\2015.4\lib\win64.o\libisl_iostreams.dll
0x00007ff86bc40000 - 0x00007ff86bc55000 	C:\Xilinx\SDK\2015.4\lib\win64.o\pthreadVC2.dll
0x00007ff820430000 - 0x00007ff820560000 	C:\Xilinx\SDK\2015.4\lib\win64.o\librdi_curl.dll
0x00007ff861f40000 - 0x00007ff861f58000 	C:\Xilinx\SDK\2015.4\lib\win64.o\librdiconfig.dll
0x00007ff861d30000 - 0x00007ff861d53000 	C:\Xilinx\SDK\2015.4\lib\win64.o\librdizlib.dll
0x00007ff890830000 - 0x00007ff8909f8000 	C:\WINDOWS\SYSTEM32\urlmon.dll
0x0000000075370000 - 0x0000000075497000 	C:\Xilinx\SDK\2015.4\lib\win64.o\tcl85t.dll
0x00007ff85d430000 - 0x00007ff85d453000 	C:\WINDOWS\SYSTEM32\VCOMP110.DLL
0x00007ff85d630000 - 0x00007ff85d673000 	C:\Xilinx\SDK\2015.4\lib\win64.o\librdi_hdf.dll
0x00007ff816630000 - 0x00007ff816885000 	C:\Xilinx\SDK\2015.4\lib\win64.o\librdi_ippcw.dll
0x00007ff88a400000 - 0x00007ff88a417000 	C:\WINDOWS\SYSTEM32\NETAPI32.dll
0x00007ff889de0000 - 0x00007ff889deb000 	C:\Xilinx\SDK\2015.4\lib\win64.o\libboost_chrono.dll
0x00007ff88ddb0000 - 0x00007ff88e052000 	C:\WINDOWS\SYSTEM32\iertutil.dll
0x00007ff85f080000 - 0x00007ff85f0a3000 	C:\Xilinx\SDK\2015.4\lib\win64.o\libisl_iosutils.dll
0x00007ff861750000 - 0x00007ff861766000 	C:\Xilinx\SDK\2015.4\lib\win64.o\libboost_iostreams.dll

VM Arguments:
jvm_args: -Dcom.xilinx.sdk.args.hwspec=C:/Users/yaris/Desktop/project/AXI_FIFO/AXI_FIFO.sdk/system_wrapper.hdf -Xms64m -Xmx512m & 
java_command: <unknown>
java_class_path (initial): C:\Xilinx\SDK\2015.4\eclipse\win64.o\\plugins/org.eclipse.equinox.launcher_1.3.0.v20130327-1440.jar
Launcher Type: generic

Environment Variables:
JAVA_HOME=C:\Program Files\Java\jdk1.8.0_131
CLASSPATH=.;C:\Program Files\Java\jdk1.8.0_131\lib;C:\Program Files\Java\jdk1.8.0_131\lib\dt.jar;C:\Program Files\Java\jdk1.8.0_131\lib\tools.jar;
USERNAME=yaris
OS=Windows_NT
PROCESSOR_IDENTIFIER=Intel64 Family 6 Model 60 Stepping 3, GenuineIntel



---------------  S Y S T E M  ---------------

OS: Windows 10.0 , 64 bit Build 17134 (10.0.17134.1)

CPU:total 4 (2 cores per cpu, 2 threads per core) family 6 model 60 stepping 3, cmov, cx8, fxsr, mmx, sse, sse2, sse3, ssse3, sse4.1, sse4.2, popcnt, avx, avx2, aes, clmul, erms, lzcnt, ht, tsc, tscinvbit, bmi1, bmi2

Memory: 4k page, physical 8275004k(486152k free), swap 20485584k(2637796k free)

vm_info: Java HotSpot(TM) 64-Bit Server VM (25.45-b02) for windows-amd64 JRE (1.8.0_45-b15), built on Apr 30 2015 12:40:44 by "java_re" with MS VC++ 10.0 (VS2010)

time: Mon Jul 30 13:31:23 2018
elapsed time: 3508 seconds (0d 0h 58m 28s)

