#-----------------------------------------------------------
# Vivado v2015.4 (64-bit)
# SW Build 1412921 on Wed Nov 18 09:43:45 MST 2015
# IP Build 1412160 on Tue Nov 17 13:47:24 MST 2015
# Start of session at: Sat Jul 28 19:21:53 2018
# Process ID: 17752
# Current directory: C:/Users/yaris/Desktop/AXI_FIFO
# Command line: vivado.exe -gui_launcher_event rodinguilauncherevent11256 C:\Users\yaris\Desktop\AXI_FIFO\AXI_FIFO.xpr
# Log file: C:/Users/yaris/Desktop/AXI_FIFO/vivado.log
# Journal file: C:/Users/yaris/Desktop/AXI_FIFO\vivado.jou
#-----------------------------------------------------------
start_gui
open_project C:/Users/yaris/Desktop/AXI_FIFO/AXI_FIFO.xpr
Scanning sources...
Finished scanning sources
INFO: [IP_Flow 19-234] Refreshing IP repositories
INFO: [IP_Flow 19-1704] No user IP repositories specified
INFO: [IP_Flow 19-2313] Loaded Vivado IP repository 'C:/Xilinx/Vivado/2015.4/data/ip'.
open_project: Time (s): cpu = 00:00:44 ; elapsed = 00:00:41 . Memory (MB): peak = 933.938 ; gain = 369.516
open_bd_design {C:/Users/yaris/Desktop/AXI_FIFO/AXI_FIFO.srcs/sources_1/bd/system/system.bd}
Adding component instance block -- xilinx.com:ip:processing_system7:5.5 - processing_system7_0
Adding component instance block -- xilinx.com:ip:axi_dma:7.1 - axi_dma_0
Adding component instance block -- xilinx.com:ip:fifo_generator:13.0 - fifo_generator_0
INFO: [xilinx.com:ip:fifo_generator:13.0-5968] /fifo_generator_0Executing the post_config_ip from bd
Adding component instance block -- xilinx.com:ip:xlconcat:2.1 - xlconcat_0
Adding component instance block -- xilinx.com:ip:axi_dma:7.1 - axi_dma_1
Adding component instance block -- xilinx.com:ip:fifo_generator:13.0 - fifo_generator_1
INFO: [xilinx.com:ip:fifo_generator:13.0-5968] /fifo_generator_1Executing the post_config_ip from bd
Adding component instance block -- xilinx.com:ip:proc_sys_reset:5.0 - rst_processing_system7_0_100M
Adding component instance block -- xilinx.com:ip:axi_gpio:2.0 - axi_gpio_0
Adding component instance block -- xilinx.com:ip:axi_gpio:2.0 - axi_gpio_1
Adding component instance block -- xilinx.com:ip:ila:6.0 - ila_0
Adding component instance block -- xilinx.com:ip:axi_crossbar:2.1 - xbar
Adding component instance block -- xilinx.com:ip:axi_protocol_converter:2.1 - auto_pc
Adding component instance block -- xilinx.com:ip:axi_crossbar:2.1 - xbar
Adding component instance block -- xilinx.com:ip:axi_protocol_converter:2.1 - auto_pc
Adding component instance block -- xilinx.com:ip:axi_dwidth_converter:2.1 - auto_us
Adding component instance block -- xilinx.com:ip:axi_dwidth_converter:2.1 - auto_us
CRITICAL WARNING: [BD 41-1289] Cannot find Address Block </processing_system7_0/S_AXI_HP2/HP2_DDR_LOWOCM>. Cannot create segment <SEG_processing_system7_0_HP2_DDR_LOWOCM> at <0x00000000 [ 1G ]> in Address Space </axi_dma_1/Data_MM2S>.
WARNING: [BD 41-705] Could not load assignment of </processing_system7_0/S_AXI_HP2/HP2_DDR_LOWOCM> into address space <Data_MM2S>
Successfully read diagram <system> from BD file <C:/Users/yaris/Desktop/AXI_FIFO/AXI_FIFO.srcs/sources_1/bd/system/system.bd>
open_bd_design: Time (s): cpu = 00:00:31 ; elapsed = 00:00:32 . Memory (MB): peak = 1104.672 ; gain = 170.734
reset_run synth_1
launch_runs synth_1 -jobs 2
INFO: [HDL 9-2216] Analyzing Verilog file "C:/Users/yaris/Desktop/AXI_FIFO/AXI_FIFO.srcs/sources_1/new/fifo_system_wrapper.v" into library work [C:/Users/yaris/Desktop/AXI_FIFO/AXI_FIFO.srcs/sources_1/new/fifo_system_wrapper.v:1]
INFO: [HDL 9-2216] Analyzing Verilog file "C:/Users/yaris/Desktop/AXI_FIFO/AXI_FIFO.srcs/sources_1/bd/system/hdl/system_wrapper.v" into library work [C:/Users/yaris/Desktop/AXI_FIFO/AXI_FIFO.srcs/sources_1/bd/system/hdl/system_wrapper.v:1]
INFO: [HDL 9-2216] Analyzing Verilog file "C:/Users/yaris/Desktop/AXI_FIFO/AXI_FIFO.srcs/sources_1/bd/system/hdl/system.v" into library work [C:/Users/yaris/Desktop/AXI_FIFO/AXI_FIFO.srcs/sources_1/bd/system/hdl/system.v:1]
WARNING: [filemgmt 20-1318] Duplicate Design Unit 'system_wrapper' found in library 'xil_defaultlib'
	(Active) Duplicate found at line 12 of file C:/Users/yaris/Desktop/AXI_FIFO/AXI_FIFO.srcs/sources_1/new/fifo_system_wrapper.v
	Duplicate found at line 12 of file C:/Users/yaris/Desktop/AXI_FIFO/AXI_FIFO.srcs/sources_1/bd/system/hdl/system_wrapper.v
[Sat Jul 28 19:24:56 2018] Launched synth_1...
Run output will be captured here: C:/Users/yaris/Desktop/AXI_FIFO/AXI_FIFO.runs/synth_1/runme.log
launch_runs impl_1 -to_step write_bitstream -jobs 2
[Sat Jul 28 19:59:20 2018] Launched impl_1...
Run output will be captured here: C:/Users/yaris/Desktop/AXI_FIFO/AXI_FIFO.runs/impl_1/runme.log
file copy -force C:/Users/yaris/Desktop/AXI_FIFO/AXI_FIFO.runs/impl_1/system_wrapper.sysdef C:/Users/yaris/Desktop/AXI_FIFO/AXI_FIFO.sdk/system_wrapper.hdf

launch_sdk -workspace C:/Users/yaris/Desktop/AXI_FIFO/AXI_FIFO.sdk -hwspec C:/Users/yaris/Desktop/AXI_FIFO/AXI_FIFO.sdk/system_wrapper.hdf
INFO: [Vivado 12-393] Launching SDK...
INFO: [Vivado 12-417] Running xsdk -workspace C:/Users/yaris/Desktop/AXI_FIFO/AXI_FIFO.sdk -hwspec C:/Users/yaris/Desktop/AXI_FIFO/AXI_FIFO.sdk/system_wrapper.hdf
INFO: [Vivado 12-3157] SDK launch initiated. Please check console for any further messages.
exit
INFO: [Common 17-206] Exiting Vivado at Sat Jul 28 20:27:33 2018...
