#-----------------------------------------------------------
# Vivado v2015.4 (64-bit)
# SW Build 1412921 on Wed Nov 18 09:43:45 MST 2015
# IP Build 1412160 on Tue Nov 17 13:47:24 MST 2015
# Start of session at: Mon Aug 06 14:10:09 2018
# Process ID: 19604
# Current directory: C:/Users/yaris/Desktop/project/FIFO/PS_PL_DMA_FIFO
# Command line: vivado.exe -gui_launcher_event rodinguilauncherevent1492 C:\Users\yaris\Desktop\project\FIFO\PS_PL_DMA_FIFO\PS_PL_DMA_FIFO.xpr
# Log file: C:/Users/yaris/Desktop/project/FIFO/PS_PL_DMA_FIFO/vivado.log
# Journal file: C:/Users/yaris/Desktop/project/FIFO/PS_PL_DMA_FIFO\vivado.jou
#-----------------------------------------------------------
start_gui
open_project C:/Users/yaris/Desktop/project/FIFO/PS_PL_DMA_FIFO/PS_PL_DMA_FIFO.xpr
Scanning sources...
Finished scanning sources
WARNING: [filemgmt 56-3] IP Repository Path: Could not find the directory 'C:/Users/yaris/Desktop/project/FIFO/repo'.
INFO: [IP_Flow 19-234] Refreshing IP repositories
WARNING: [IP_Flow 19-2248] Failed to load user IP repository 'c:/Users/yaris/Desktop/project/FIFO/repo'; Can't find the specified path.
If this directory should no longer be in your list of user repositories, go to the IP Settings dialog and remove it.
INFO: [IP_Flow 19-2313] Loaded Vivado IP repository 'C:/Xilinx/Vivado/2015.4/data/ip'.
WARNING: [BD 41-1661] One or more IPs have been locked in the design 'system.bd'. Please run report_ip_status for more details and recommendations on how to fix this issue.
List of locked IPs:
system_my_stream_ip_v1_0_0_0

open_project: Time (s): cpu = 00:00:26 ; elapsed = 00:00:17 . Memory (MB): peak = 820.316 ; gain = 222.641
launch_sdk -workspace C:/Users/yaris/Desktop/project/FIFO/PS_PL_DMA_FIFO/PS_PL_DMA_FIFO.sdk -hwspec C:/Users/yaris/Desktop/project/FIFO/PS_PL_DMA_FIFO/PS_PL_DMA_FIFO.sdk/system_wrapper.hdf
INFO: [Vivado 12-393] Launching SDK...
INFO: [Vivado 12-417] Running xsdk -workspace C:/Users/yaris/Desktop/project/FIFO/PS_PL_DMA_FIFO/PS_PL_DMA_FIFO.sdk -hwspec C:/Users/yaris/Desktop/project/FIFO/PS_PL_DMA_FIFO/PS_PL_DMA_FIFO.sdk/system_wrapper.hdf
INFO: [Vivado 12-3157] SDK launch initiated. Please check console for any further messages.
exit
INFO: [Common 17-206] Exiting Vivado at Mon Aug 06 14:17:24 2018...
