#-----------------------------------------------------------
# Vivado v2015.4 (64-bit)
# SW Build 1412921 on Wed Nov 18 09:43:45 MST 2015
# IP Build 1412160 on Tue Nov 17 13:47:24 MST 2015
# Start of session at: Thu Aug 02 17:00:52 2018
# Process ID: 12680
# Current directory: C:/Users/yaris/Desktop/project/FIFO/signal_ip_1.0
# Command line: vivado.exe -gui_launcher_event rodinguilauncherevent2384 C:\Users\yaris\Desktop\project\FIFO\signal_ip_1.0\edit_signal_ip_v1_0.xpr
# Log file: C:/Users/yaris/Desktop/project/FIFO/signal_ip_1.0/vivado.log
# Journal file: C:/Users/yaris/Desktop/project/FIFO/signal_ip_1.0\vivado.jou
#-----------------------------------------------------------
start_gui
open_project C:/Users/yaris/Desktop/project/FIFO/signal_ip_1.0/edit_signal_ip_v1_0.xpr
INFO: [Project 1-313] Project file moved from 'c:/users/yaris/desktop/ip_repo' since last save.
Scanning sources...
Finished scanning sources
WARNING: [filemgmt 56-2] IP Repository Path: Could not find the directory 'C:/Users/yaris/Users/yaris/Desktop/ip_repo/signal_ip_1.0', nor could it be found using path 'c:/Users/yaris/Desktop/ip_repo/signal_ip_1.0'.
WARNING: [filemgmt 56-2] IP Repository Path: Could not find the directory 'C:/Users/yaris/Users/yaris/Desktop/ip_repo/signal_ip_1.0', nor could it be found using path 'c:/Users/yaris/Desktop/ip_repo/signal_ip_1.0'.
WARNING: [filemgmt 56-2] IP Repository Path: Could not find the directory 'C:/Users/yaris/Users/yaris/Desktop/project_1', nor could it be found using path 'c:/Users/yaris/Desktop/project_1'.
INFO: [IP_Flow 19-234] Refreshing IP repositories
WARNING: [IP_Flow 19-2248] Failed to load user IP repository 'c:/Users/yaris/Users/yaris/Desktop/ip_repo/signal_ip_1.0'; Can't find the specified path.
If this directory should no longer be in your list of user repositories, go to the IP Settings dialog and remove it.
WARNING: [IP_Flow 19-2207] Repository 'c:/Users/yaris/Users/yaris/Desktop/ip_repo/signal_ip_1.0' already exists; ignoring attempt to add it again.
WARNING: [IP_Flow 19-2248] Failed to load user IP repository 'c:/Users/yaris/Users/yaris/Desktop/ip_repo/signal_ip_1.0'; Can't find the specified path.
If this directory should no longer be in your list of user repositories, go to the IP Settings dialog and remove it.
WARNING: [IP_Flow 19-2248] Failed to load user IP repository 'c:/Users/yaris/Users/yaris/Desktop/project_1'; Can't find the specified path.
If this directory should no longer be in your list of user repositories, go to the IP Settings dialog and remove it.
INFO: [IP_Flow 19-2313] Loaded Vivado IP repository 'C:/Xilinx/Vivado/2015.4/data/ip'.
open_project: Time (s): cpu = 00:00:13 ; elapsed = 00:00:07 . Memory (MB): peak = 697.941 ; gain = 141.824
ipx::open_ipxact_file {C:\Users\yaris\Desktop\project\FIFO\signal_ip_1.0\signal_ip_1.0\component.xml}
ipx::merge_project_changes hdl_parameters [ipx::current_core]
set_property core_revision 10 [ipx::current_core]
ipx::create_xgui_files [ipx::current_core]
ipx::update_checksums [ipx::current_core]
ipx::save_core [ipx::current_core]
set_property  ip_repo_paths  {c:/Users/yaris/Desktop/project/FIFO/signal_ip_1.0/signal_ip_1.0 c:/Users/yaris/Users/yaris/Desktop/ip_repo/signal_ip_1.0 c:/Users/yaris/Users/yaris/Desktop/project_1} [current_project]
update_ip_catalog
INFO: [IP_Flow 19-234] Refreshing IP repositories
INFO: [IP_Flow 19-1700] Loaded user IP repository 'c:/Users/yaris/Desktop/project/FIFO/signal_ip_1.0/signal_ip_1.0'.
WARNING: [IP_Flow 19-2248] Failed to load user IP repository 'c:/Users/yaris/Users/yaris/Desktop/ip_repo/signal_ip_1.0'; Can't find the specified path.
If this directory should no longer be in your list of user repositories, go to the IP Settings dialog and remove it.
WARNING: [IP_Flow 19-2248] Failed to load user IP repository 'c:/Users/yaris/Users/yaris/Desktop/project_1'; Can't find the specified path.
If this directory should no longer be in your list of user repositories, go to the IP Settings dialog and remove it.
exit
INFO: [Common 17-206] Exiting Vivado at Thu Aug 02 17:02:43 2018...
