#
# A fatal error has been detected by the Java Runtime Environment:
#
#  Internal Error (0xc000000d), pid=18244, tid=720
#
# JRE version: Java(TM) SE Runtime Environment (8.0_45-b15) (build 1.8.0_45-b15)
# Java VM: Java HotSpot(TM) 64-Bit Server VM (25.45-b02 mixed mode windows-amd64 compressed oops)
# Problematic frame:
# C  [ntdll.dll+0x108b00]
#
# Failed to write core dump. Minidumps are not enabled by default on client versions of Windows
#
# If you would like to submit a bug report, please visit:
#   http://bugreport.java.com/bugreport/crash.jsp
#

---------------  T H R E A D  ---------------

Current thread (0x0000000014688000):  VMThread [stack: 0x0000000015720000,0x0000000015820000] [id=720]

siginfo: ExceptionCode=0xc000000d

Registers:
RAX=0x0000000000000000, RBX=0xfffffffffffffffe, RCX=0x000000000015179c, RDX=0x0000000300000020
RSP=0x000000001581f3a0, RBP=0x00007fffcc357408, RSI=0x0000000000000000, RDI=0x0000000000000cd0
R8 =0x000000001581f200, R9 =0x0000000000000070, R10=0x0000000000000000, R11=0x0000000000000000
R12=0x0000000016ee7f60, R13=0x000000000070b740, R14=0x0000000016ee8068, R15=0x000000001581f518
RIP=0x00007fffde728b00, EFLAGS=0x0000000000000206

Top of Stack: (sp=0x000000001581f3a0)
0x000000001581f3a0:   0000000000000057 fffffffffffffffe
0x000000001581f3b0:   0000000000000000 0000000000000cd0
0x000000001581f3c0:   00000000c000000d 0000000000000000
0x000000001581f3d0:   00007fffde728b00 0000000000000000
0x000000001581f3e0:   0000000000000000 0000000000000000
0x000000001581f3f0:   0000000000000000 0000000000000000
0x000000001581f400:   0000000000000000 0000000000000000
0x000000001581f410:   0000000000000000 0000000000000000
0x000000001581f420:   0000000000000000 0000000000000000
0x000000001581f430:   0000000000000000 0000000000000000
0x000000001581f440:   0000000000000000 0000000000000000
0x000000001581f450:   0000000000000000 00007fff00000000
0x000000001581f460:   00008e5c389404f1 0000000000000000
0x000000001581f470:   0000000000000120 00007fffde6d72cb
0x000000001581f480:   0000000000000002 0000000000000013
0x000000001581f490:   0000000000000000 0000000000000000 

Instructions: (pc=0x00007fffde728b00)
0x00007fffde728ae0:   7f f9 ff c7 44 24 20 0d 00 00 c0 b9 57 00 00 00
0x00007fffde728af0:   e8 6b e5 f3 ff 90 48 8d 4c 24 20 e8 b0 c4 ef ff
0x00007fffde728b00:   eb 00 48 8b 8c 24 c0 00 00 00 48 33 cc e8 ee 1a
0x00007fffde728b10:   f8 ff 48 81 c4 d8 00 00 00 c3 40 55 48 83 ec 20 


Register to memory mapping:

RAX=0x0000000000000000 is an unknown value
RBX=0xfffffffffffffffe is an unknown value
RCX=0x000000000015179c is an unknown value
RDX=0x0000000300000020 is an unknown value
RSP=0x000000001581f3a0 is an unknown value
RBP=0x00007fffcc357408 is an unknown value
RSI=0x0000000000000000 is an unknown value
RDI=0x0000000000000cd0 is an unknown value
R8 =0x000000001581f200 is an unknown value
R9 =0x0000000000000070 is an unknown value
R10=0x0000000000000000 is an unknown value
R11=0x0000000000000000 is an unknown value
R12=0x0000000016ee7f60 is an unknown value
R13=0x000000000070b740 is an unknown value
R14=0x0000000016ee8068 is an unknown value
R15=0x000000001581f518 is an unknown value


Stack: [0x0000000015720000,0x0000000015820000],  sp=0x000000001581f3a0,  free space=1020k
Native frames: (J=compiled Java code, j=interpreted, Vv=VM code, C=native code)
C  [ntdll.dll+0x108b00]
C  [ntdll.dll+0xb72cb]
C  [KERNEL32.DLL+0x1e36a]
C  [MSVCR110.dll+0x752d]
C  [MSVCR110.dll+0x73c6]
C  [MSVCR110.dll+0x14cca]
C  [MSVCR110.dll+0x13edc]
C  [MSVCR110.dll+0x239e]
C  [MSVCR110.dll+0xaf9e]
C  [MSVCP110.dll+0x397b9]
C  [librdi_common.dll+0x14283e]
C  [librdi_common.dll+0x141449]
C  0x00007fffd3532400
C  0x00007fffd3532682
C  [ntdll.dll+0x34023]
C  [ntdll.dll+0x409d5]
C  [ntdll.dll+0x40898]
C  [KERNEL32.DLL+0x1b19a]
C  [MSVCR100.dll+0x20ccd]
V  [jvm.dll+0x20f135]
V  [jvm.dll+0x247ef7]
V  [jvm.dll+0x247196]
V  [jvm.dll+0x247631]
V  [jvm.dll+0x24784e]
V  [jvm.dll+0x29853a]
C  [MSVCR100.dll+0x21d9f]
C  [MSVCR100.dll+0x21e3b]
C  [KERNEL32.DLL+0x13034]
C  [ntdll.dll+0x71431]

VM_Operation (0x000000000014f500): Exit, mode: safepoint, requested by thread 0x00000000031c3800


---------------  P R O C E S S  ---------------

Java Threads: ( => current thread )
  0x0000000017ed4000 JavaThread "Thread-18" daemon [_thread_blocked, id=4224, stack(0x0000000026650000,0x0000000026750000)]
  0x0000000017fba000 JavaThread "TCF Locator DNS Lookup" daemon [_thread_blocked, id=9924, stack(0x0000000022870000,0x0000000022970000)]
  0x0000000017fb7800 JavaThread "TCF Locator Timer" daemon [_thread_blocked, id=23312, stack(0x0000000022770000,0x0000000022870000)]
  0x0000000015a37800 JavaThread "TCF Locator Receiver" daemon [_thread_in_native, id=23884, stack(0x0000000022670000,0x0000000022770000)]
  0x0000000015a33800 JavaThread "TCF Timer Dispatcher" daemon [_thread_blocked, id=20944, stack(0x0000000021d90000,0x0000000021e90000)]
  0x0000000019ffe800 JavaThread "EMF Reference Cleaner" daemon [_thread_blocked, id=21252, stack(0x000000001ad30000,0x000000001ae30000)]
  0x0000000015aac000 JavaThread "Service Thread" daemon [_thread_blocked, id=4588, stack(0x0000000016320000,0x0000000016420000)]
  0x0000000015a31000 JavaThread "C1 CompilerThread2" daemon [_thread_blocked, id=21816, stack(0x0000000016220000,0x0000000016320000)]
  0x0000000015a2b000 JavaThread "C2 CompilerThread1" daemon [_thread_blocked, id=17928, stack(0x0000000016120000,0x0000000016220000)]
  0x000000001471c800 JavaThread "C2 CompilerThread0" daemon [_thread_blocked, id=3944, stack(0x0000000016020000,0x0000000016120000)]
  0x000000001471b800 JavaThread "Attach Listener" daemon [_thread_blocked, id=11984, stack(0x0000000015f20000,0x0000000016020000)]
  0x00000000146d7800 JavaThread "Signal Dispatcher" daemon [_thread_blocked, id=14300, stack(0x0000000015e20000,0x0000000015f20000)]
  0x00000000032bb800 JavaThread "Finalizer" daemon [_thread_blocked, id=23940, stack(0x0000000015920000,0x0000000015a20000)]
  0x00000000032b3800 JavaThread "Reference Handler" daemon [_thread_blocked, id=17568, stack(0x0000000015820000,0x0000000015920000)]
  0x00000000031c3800 JavaThread "main" [_thread_blocked, id=18368, stack(0x0000000000050000,0x0000000000150000)]

Other Threads:
=>0x0000000014688000 VMThread [stack: 0x0000000015720000,0x0000000015820000] [id=720]

VM state:at safepoint (shutting down)

VM Mutex/Monitor currently owned by a thread:  ([mutex/lock_event])
[0x00000000031c0150] Threads_lock - owner thread: 0x0000000014688000

Heap:
 PSYoungGen      total 81920K, used 67675K [0x00000000f5580000, 0x00000000fba00000, 0x0000000100000000)
  eden space 60928K, 99% used [0x00000000f5580000,0x00000000f90b69e8,0x00000000f9100000)
  from space 20992K, 33% used [0x00000000fa480000,0x00000000fab60260,0x00000000fb900000)
  to   space 19968K, 0% used [0x00000000f9100000,0x00000000f9100000,0x00000000fa480000)
 ParOldGen       total 104448K, used 51167K [0x00000000e0000000, 0x00000000e6600000, 0x00000000f5580000)
  object space 104448K, 48% used [0x00000000e0000000,0x00000000e31f7c10,0x00000000e6600000)
 Metaspace       used 79281K, capacity 85754K, committed 86016K, reserved 1124352K
  class space    used 9654K, capacity 11689K, committed 11776K, reserved 1048576K

Card table byte_map: [0x0000000012710000,0x0000000012820000] byte_map_base: 0x0000000012010000

Marking Bits: (ParMarkBitMap*) 0x0000000051774040
 Begin Bits: [0x0000000012c20000, 0x0000000013420000)
 End Bits:   [0x0000000013420000, 0x0000000013c20000)

Polling page: 0x0000000002230000

CodeCache: size=245760Kb used=30965Kb max_used=30977Kb free=214794Kb
 bounds [0x0000000003350000, 0x00000000051d0000, 0x0000000012350000]
 total_blobs=9481 nmethods=8619 adapters=768
 compilation: enabled

Compilation events (10 events):
Event: 337.773 Thread 0x0000000015a31000 10544       3       java.io.File::list (33 bytes)
Event: 337.774 Thread 0x0000000015a31000 nmethod 10544 0x0000000004200a50 code [0x0000000004200c20, 0x0000000004201368]
Event: 337.837 Thread 0x0000000015a31000 10545   !   3       org.eclipse.osgi.internal.baseadaptor.BaseStorage::compact (215 bytes)
Event: 337.839 Thread 0x0000000015a31000 nmethod 10545 0x00000000050510d0 code [0x0000000005051520, 0x00000000050539e8]
Event: 337.968 Thread 0x0000000015a2b000 10546       4       java.io.File::isDirectory (43 bytes)
Event: 337.972 Thread 0x0000000015a2b000 nmethod 10546 0x00000000045d81d0 code [0x00000000045d8320, 0x00000000045d8528]
Event: 338.010 Thread 0x0000000015a31000 10547       3       org.eclipse.osgi.framework.internal.core.AbstractBundle::close (52 bytes)
Event: 338.011 Thread 0x0000000015a31000 nmethod 10547 0x0000000003bd0050 code [0x0000000003bd0280, 0x0000000003bd0f88]
Event: 338.011 Thread 0x0000000015a31000 10548       1       java.util.concurrent.CopyOnWriteArrayList::getArray (5 bytes)
Event: 338.011 Thread 0x0000000015a31000 nmethod 10548 0x00000000051af6d0 code [0x00000000051af820, 0x00000000051af930]

GC Heap History (10 events):
Event: 228.738 GC heap before
{Heap before GC invocations=22 (full 5):
 PSYoungGen      total 76288K, used 3190K [0x00000000f5580000, 0x00000000fba80000, 0x0000000100000000)
  eden space 54784K, 0% used [0x00000000f5580000,0x00000000f5580000,0x00000000f8b00000)
  from space 21504K, 14% used [0x00000000f8b00000,0x00000000f8e1da00,0x00000000fa000000)
  to   space 21504K, 0% used [0x00000000fa580000,0x00000000fa580000,0x00000000fba80000)
 ParOldGen       total 104448K, used 47415K [0x00000000e0000000, 0x00000000e6600000, 0x00000000f5580000)
  object space 104448K, 45% used [0x00000000e0000000,0x00000000e2e4dd88,0x00000000e6600000)
 Metaspace       used 71732K, capacity 77404K, committed 77568K, reserved 1116160K
  class space    used 8819K, capacity 10683K, committed 10752K, reserved 1048576K
Event: 229.114 GC heap after
Heap after GC invocations=22 (full 5):
 PSYoungGen      total 76288K, used 0K [0x00000000f5580000, 0x00000000fba80000, 0x0000000100000000)
  eden space 54784K, 0% used [0x00000000f5580000,0x00000000f5580000,0x00000000f8b00000)
  from space 21504K, 0% used [0x00000000f8b00000,0x00000000f8b00000,0x00000000fa000000)
  to   space 21504K, 0% used [0x00000000fa580000,0x00000000fa580000,0x00000000fba80000)
 ParOldGen       total 104448K, used 48337K [0x00000000e0000000, 0x00000000e6600000, 0x00000000f5580000)
  object space 104448K, 46% used [0x00000000e0000000,0x00000000e2f34590,0x00000000e6600000)
 Metaspace       used 71732K, capacity 77404K, committed 77568K, reserved 1116160K
  class space    used 8819K, capacity 10683K, committed 10752K, reserved 1048576K
}
Event: 284.227 GC heap before
{Heap before GC invocations=23 (full 5):
 PSYoungGen      total 76288K, used 54784K [0x00000000f5580000, 0x00000000fba80000, 0x0000000100000000)
  eden space 54784K, 100% used [0x00000000f5580000,0x00000000f8b00000,0x00000000f8b00000)
  from space 21504K, 0% used [0x00000000f8b00000,0x00000000f8b00000,0x00000000fa000000)
  to   space 21504K, 0% used [0x00000000fa580000,0x00000000fa580000,0x00000000fba80000)
 ParOldGen       total 104448K, used 48337K [0x00000000e0000000, 0x00000000e6600000, 0x00000000f5580000)
  object space 104448K, 46% used [0x00000000e0000000,0x00000000e2f34590,0x00000000e6600000)
 Metaspace       used 72755K, capacity 78460K, committed 78720K, reserved 1118208K
  class space    used 8908K, capacity 10779K, committed 10880K, reserved 1048576K
Event: 284.233 GC heap after
Heap after GC invocations=23 (full 5):
 PSYoungGen      total 80896K, used 3689K [0x00000000f5580000, 0x00000000fba00000, 0x0000000100000000)
  eden space 59904K, 0% used [0x00000000f5580000,0x00000000f5580000,0x00000000f9000000)
  from space 20992K, 17% used [0x00000000fa580000,0x00000000fa91a6e0,0x00000000fba00000)
  to   space 21504K, 0% used [0x00000000f9000000,0x00000000f9000000,0x00000000fa500000)
 ParOldGen       total 104448K, used 48345K [0x00000000e0000000, 0x00000000e6600000, 0x00000000f5580000)
  object space 104448K, 46% used [0x00000000e0000000,0x00000000e2f36590,0x00000000e6600000)
 Metaspace       used 72755K, capacity 78460K, committed 78720K, reserved 1118208K
  class space    used 8908K, capacity 10779K, committed 10880K, reserved 1048576K
}
Event: 302.255 GC heap before
{Heap before GC invocations=24 (full 5):
 PSYoungGen      total 80896K, used 42623K [0x00000000f5580000, 0x00000000fba00000, 0x0000000100000000)
  eden space 59904K, 64% used [0x00000000f5580000,0x00000000f7b856b0,0x00000000f9000000)
  from space 20992K, 17% used [0x00000000fa580000,0x00000000fa91a6e0,0x00000000fba00000)
  to   space 21504K, 0% used [0x00000000f9000000,0x00000000f9000000,0x00000000fa500000)
 ParOldGen       total 104448K, used 48345K [0x00000000e0000000, 0x00000000e6600000, 0x00000000f5580000)
  object space 104448K, 46% used [0x00000000e0000000,0x00000000e2f36590,0x00000000e6600000)
 Metaspace       used 73240K, capacity 78962K, committed 79232K, reserved 1118208K
  class space    used 8940K, capacity 10814K, committed 10880K, reserved 1048576K
Event: 302.261 GC heap after
Heap after GC invocations=24 (full 5):
 PSYoungGen      total 65024K, used 4709K [0x00000000f5580000, 0x00000000fb900000, 0x0000000100000000)
  eden space 59904K, 0% used [0x00000000f5580000,0x00000000f5580000,0x00000000f9000000)
  from space 5120K, 91% used [0x00000000f9000000,0x00000000f9499460,0x00000000f9500000)
  to   space 20992K, 0% used [0x00000000fa480000,0x00000000fa480000,0x00000000fb900000)
 ParOldGen       total 104448K, used 48353K [0x00000000e0000000, 0x00000000e6600000, 0x00000000f5580000)
  object space 104448K, 46% used [0x00000000e0000000,0x00000000e2f38590,0x00000000e6600000)
 Metaspace       used 73240K, capacity 78962K, committed 79232K, reserved 1118208K
  class space    used 8940K, capacity 10814K, committed 10880K, reserved 1048576K
}
Event: 302.262 GC heap before
{Heap before GC invocations=25 (full 6):
 PSYoungGen      total 65024K, used 4709K [0x00000000f5580000, 0x00000000fb900000, 0x0000000100000000)
  eden space 59904K, 0% used [0x00000000f5580000,0x00000000f5580000,0x00000000f9000000)
  from space 5120K, 91% used [0x00000000f9000000,0x00000000f9499460,0x00000000f9500000)
  to   space 20992K, 0% used [0x00000000fa480000,0x00000000fa480000,0x00000000fb900000)
 ParOldGen       total 104448K, used 48353K [0x00000000e0000000, 0x00000000e6600000, 0x00000000f5580000)
  object space 104448K, 46% used [0x00000000e0000000,0x00000000e2f38590,0x00000000e6600000)
 Metaspace       used 73240K, capacity 78962K, committed 79232K, reserved 1118208K
  class space    used 8940K, capacity 10814K, committed 10880K, reserved 1048576K
Event: 302.627 GC heap after
Heap after GC invocations=25 (full 6):
 PSYoungGen      total 65024K, used 0K [0x00000000f5580000, 0x00000000fb900000, 0x0000000100000000)
  eden space 59904K, 0% used [0x00000000f5580000,0x00000000f5580000,0x00000000f9000000)
  from space 5120K, 0% used [0x00000000f9000000,0x00000000f9000000,0x00000000f9500000)
  to   space 20992K, 0% used [0x00000000fa480000,0x00000000fa480000,0x00000000fb900000)
 ParOldGen       total 104448K, used 51159K [0x00000000e0000000, 0x00000000e6600000, 0x00000000f5580000)
  object space 104448K, 48% used [0x00000000e0000000,0x00000000e31f5c10,0x00000000e6600000)
 Metaspace       used 73240K, capacity 78962K, committed 79232K, reserved 1118208K
  class space    used 8940K, capacity 10814K, committed 10880K, reserved 1048576K
}
Event: 313.305 GC heap before
{Heap before GC invocations=26 (full 6):
 PSYoungGen      total 65024K, used 59904K [0x00000000f5580000, 0x00000000fb900000, 0x0000000100000000)
  eden space 59904K, 100% used [0x00000000f5580000,0x00000000f9000000,0x00000000f9000000)
  from space 5120K, 0% used [0x00000000f9000000,0x00000000f9000000,0x00000000f9500000)
  to   space 20992K, 0% used [0x00000000fa480000,0x00000000fa480000,0x00000000fb900000)
 ParOldGen       total 104448K, used 51159K [0x00000000e0000000, 0x00000000e6600000, 0x00000000f5580000)
  object space 104448K, 48% used [0x00000000e0000000,0x00000000e31f5c10,0x00000000e6600000)
 Metaspace       used 77076K, capacity 83278K, committed 83456K, reserved 1122304K
  class space    used 9396K, capacity 11398K, committed 11520K, reserved 1048576K
Event: 313.318 GC heap after
Heap after GC invocations=26 (full 6):
 PSYoungGen      total 81920K, used 7040K [0x00000000f5580000, 0x00000000fba00000, 0x0000000100000000)
  eden space 60928K, 0% used [0x00000000f5580000,0x00000000f5580000,0x00000000f9100000)
  from space 20992K, 33% used [0x00000000fa480000,0x00000000fab60260,0x00000000fb900000)
  to   space 19968K, 0% used [0x00000000f9100000,0x00000000f9100000,0x00000000fa480000)
 ParOldGen       total 104448K, used 51167K [0x00000000e0000000, 0x00000000e6600000, 0x00000000f5580000)
  object space 104448K, 48% used [0x00000000e0000000,0x00000000e31f7c10,0x00000000e6600000)
 Metaspace       used 77076K, capacity 83278K, committed 83456K, reserved 1122304K
  class space    used 9396K, capacity 11398K, committed 11520K, reserved 1048576K
}

Deoptimization events (10 events):
Event: 336.576 Thread 0x00000000031c3800 Uncommon trap: reason=unstable_if action=reinterpret pc=0x00000000048d8754 method=org.eclipse.e4.ui.internal.workbench.swt.PartRenderingEngine.someAreVisible(Ljava/util/List;)Z @ 41
Event: 336.750 Thread 0x00000000031c3800 Uncommon trap: reason=bimorphic action=maybe_recompile pc=0x0000000005114b74 method=org.eclipse.e4.core.internal.contexts.ContextObjectSupplier$ContextInjectionListener.update(Lorg/eclipse/e4/core/contexts/IEclipseContext;I[Ljava/lang/Object;)Z @ 189
Event: 336.750 Thread 0x00000000031c3800 Uncommon trap: reason=bimorphic action=maybe_recompile pc=0x0000000005114b74 method=org.eclipse.e4.core.internal.contexts.ContextObjectSupplier$ContextInjectionListener.update(Lorg/eclipse/e4/core/contexts/IEclipseContext;I[Ljava/lang/Object;)Z @ 189
Event: 336.750 Thread 0x00000000031c3800 Uncommon trap: reason=bimorphic action=maybe_recompile pc=0x0000000005114b74 method=org.eclipse.e4.core.internal.contexts.ContextObjectSupplier$ContextInjectionListener.update(Lorg/eclipse/e4/core/contexts/IEclipseContext;I[Ljava/lang/Object;)Z @ 189
Event: 336.751 Thread 0x00000000031c3800 Uncommon trap: reason=bimorphic action=maybe_recompile pc=0x0000000005114b74 method=org.eclipse.e4.core.internal.contexts.ContextObjectSupplier$ContextInjectionListener.update(Lorg/eclipse/e4/core/contexts/IEclipseContext;I[Ljava/lang/Object;)Z @ 189
Event: 336.908 Thread 0x00000000031c3800 Uncommon trap: reason=unstable_if action=reinterpret pc=0x0000000004b43f10 method=org.eclipse.core.internal.localstore.FileSystemResourceManager.getStoreRoot(Lorg/eclipse/core/resources/IResource;)Lorg/eclipse/core/internal/localstore/FileStoreRoot; @ 17
Event: 336.912 Thread 0x00000000031c3800 Uncommon trap: reason=unstable_if action=reinterpret pc=0x00000000045bde08 method=org.eclipse.swt.graphics.Resource.dispose()V @ 15
Event: 337.507 Thread 0x00000000031c3800 Uncommon trap: reason=null_check action=make_not_entrant pc=0x0000000003e445c8 method=org.eclipse.core.runtime.internal.adaptor.EclipseLazyStarter.shouldActivateFor(Ljava/lang/String;Lorg/eclipse/osgi/baseadaptor/BaseData;Lorg/eclipse/core/runtime/internal]~ё
Event: 337.563 Thread 0x0000000016908000 Uncommon trap: reason=unstable_if action=reinterpret pc=0x0000000004142358 method=org.eclipse.osgi.framework.internal.core.BundleContextImpl.dispatchEvent(Ljava/lang/Object;Ljava/lang/Object;ILjava/lang/Object;)V @ 16
Event: 337.573 Thread 0x00000000031c3800 Uncommon trap: reason=unstable_if action=reinterpret pc=0x00000000036f921c method=java.lang.ref.ReferenceQueue.poll()Ljava/lang/ref/Reference; @ 4

Internal exceptions (10 events):
Event: 335.702 Thread 0x0000000017ed3000 Exception <a 'java/net/SocketException': Connection reset by peer: socket write error> (0x00000000f79b4580) thrown at [C:\re\workspace\8-2-build-windows-amd64-cygwin\jdk8u45\3627\hotspot\src\share\vm\prims\jni.cpp, line 735]
Event: 335.703 Thread 0x0000000017ed1800 Exception <a 'java/lang/InterruptedException'> (0x00000000f79c53d8) thrown at [C:\re\workspace\8-2-build-windows-amd64-cygwin\jdk8u45\3627\hotspot\src\share\vm\runtime\objectMonitor.cpp, line 1683]
Event: 335.705 Thread 0x0000000017ecb000 Exception <a 'java/net/SocketException': Socket closed> (0x00000000f79e71c8) thrown at [C:\re\workspace\8-2-build-windows-amd64-cygwin\jdk8u45\3627\hotspot\src\share\vm\prims\jni.cpp, line 735]
Event: 336.279 Thread 0x00000000031c3800 Implicit null exception at 0x0000000004cb4e48 to 0x0000000004cb5149
Event: 336.897 Thread 0x0000000017ecc800 Exception <a 'java/lang/InterruptedException'> (0x00000000f8a9b548) thrown at [C:\re\workspace\8-2-build-windows-amd64-cygwin\jdk8u45\3627\hotspot\src\share\vm\runtime\objectMonitor.cpp, line 1683]
Event: 337.507 Thread 0x00000000031c3800 Implicit null exception at 0x0000000003e43343 to 0x0000000003e445a5
Event: 337.595 Thread 0x0000000016677000 Exception <a 'java/lang/InterruptedException': sleep interrupted> (0x00000000f8dc5798) thrown at [C:\re\workspace\8-2-build-windows-amd64-cygwin\jdk8u45\3627\hotspot\src\share\vm\prims\jvm.cpp, line 3211]
Event: 337.602 Thread 0x000000001bd92800 Exception <a 'java/lang/InterruptedException'> (0x00000000f8e5dc68) thrown at [C:\re\workspace\8-2-build-windows-amd64-cygwin\jdk8u45\3627\hotspot\src\share\vm\runtime\objectMonitor.cpp, line 1683]
Event: 337.603 Thread 0x00000000169dc800 Exception <a 'java/lang/InterruptedException'> (0x00000000f8e6aa78) thrown at [C:\re\workspace\8-2-build-windows-amd64-cygwin\jdk8u45\3627\hotspot\src\share\vm\runtime\objectMonitor.cpp, line 1683]
Event: 338.010 Thread 0x0000000016908000 Exception <a 'java/lang/InterruptedException'> (0x00000000f8dc5650) thrown at [C:\re\workspace\8-2-build-windows-amd64-cygwin\jdk8u45\3627\hotspot\src\share\vm\runtime\objectMonitor.cpp, line 1683]

Events (10 events):
Event: 337.603 Thread 0x00000000169dc800 Thread exited: 0x00000000169dc800
Event: 338.010 Thread 0x0000000016908000 Thread exited: 0x0000000016908000
Event: 338.010 Thread 0x00000000168bd000 Thread exited: 0x00000000168bd000
Event: 338.010 loading class java/util/IdentityHashMap$KeyIterator
Event: 338.010 loading class java/util/IdentityHashMap$IdentityHashMapIterator
Event: 338.011 loading class java/util/IdentityHashMap$IdentityHashMapIterator done
Event: 338.011 loading class java/util/IdentityHashMap$KeyIterator done
Event: 338.011 Thread 0x0000000017ece000 Thread added: 0x0000000017ece000
Event: 338.011 Thread 0x0000000017ece000 Thread exited: 0x0000000017ece000
Event: 338.012 Executing VM operation: Exit


Dynamic libraries:
0x0000000000400000 - 0x000000000044f000 	C:\Xilinx\SDK\2015.4\eclipse\win64.o\eclipse.exe
0x00007fffde620000 - 0x00007fffde801000 	C:\WINDOWS\SYSTEM32\ntdll.dll
0x00007fffdbab0000 - 0x00007fffdbb62000 	C:\WINDOWS\System32\KERNEL32.DLL
0x00007fffdb5c0000 - 0x00007fffdb833000 	C:\WINDOWS\System32\KERNELBASE.dll
0x00007fffdd7b0000 - 0x00007fffdd940000 	C:\WINDOWS\System32\USER32.dll
0x00007fffdac40000 - 0x00007fffdac60000 	C:\WINDOWS\System32\win32u.dll
0x00007fffde5c0000 - 0x00007fffde5e8000 	C:\WINDOWS\System32\GDI32.dll
0x00007fffdb890000 - 0x00007fffdba22000 	C:\WINDOWS\System32\gdi32full.dll
0x00007fffdad60000 - 0x00007fffdadff000 	C:\WINDOWS\System32\msvcp_win.dll
0x00007fffdac60000 - 0x00007fffdad5a000 	C:\WINDOWS\System32\ucrtbase.dll
0x00007fffde2c0000 - 0x00007fffde35e000 	C:\WINDOWS\System32\msvcrt.dll
0x00007fffc2680000 - 0x00007fffc28e9000 	C:\WINDOWS\WinSxS\amd64_microsoft.windows.common-controls_6595b64144ccf1df_6.0.17134.165_none_fb429645306569ac\COMCTL32.dll
0x00007fffdd2e0000 - 0x00007fffdd603000 	C:\WINDOWS\System32\combase.dll
0x00007fffde3d0000 - 0x00007fffde4f4000 	C:\WINDOWS\System32\RPCRT4.dll
0x00007fffdba30000 - 0x00007fffdbaaa000 	C:\WINDOWS\System32\bcryptPrimitives.dll
0x00007fffdda90000 - 0x00007fffddabd000 	C:\WINDOWS\System32\IMM32.DLL
0x0000000072000000 - 0x0000000072012000 	C:\Xilinx\SDK\2015.4\eclipse\win64.o\plugins\org.eclipse.equinox.launcher.win32.win32.x86_64_1.1.200.v20140116-2212\eclipse_1503.dll
0x00007fffddcf0000 - 0x00007fffddd91000 	C:\WINDOWS\System32\ADVAPI32.dll
0x00007fffdd190000 - 0x00007fffdd1eb000 	C:\WINDOWS\System32\sechost.dll
0x00007fffd5560000 - 0x00007fffd556a000 	C:\WINDOWS\SYSTEM32\VERSION.dll
0x00007fffd8b40000 - 0x00007fffd8bd8000 	C:\WINDOWS\system32\uxtheme.dll
0x00007fffddb70000 - 0x00007fffddce5000 	C:\WINDOWS\System32\MSCTF.dll
0x00007fffddda0000 - 0x00007fffdde62000 	C:\WINDOWS\System32\OLEAUT32.dll
0x00007fffd42f0000 - 0x00007fffd433b000 	C:\Program Files\Listary\ListaryHook64.dll
0x00007fffdbb70000 - 0x00007fffdbcc1000 	C:\WINDOWS\System32\ole32.dll
0x00007fffdda30000 - 0x00007fffdda81000 	C:\WINDOWS\System32\SHLWAPI.dll
0x00007fffd80e0000 - 0x00007fffd814b000 	C:\WINDOWS\SYSTEM32\OLEACC.dll
0x0000000050f70000 - 0x00000000517f3000 	C:\Xilinx\SDK\2015.4\tps\win64\jre\bin\server\jvm.dll
0x00007fffde510000 - 0x00007fffde518000 	C:\WINDOWS\System32\PSAPI.DLL
0x00007fffd8010000 - 0x00007fffd8033000 	C:\WINDOWS\SYSTEM32\WINMM.dll
0x00000000546c0000 - 0x0000000054792000 	C:\WINDOWS\SYSTEM32\MSVCR100.dll
0x00007fffd3f50000 - 0x00007fffd3f59000 	C:\WINDOWS\SYSTEM32\WSOCK32.dll
0x00007fffde360000 - 0x00007fffde3cc000 	C:\WINDOWS\System32\WS2_32.dll
0x00007fffd7fe0000 - 0x00007fffd800a000 	C:\WINDOWS\SYSTEM32\WINMMBASE.dll
0x00007fffdb840000 - 0x00007fffdb889000 	C:\WINDOWS\System32\cfgmgr32.dll
0x0000000055200000 - 0x000000005520f000 	C:\Xilinx\SDK\2015.4\tps\win64\jre\bin\verify.dll
0x0000000052d80000 - 0x0000000052da9000 	C:\Xilinx\SDK\2015.4\tps\win64\jre\bin\java.dll
0x0000000052d60000 - 0x0000000052d76000 	C:\Xilinx\SDK\2015.4\tps\win64\jre\bin\zip.dll
0x00007fffdbcd0000 - 0x00007fffdd110000 	C:\WINDOWS\System32\SHELL32.dll
0x00007fffddac0000 - 0x00007fffddb69000 	C:\WINDOWS\System32\shcore.dll
0x00007fffdae00000 - 0x00007fffdb50d000 	C:\WINDOWS\System32\windows.storage.dll
0x00007fffda9d0000 - 0x00007fffda9e1000 	C:\WINDOWS\System32\kernel.appcore.dll
0x00007fffda960000 - 0x00007fffda97f000 	C:\WINDOWS\System32\profapi.dll
0x00007fffda980000 - 0x00007fffda9cc000 	C:\WINDOWS\System32\powrprof.dll
0x00007fffda950000 - 0x00007fffda95a000 	C:\WINDOWS\System32\FLTLIB.DLL
0x00007fffda310000 - 0x00007fffda327000 	C:\WINDOWS\SYSTEM32\CRYPTSP.dll
0x00007fffd9d30000 - 0x00007fffd9d63000 	C:\WINDOWS\system32\rsaenh.dll
0x00007fffda430000 - 0x00007fffda455000 	C:\WINDOWS\SYSTEM32\bcrypt.dll
0x00007fffda860000 - 0x00007fffda888000 	C:\WINDOWS\SYSTEM32\USERENV.dll
0x00007fffda300000 - 0x00007fffda30b000 	C:\WINDOWS\SYSTEM32\CRYPTBASE.dll
0x0000000052d40000 - 0x0000000052d5a000 	C:\Xilinx\SDK\2015.4\tps\win64\jre\bin\net.dll
0x00007fffda150000 - 0x00007fffda1b6000 	C:\WINDOWS\system32\mswsock.dll
0x00007fffd9ed0000 - 0x00007fffd9f08000 	C:\WINDOWS\SYSTEM32\IPHLPAPI.DLL
0x00007fffdd250000 - 0x00007fffdd258000 	C:\WINDOWS\System32\NSI.dll
0x00007fffd4b50000 - 0x00007fffd4b66000 	C:\WINDOWS\SYSTEM32\dhcpcsvc6.DLL
0x00007fffd4fb0000 - 0x00007fffd4fca000 	C:\WINDOWS\SYSTEM32\dhcpcsvc.DLL
0x0000000052ce0000 - 0x0000000052cf1000 	C:\Xilinx\SDK\2015.4\tps\win64\jre\bin\nio.dll
0x00007fffd2200000 - 0x00007fffd2298000 	C:\WINDOWS\System32\TextInputFramework.dll
0x00007fffd5030000 - 0x00007fffd534e000 	C:\WINDOWS\System32\CoreUIComponents.dll
0x00007fffd7de0000 - 0x00007fffd7eba000 	C:\WINDOWS\System32\CoreMessaging.dll
0x00007fffd9a20000 - 0x00007fffd9a51000 	C:\WINDOWS\SYSTEM32\ntmarta.dll
0x00007fffd6710000 - 0x00007fffd685d000 	C:\WINDOWS\SYSTEM32\wintypes.dll
0x00007fffd8cb0000 - 0x00007fffd8cd9000 	C:\WINDOWS\system32\dwmapi.dll
0x00007fffcb0b0000 - 0x00007fffcb0c6000 	C:\WINDOWS\system32\napinsp.dll
0x00007fffcaf30000 - 0x00007fffcaf4a000 	C:\WINDOWS\system32\pnrpnsp.dll
0x00007fffd5820000 - 0x00007fffd5839000 	C:\WINDOWS\system32\NLAapi.dll
0x00007fffd9f10000 - 0x00007fffd9fce000 	C:\WINDOWS\SYSTEM32\DNSAPI.dll
0x00007fffcaa90000 - 0x00007fffcaa9e000 	C:\WINDOWS\System32\winrnr.dll
0x00007fffca7b0000 - 0x00007fffca7c5000 	C:\WINDOWS\System32\wshbth.dll
0x00007fffd3bc0000 - 0x00007fffd3bca000 	C:\Windows\System32\rasadhlp.dll
0x00007fffd1d00000 - 0x00007fffd1d72000 	C:\WINDOWS\System32\fwpuclnt.dll
0x000000001ac30000 - 0x000000001acd8000 	C:\Users\yaris\.Xilinx\SDK\2015.4\org.eclipse.osgi\bundles\303\1\.cp\swt-win32-4335.dll
0x00007fffdd940000 - 0x00007fffdda2d000 	C:\WINDOWS\System32\comdlg32.dll
0x00007fffda9f0000 - 0x00007fffdabd2000 	C:\WINDOWS\System32\CRYPT32.dll
0x00007fffda930000 - 0x00007fffda942000 	C:\WINDOWS\System32\MSASN1.dll
0x00007fff9f160000 - 0x00007fff9f179000 	C:\WINDOWS\SYSTEM32\USP10.dll
0x00007fffb9fe0000 - 0x00007fffba064000 	C:\WINDOWS\SYSTEM32\WINSPOOL.DRV
0x00007fffd9480000 - 0x00007fffd9634000 	C:\WINDOWS\SYSTEM32\PROPSYS.dll
0x00007fffb6b20000 - 0x00007fffb6e6f000 	C:\WINDOWS\SYSTEM32\WININET.dll
0x00007fffde520000 - 0x00007fffde5c0000 	C:\WINDOWS\System32\clbcatq.dll
0x0000000016df0000 - 0x0000000016e0e000 	C:\Users\yaris\.Xilinx\SDK\2015.4\org.eclipse.osgi\bundles\303\1\.cp\swt-gdip-win32-4335.dll
0x00007fffd5990000 - 0x00007fffd5b2a000 	C:\WINDOWS\WinSxS\amd64_microsoft.windows.gdiplus_6595b64144ccf1df_1.1.17134.165_none_2c2d892a8af7e37a\gdiplus.dll
0x00007fffd87b0000 - 0x00007fffd895e000 	C:\WINDOWS\SYSTEM32\WindowsCodecs.dll
0x0000000180000000 - 0x0000000180012000 	C:\Users\yaris\.Xilinx\SDK\2015.4\org.eclipse.osgi\bundles\121\1\.cp\os\win32\x86_64\localfile_1_0_0.dll
0x00007fffd2030000 - 0x00007fffd2041000 	C:\Users\yaris\.Xilinx\SDK\2015.4\org.eclipse.osgi\bundles\124\1\.cp\jWinHttp-1.0.0.dll
0x00007fffd8160000 - 0x00007fffd823c000 	C:\WINDOWS\SYSTEM32\WINHTTP.dll
0x00007fffd0f00000 - 0x00007fffd0f58000 	C:\WINDOWS\system32\dataexchange.dll
0x00007fffd6e20000 - 0x00007fffd712b000 	C:\WINDOWS\system32\d3d11.dll
0x00007fffd78c0000 - 0x00007fffd7a5c000 	C:\WINDOWS\system32\dcomp.dll
0x00007fffd96f0000 - 0x00007fffd97ab000 	C:\WINDOWS\system32\dxgi.dll
0x00007fffd8d40000 - 0x00007fffd8ef8000 	C:\WINDOWS\system32\twinapi.appcore.dll
0x00007fffd8ce0000 - 0x00007fffd8d01000 	C:\WINDOWS\system32\RMCLIENT.dll
0x00007fffca770000 - 0x00007fffca7af000 	C:\WINDOWS\system32\mlang.dll
0x00007fffd8690000 - 0x00007fffd869f000 	C:\Xilinx\SDK\2015.4\lib\win64.o\librdi_repo_manager.dll
0x00007fffd1fd0000 - 0x00007fffd1ffa000 	C:\Xilinx\SDK\2015.4\lib\win64.o\libisl_sysinfo.dll
0x00007fff801d0000 - 0x00007fff80b5d000 	C:\Xilinx\SDK\2015.4\lib\win64.o\librdi_common.dll
0x00007fffba5d0000 - 0x00007fffba624000 	C:\Xilinx\SDK\2015.4\lib\win64.o\librdi_commonxillic.dll
0x00007fff9cc10000 - 0x00007fff9cdfc000 	C:\Xilinx\SDK\2015.4\lib\win64.o\librdi_hsm.dll
0x00007fffd4560000 - 0x00007fffd4607000 	C:\WINDOWS\SYSTEM32\MSVCP110.dll
0x00007fffcc350000 - 0x00007fffcc424000 	C:\WINDOWS\SYSTEM32\MSVCR110.dll
0x00007fff93140000 - 0x00007fff934ae000 	C:\Xilinx\SDK\2015.4\lib\win64.o\libCOIN-all.dll
0x00007fff9c9f0000 - 0x00007fff9cc0e000 	C:\Xilinx\SDK\2015.4\lib\win64.o\libXil_lmgr11.dll
0x00007fffdabe0000 - 0x00007fffdac37000 	C:\WINDOWS\System32\WINTRUST.dll
0x00007fffd0460000 - 0x00007fffd0482000 	C:\Xilinx\SDK\2015.4\lib\win64.o\libboost_filesystem.dll
0x00007fffd20a0000 - 0x00007fffd20b0000 	C:\Xilinx\SDK\2015.4\lib\win64.o\libboost_date_time.dll
0x00007fffb8880000 - 0x00007fffb88f4000 	C:\Xilinx\SDK\2015.4\lib\win64.o\libboost_program_options.dll
0x00007fffd2010000 - 0x00007fffd2023000 	C:\Xilinx\SDK\2015.4\lib\win64.o\libboost_signals.dll
0x00007fffcac20000 - 0x00007fffcac3d000 	C:\Xilinx\SDK\2015.4\lib\win64.o\libboost_thread.dll
0x00007fffa09f0000 - 0x00007fffa0aea000 	C:\Xilinx\SDK\2015.4\lib\win64.o\libboost_regex.dll
0x00007fffcdbd0000 - 0x00007fffcdbdb000 	C:\Xilinx\SDK\2015.4\lib\win64.o\libboost_xilinx.dll
0x00007fffb8400000 - 0x00007fffb8480000 	C:\Xilinx\SDK\2015.4\lib\win64.o\libhdlpsolve.dll
0x00007fff7f860000 - 0x00007fff7fc94e00 	C:\Xilinx\SDK\2015.4\lib\win64.o\libisl_iostreams.dll
0x00007fffae6b0000 - 0x00007fffae74a000 	C:\Xilinx\SDK\2015.4\lib\win64.o\libhdxml.dll
0x00007fffca140000 - 0x00007fffca155000 	C:\Xilinx\SDK\2015.4\lib\win64.o\pthreadVC2.dll
0x00007fff9fda0000 - 0x00007fff9fed0000 	C:\Xilinx\SDK\2015.4\lib\win64.o\librdi_curl.dll
0x00007fffbb030000 - 0x00007fffbb048000 	C:\Xilinx\SDK\2015.4\lib\win64.o\librdiconfig.dll
0x00007fffbb000000 - 0x00007fffbb023000 	C:\Xilinx\SDK\2015.4\lib\win64.o\librdizlib.dll
0x0000000050e40000 - 0x0000000050f67000 	C:\Xilinx\SDK\2015.4\lib\win64.o\tcl85t.dll
0x00007fffd1990000 - 0x00007fffd1b58000 	C:\WINDOWS\SYSTEM32\urlmon.dll
0x00007fffbb140000 - 0x00007fffbb163000 	C:\WINDOWS\SYSTEM32\VCOMP110.DLL
0x00007fffbac30000 - 0x00007fffbac39000 	C:\Xilinx\SDK\2015.4\lib\win64.o\libboost_system.dll
0x00007fffba870000 - 0x00007fffba8b3000 	C:\Xilinx\SDK\2015.4\lib\win64.o\librdi_hdf.dll
0x00007fff8d3d0000 - 0x00007fff8d625000 	C:\Xilinx\SDK\2015.4\lib\win64.o\librdi_ippcw.dll
0x00007fffcb860000 - 0x00007fffcb877000 	C:\WINDOWS\SYSTEM32\NETAPI32.dll
0x00007fffbac20000 - 0x00007fffbac2b000 	C:\Xilinx\SDK\2015.4\lib\win64.o\libboost_chrono.dll
0x00007fffbab90000 - 0x00007fffbaba6000 	C:\Xilinx\SDK\2015.4\lib\win64.o\libboost_iostreams.dll
0x00007fffce1b0000 - 0x00007fffce452000 	C:\WINDOWS\SYSTEM32\iertutil.dll
0x00007fffb8770000 - 0x00007fffb8793000 	C:\Xilinx\SDK\2015.4\lib\win64.o\libisl_iosutils.dll

VM Arguments:
jvm_args: -Dcom.xilinx.sdk.args.hwspec=C:/Users/yaris/Desktop/AXI_FIFO/AXI_FIFO.sdk/system_wrapper.hdf -Xms64m -Xmx512m & 
java_command: <unknown>
java_class_path (initial): C:\Xilinx\SDK\2015.4\eclipse\win64.o\\plugins/org.eclipse.equinox.launcher_1.3.0.v20130327-1440.jar
Launcher Type: generic

Environment Variables:
JAVA_HOME=C:\Program Files\Java\jdk1.8.0_131
CLASSPATH=.;C:\Program Files\Java\jdk1.8.0_131\lib;C:\Program Files\Java\jdk1.8.0_131\lib\dt.jar;C:\Program Files\Java\jdk1.8.0_131\lib\tools.jar;
USERNAME=yaris
OS=Windows_NT
PROCESSOR_IDENTIFIER=Intel64 Family 6 Model 60 Stepping 3, GenuineIntel



---------------  S Y S T E M  ---------------

OS: Windows 10.0 , 64 bit Build 17134 (10.0.17134.1)

CPU:total 4 (2 cores per cpu, 2 threads per core) family 6 model 60 stepping 3, cmov, cx8, fxsr, mmx, sse, sse2, sse3, ssse3, sse4.1, sse4.2, popcnt, avx, avx2, aes, clmul, erms, lzcnt, ht, tsc, tscinvbit, bmi1, bmi2

Memory: 4k page, physical 8275004k(2739396k free), swap 18552040k(3603416k free)

vm_info: Java HotSpot(TM) 64-Bit Server VM (25.45-b02) for windows-amd64 JRE (1.8.0_45-b15), built on Apr 30 2015 12:40:44 by "java_re" with MS VC++ 10.0 (VS2010)

time: Thu Jul 26 17:19:05 2018
elapsed time: 340 seconds (0d 0h 5m 40s)

