#-----------------------------------------------------------
# Vivado v2015.4 (64-bit)
# SW Build 1412921 on Wed Nov 18 09:43:45 MST 2015
# IP Build 1412160 on Tue Nov 17 13:47:24 MST 2015
# Start of session at: Tue Jul 31 10:15:36 2018
# Process ID: 20260
# Current directory: C:/Users/yaris/Desktop/AXI_FIFO
# Command line: vivado.exe -gui_launcher_event rodinguilauncherevent21836 C:\Users\yaris\Desktop\AXI_FIFO\AXI_FIFO.xpr
# Log file: C:/Users/yaris/Desktop/AXI_FIFO/vivado.log
# Journal file: C:/Users/yaris/Desktop/AXI_FIFO\vivado.jou
#-----------------------------------------------------------
start_gui
open_project C:/Users/yaris/Desktop/AXI_FIFO/AXI_FIFO.xpr
Scanning sources...
Finished scanning sources
INFO: [IP_Flow 19-234] Refreshing IP repositories
INFO: [IP_Flow 19-1704] No user IP repositories specified
INFO: [IP_Flow 19-2313] Loaded Vivado IP repository 'C:/Xilinx/Vivado/2015.4/data/ip'.
open_project: Time (s): cpu = 00:00:38 ; elapsed = 00:00:27 . Memory (MB): peak = 930.836 ; gain = 380.152
update_compile_order -fileset sim_1
open_bd_design {C:/Users/yaris/Desktop/AXI_FIFO/AXI_FIFO.srcs/sources_1/bd/system/system.bd}
Adding component instance block -- xilinx.com:ip:processing_system7:5.5 - processing_system7_0
Adding component instance block -- xilinx.com:ip:axi_dma:7.1 - axi_dma_0
Adding component instance block -- xilinx.com:ip:fifo_generator:13.0 - fifo_generator_0
INFO: [xilinx.com:ip:fifo_generator:13.0-5968] /fifo_generator_0Executing the post_config_ip from bd
Adding component instance block -- xilinx.com:ip:xlconcat:2.1 - xlconcat_0
Adding component instance block -- xilinx.com:ip:axi_dma:7.1 - axi_dma_1
Adding component instance block -- xilinx.com:ip:fifo_generator:13.0 - fifo_generator_1
INFO: [xilinx.com:ip:fifo_generator:13.0-5968] /fifo_generator_1Executing the post_config_ip from bd
Adding component instance block -- xilinx.com:ip:proc_sys_reset:5.0 - rst_processing_system7_0_100M
Adding component instance block -- xilinx.com:ip:axi_gpio:2.0 - axi_gpio_0
Adding component instance block -- xilinx.com:ip:ila:6.0 - ila_0
Adding component instance block -- xilinx.com:ip:axi_gpio:2.0 - axi_gpio_1
Adding component instance block -- xilinx.com:ip:ila:6.0 - ila_1
Adding component instance block -- xilinx.com:ip:axi_gpio:2.0 - axi_gpio_2
Adding component instance block -- xilinx.com:ip:axi_protocol_converter:2.1 - auto_pc
Adding component instance block -- xilinx.com:ip:axi_dwidth_converter:2.1 - auto_us
Adding component instance block -- xilinx.com:ip:axi_crossbar:2.1 - xbar
Adding component instance block -- xilinx.com:ip:axi_protocol_converter:2.1 - auto_pc
Adding component instance block -- xilinx.com:ip:axi_protocol_converter:2.1 - auto_pc
Adding component instance block -- xilinx.com:ip:axi_dwidth_converter:2.1 - auto_us
Successfully read diagram <system> from BD file <C:/Users/yaris/Desktop/AXI_FIFO/AXI_FIFO.srcs/sources_1/bd/system/system.bd>
open_bd_design: Time (s): cpu = 00:00:27 ; elapsed = 00:00:30 . Memory (MB): peak = 1133.258 ; gain = 202.422
update_compile_order -fileset sim_1
reset_run synth_1
launch_runs impl_1 -to_step write_bitstream -jobs 2
[Tue Jul 31 10:32:27 2018] Launched synth_1...
Run output will be captured here: C:/Users/yaris/Desktop/AXI_FIFO/AXI_FIFO.runs/synth_1/runme.log
[Tue Jul 31 10:32:27 2018] Launched impl_1...
Run output will be captured here: C:/Users/yaris/Desktop/AXI_FIFO/AXI_FIFO.runs/impl_1/runme.log
file copy -force C:/Users/yaris/Desktop/AXI_FIFO/AXI_FIFO.runs/impl_1/system_wrapper.sysdef C:/Users/yaris/Desktop/AXI_FIFO/AXI_FIFO.sdk/system_wrapper.hdf

launch_sdk -workspace C:/Users/yaris/Desktop/AXI_FIFO/AXI_FIFO.sdk -hwspec C:/Users/yaris/Desktop/AXI_FIFO/AXI_FIFO.sdk/system_wrapper.hdf
INFO: [Vivado 12-393] Launching SDK...
INFO: [Vivado 12-417] Running xsdk -workspace C:/Users/yaris/Desktop/AXI_FIFO/AXI_FIFO.sdk -hwspec C:/Users/yaris/Desktop/AXI_FIFO/AXI_FIFO.sdk/system_wrapper.hdf
INFO: [Vivado 12-3157] SDK launch initiated. Please check console for any further messages.
update_compile_order -fileset sim_1
reset_run synth_1
launch_runs impl_1 -to_step write_bitstream -jobs 2
[Tue Jul 31 11:54:02 2018] Launched synth_1...
Run output will be captured here: C:/Users/yaris/Desktop/AXI_FIFO/AXI_FIFO.runs/synth_1/runme.log
[Tue Jul 31 11:54:02 2018] Launched impl_1...
Run output will be captured here: C:/Users/yaris/Desktop/AXI_FIFO/AXI_FIFO.runs/impl_1/runme.log
file copy -force C:/Users/yaris/Desktop/AXI_FIFO/AXI_FIFO.runs/impl_1/system_wrapper.sysdef C:/Users/yaris/Desktop/AXI_FIFO/AXI_FIFO.sdk/system_wrapper.hdf

launch_sdk -workspace C:/Users/yaris/Desktop/AXI_FIFO/AXI_FIFO.sdk -hwspec C:/Users/yaris/Desktop/AXI_FIFO/AXI_FIFO.sdk/system_wrapper.hdf
INFO: [Vivado 12-393] Launching SDK...
INFO: [Vivado 12-417] Running xsdk -workspace C:/Users/yaris/Desktop/AXI_FIFO/AXI_FIFO.sdk -hwspec C:/Users/yaris/Desktop/AXI_FIFO/AXI_FIFO.sdk/system_wrapper.hdf
INFO: [Vivado 12-3157] SDK launch initiated. Please check console for any further messages.
can't read "Fifo_Implementation_Warng_1": no such variable
can't read "PARAM_VALUE.ECC_PIPELINE_REG": no such variable
can't read "PARAM_VALUE.ECC_PIPELINE_REG": no such variable
can't read "Fifo_Implementation_Warng_1": no such variable
can't read "Fifo_Implementation_Warng_1": no such variable
can't read "Fifo_Implementation_Warng_1": no such variable
can't read "PARAM_VALUE.ECC_PIPELINE_REG": no such variable
can't read "PARAM_VALUE.ECC_PIPELINE_REG": no such variable
can't read "Fifo_Implementation_Warng_1": no such variable
can't read "Fifo_Implementation_Warng_1": no such variable
exit
INFO: [Common 17-206] Exiting Vivado at Tue Jul 31 13:04:35 2018...
