#-----------------------------------------------------------
# Webtalk v2015.4 (64-bit)
# SW Build 1412921 on Wed Nov 18 09:43:45 MST 2015
# 
# Start of session at: Thu Jul 26 17:10:05 2018
# Process ID: 13676
# Current directory: C:/Users/yaris/Desktop/AXI_FIFO/AXI_FIFO.sdk/webtalk
# Command line: wbtcv.exe -mode batch -source sdk_webtalk.tcl
# Log file: C:/Users/yaris/Desktop/AXI_FIFO/AXI_FIFO.sdk/webtalk/webtalk.log
# Journal file: C:/Users/yaris/Desktop/AXI_FIFO/AXI_FIFO.sdk/webtalk\webtalk.jou
#-----------------------------------------------------------
source sdk_webtalk.tcl
# webtalk_init -webtalk_dir C:\\Users\\yaris\\Desktop\\AXI_FIFO\\AXI_FIFO.sdk\\webtalk
# webtalk_register_client -client project
# webtalk_add_data -client project -key date_generated -value "ÐÇÆÚËÄ ÆßÔÂ 26 17:10:02 2018" -context "software_version_and_target_device"
# webtalk_add_data -client project -key product_version -value "SDK v2015.4" -context "software_version_and_target_device"
# webtalk_add_data -client project -key build_version -value "2015.4" -context "software_version_and_target_device"
# webtalk_add_data -client project -key os_platform -value "amd64" -context "software_version_and_target_device"
# webtalk_add_data -client project -key registration_id -value "" -context "software_version_and_target_device"
# webtalk_add_data -client project -key tool_flow -value "SDK" -context "software_version_and_target_device"
# webtalk_add_data -client project -key beta -value "false" -context "software_version_and_target_device"
# webtalk_add_data -client project -key route_design -value "NA" -context "software_version_and_target_device"
# webtalk_add_data -client project -key target_family -value "NA" -context "software_version_and_target_device"
# webtalk_add_data -client project -key target_device -value "NA" -context "software_version_and_target_device"
# webtalk_add_data -client project -key target_package -value "NA" -context "software_version_and_target_device"
# webtalk_add_data -client project -key target_speed -value "NA" -context "software_version_and_target_device"
# webtalk_add_data -client project -key random_id -value "gtgqrk3uq93c0pfd7gvgpbh45" -context "software_version_and_target_device"
# webtalk_add_data -client project -key project_id -value "2015.4_7" -context "software_version_and_target_device"
# webtalk_add_data -client project -key project_iteration -value "7" -context "software_version_and_target_device"
# webtalk_add_data -client project -key os_name -value "" -context "user_environment"
# webtalk_add_data -client project -key os_release -value "" -context "user_environment"
# webtalk_add_data -client project -key cpu_name -value "" -context "user_environment"
# webtalk_add_data -client project -key cpu_speed -value "" -context "user_environment"
# webtalk_add_data -client project -key total_processors -value "" -context "user_environment"
# webtalk_add_data -client project -key system_ram -value "" -context "user_environment"
# webtalk_register_client -client sdk
# webtalk_add_data -client sdk -key uid -value "1532593950307" -context "sdk\\\\hardware/1532593950307"
# webtalk_add_data -client sdk -key isZynq -value "true" -context "sdk\\\\hardware/1532593950307"
# webtalk_add_data -client sdk -key Processors -value "2" -context "sdk\\\\hardware/1532593950307"
# webtalk_add_data -client sdk -key VivadoVersion -value "2015.4" -context "sdk\\\\hardware/1532593950307"
# webtalk_add_data -client sdk -key Arch -value "zynq" -context "sdk\\\\hardware/1532593950307"
# webtalk_add_data -client sdk -key Device -value "7z010" -context "sdk\\\\hardware/1532593950307"
# webtalk_add_data -client sdk -key IsHandoff -value "true" -context "sdk\\\\hardware/1532593950307"
# webtalk_transmit -clientid 3932569734 -regid "" -xml C:\\Users\\yaris\\Desktop\\AXI_FIFO\\AXI_FIFO.sdk\\webtalk\\usage_statistics_ext_sdk.xml -html C:\\Users\\yaris\\Desktop\\AXI_FIFO\\AXI_FIFO.sdk\\webtalk\\usage_statistics_ext_sdk.html -wdm C:\\Users\\yaris\\Desktop\\AXI_FIFO\\AXI_FIFO.sdk\\webtalk\\sdk_webtalk.wdm -intro "<H3>SDK Usage Report</H3><BR>"
# webtalk_terminate
INFO: [Common 17-206] Exiting Webtalk at Thu Jul 26 17:10:08 2018...
