#-----------------------------------------------------------
# Webtalk v2015.4 (64-bit)
# SW Build 1412921 on Wed Nov 18 09:43:45 MST 2015
# 
# Start of session at: Sun Jul 29 14:11:27 2018
# Process ID: 8056
# Current directory: C:/Users/yaris/Desktop/AXI_FIFO/AXI_FIFO.sdk/webtalk
# Command line: wbtcv.exe -mode batch -source sdk_webtalk.tcl
# Log file: C:/Users/yaris/Desktop/AXI_FIFO/AXI_FIFO.sdk/webtalk/webtalk.log
# Journal file: C:/Users/yaris/Desktop/AXI_FIFO/AXI_FIFO.sdk/webtalk\webtalk.jou
#-----------------------------------------------------------
source sdk_webtalk.tcl
# webtalk_init -webtalk_dir C:\\Users\\yaris\\Desktop\\AXI_FIFO\\AXI_FIFO.sdk\\webtalk
# webtalk_register_client -client project
# webtalk_add_data -client project -key date_generated -value "ÐÇÆÚÈÕ ÆßÔÂ 29 14:11:23 2018" -context "software_version_and_target_device"
# webtalk_add_data -client project -key product_version -value "SDK v2015.4" -context "software_version_and_target_device"
# webtalk_add_data -client project -key build_version -value "2015.4" -context "software_version_and_target_device"
# webtalk_add_data -client project -key os_platform -value "amd64" -context "software_version_and_target_device"
# webtalk_add_data -client project -key registration_id -value "" -context "software_version_and_target_device"
# webtalk_add_data -client project -key tool_flow -value "SDK" -context "software_version_and_target_device"
# webtalk_add_data -client project -key beta -value "false" -context "software_version_and_target_device"
# webtalk_add_data -client project -key route_design -value "NA" -context "software_version_and_target_device"
# webtalk_add_data -client project -key target_family -value "NA" -context "software_version_and_target_device"
# webtalk_add_data -client project -key target_device -value "NA" -context "software_version_and_target_device"
# webtalk_add_data -client project -key target_package -value "NA" -context "software_version_and_target_device"
# webtalk_add_data -client project -key target_speed -value "NA" -context "software_version_and_target_device"
# webtalk_add_data -client project -key random_id -value "6plj147t02fth588jhspdaq7ie" -context "software_version_and_target_device"
# webtalk_add_data -client project -key project_id -value "2015.4_15" -context "software_version_and_target_device"
# webtalk_add_data -client project -key project_iteration -value "15" -context "software_version_and_target_device"
# webtalk_add_data -client project -key os_name -value "" -context "user_environment"
# webtalk_add_data -client project -key os_release -value "" -context "user_environment"
# webtalk_add_data -client project -key cpu_name -value "" -context "user_environment"
# webtalk_add_data -client project -key cpu_speed -value "" -context "user_environment"
# webtalk_add_data -client project -key total_processors -value "" -context "user_environment"
# webtalk_add_data -client project -key system_ram -value "" -context "user_environment"
# webtalk_register_client -client sdk
# webtalk_add_data -client sdk -key uid -value "1532844311322" -context "sdk\\\\bsp/1532844311322"
# webtalk_add_data -client sdk -key hwid -value "1532593950307" -context "sdk\\\\bsp/1532844311322"
# webtalk_add_data -client sdk -key os -value "standalone" -context "sdk\\\\bsp/1532844311322"
# webtalk_add_data -client sdk -key apptemplate -value "empty_application" -context "sdk\\\\bsp/1532844311322"
# webtalk_add_data -client sdk -key uid -value "1532844314958" -context "sdk\\\\application/1532844314958"
# webtalk_add_data -client sdk -key hwid -value "1532593950307" -context "sdk\\\\application/1532844314958"
# webtalk_add_data -client sdk -key bspid -value "1532844311322" -context "sdk\\\\application/1532844314958"
# webtalk_add_data -client sdk -key newbsp -value "true" -context "sdk\\\\application/1532844314958"
# webtalk_add_data -client sdk -key os -value "standalone" -context "sdk\\\\application/1532844314958"
# webtalk_add_data -client sdk -key apptemplate -value "empty_application" -context "sdk\\\\application/1532844314958"
# webtalk_transmit -clientid 4251389386 -regid "" -xml C:\\Users\\yaris\\Desktop\\AXI_FIFO\\AXI_FIFO.sdk\\webtalk\\usage_statistics_ext_sdk.xml -html C:\\Users\\yaris\\Desktop\\AXI_FIFO\\AXI_FIFO.sdk\\webtalk\\usage_statistics_ext_sdk.html -wdm C:\\Users\\yaris\\Desktop\\AXI_FIFO\\AXI_FIFO.sdk\\webtalk\\sdk_webtalk.wdm -intro "<H3>SDK Usage Report</H3><BR>"
# webtalk_terminate
INFO: [Common 17-206] Exiting Webtalk at Sun Jul 29 14:11:30 2018...
